<?xml version="1.0" encoding="UTF-8"?>
<testsuite xmlns:xsi="http://www.w3.org/2001/XMLSchema-instance" xsi:noNamespaceSchemaLocation="https://maven.apache.org/surefire/maven-surefire-plugin/xsd/surefire-test-report-3.0.xsd" version="3.0" name="com.ensam.projet.controller.UserControllerIntegrationTest" time="13.824" tests="9" errors="0" skipped="0" failures="0">
  <properties>
[...]
</properties>
  <testcase name="shouldReturn403WhenUserTriesToDeleteAnotherUser" classname="com.ensam.projet.controller.UserControllerIntegrationTest" time="1.491">
    <system-out><![CDATA[2026-06-10T00:21:34.655+01:00  INFO 25669 --- [ensam-bibliotheque] [           main] t.c.s.AnnotationConfigContextLoaderUtils : Could not detect default configuration classes for test class [com.ensam.projet.controller.UserControllerIntegrationTest]: UserControllerIntegrationTest does not declare any static, non-private, non-final, nested classes annotated with @Configuration.
2026-06-10T00:21:34.661+01:00  INFO 25669 --- [ensam-bibliotheque] [           main] .b.t.c.SpringBootTestContextBootstrapper : Found @SpringBootConfiguration com.ensam.projet.ProjetApplication for test class com.ensam.projet.controller.UserControllerIntegrationTest

  .   ____          _            __ _ _
 /\\ / ___'_ __ _ _(_)_ __  __ _ \ \ \ \
( ( )\___ | '_ | '_| | '_ \/ _` | \ \ \ \
 \\/  ___)| |_)| | | | | || (_| |  ) ) ) )
  '  |____| .__|_| |_|_| |_\__, | / / / /
 =========|_|==============|___/=/_/_/_/
 :: Spring Boot ::                (v3.2.2)

2026-06-10T00:21:34.716+01:00  INFO 25669 --- [ensam-bibliotheque] [           main] c.e.p.c.UserControllerIntegrationTest    : Starting UserControllerIntegrationTest using Java 21.0.11 with PID 25669 (started by yass in /home/yass/S8/JEE/project/JEE-Project/backend)
2026-06-10T00:21:34.717+01:00  INFO 25669 --- [ensam-bibliotheque] [           main] c.e.p.c.UserControllerIntegrationTest    : No active profile set, falling back to 1 default profile: "default"
2026-06-10T00:21:34.984+01:00  INFO 25669 --- [ensam-bibliotheque] [           main] .s.d.r.c.RepositoryConfigurationDelegate : Bootstrapping Spring Data JPA repositories in DEFAULT mode.
2026-06-10T00:21:35.006+01:00  INFO 25669 --- [ensam-bibliotheque] [           main] .s.d.r.c.RepositoryConfigurationDelegate : Finished Spring Data repository scanning in 22 ms. Found 6 JPA repository interfaces.
2026-06-10T00:21:35.264+01:00  INFO 25669 --- [ensam-bibliotheque] [           main] o.hibernate.jpa.internal.util.LogHelper  : HHH000204: Processing PersistenceUnitInfo [name: default]
2026-06-10T00:21:35.267+01:00  INFO 25669 --- [ensam-bibliotheque] [           main] o.h.c.internal.RegionFactoryInitiator    : HHH000026: Second-level cache disabled
2026-06-10T00:21:35.271+01:00  INFO 25669 --- [ensam-bibliotheque] [           main] o.s.o.j.p.SpringPersistenceUnitInfo      : No LoadTimeWeaver setup: ignoring JPA class transformer
2026-06-10T00:21:35.272+01:00  INFO 25669 --- [ensam-bibliotheque] [           main] com.zaxxer.hikari.HikariDataSource       : HikariPool-8 - Starting...
2026-06-10T00:21:35.277+01:00  INFO 25669 --- [ensam-bibliotheque] [           main] com.zaxxer.hikari.pool.HikariPool        : HikariPool-8 - Added connection conn70: url=jdbc:h2:mem:usercontrollerdb user=${SPRING_DATASOURCE_USERNAME}
2026-06-10T00:21:35.278+01:00  INFO 25669 --- [ensam-bibliotheque] [           main] com.zaxxer.hikari.HikariDataSource       : HikariPool-8 - Start completed.
2026-06-10T00:21:35.278+01:00  WARN 25669 --- [ensam-bibliotheque] [           main] org.hibernate.orm.deprecation            : HHH90000025: H2Dialect does not need to be specified explicitly using 'hibernate.dialect' (remove the property setting and it will be selected by default)
2026-06-10T00:21:35.481+01:00  INFO 25669 --- [ensam-bibliotheque] [           main] o.h.e.t.j.p.i.JtaPlatformInitiator       : HHH000489: No JTA platform available (set 'hibernate.transaction.jta.platform' to enable JTA platform integration)
Hibernate: 
    drop table if exists book_categories cascade 
Hibernate: 
    drop table if exists books cascade 
Hibernate: 
    drop table if exists categories cascade 
Hibernate: 
    drop table if exists loan_details cascade 
Hibernate: 
    drop table if exists loans cascade 
Hibernate: 
    drop table if exists roles cascade 
Hibernate: 
    drop table if exists user_roles cascade 
Hibernate: 
    drop table if exists users cascade 
Hibernate: 
    create table book_categories (
        book_id bigint not null,
        category_id bigint not null,
        primary key (book_id, category_id)
    )
Hibernate: 
    create table books (
        published_date date,
        stock integer check (stock>=0),
        created_at timestamp(6),
        id bigint generated by default as identity,
        updated_at timestamp(6),
        version bigint,
        author varchar(255),
        description TEXT,
        isbn varchar(255) unique,
        title varchar(255),
        primary key (id)
    )
Hibernate: 
    create table categories (
        id bigint generated by default as identity,
        color varchar(255),
        description varchar(255),
        name varchar(255),
        primary key (id),
        unique (name)
    )
Hibernate: 
    create table loan_details (
        renewal_count integer,
        id bigint generated by default as identity,
        loan_id bigint unique,
        itemcondition varchar(255),
        notes TEXT,
        returned_by varchar(255),
        primary key (id)
    )
Hibernate: 
    create table loans (
        actual_return_date date,
        expected_return_date date,
        loan_date date,
        book_id bigint not null,
        id bigint generated by default as identity,
        user_id bigint not null,
        status varchar(255) check (status in ('PENDING','ACTIVE','RETURNED','OVERDUE')),
        primary key (id)
    )
Hibernate: 
    create table roles (
        id bigint generated by default as identity,
        name varchar(255) not null unique check (name in ('ROLE_ADMIN','ROLE_MANAGER','ROLE_USER')),
        primary key (id)
    )
Hibernate: 
    create table user_roles (
        role_id bigint not null,
        user_id bigint not null,
        primary key (role_id, user_id)
    )
Hibernate: 
    create table users (
        enabled boolean not null,
        created_at timestamp(6),
        id bigint generated by default as identity,
        email varchar(255),
        password varchar(255),
        username varchar(255),
        primary key (id),
        unique (username),
        unique (email)
    )
Hibernate: 
    alter table if exists book_categories 
       add constraint FKrg2xlmc92mm2y5b1wmhd2g0y0 
       foreign key (category_id) 
       references categories
Hibernate: 
    alter table if exists book_categories 
       add constraint FK3k3ahp5vqlgmrr9swqqprmbxy 
       foreign key (book_id) 
       references books
Hibernate: 
    alter table if exists loan_details 
       add constraint FK88pnqx3jyyvpat4gcn5rmaxji 
       foreign key (loan_id) 
       references loans
Hibernate: 
    alter table if exists loans 
       add constraint FKokwvlrv6o4i4h3le3bwhe6kie 
       foreign key (book_id) 
       references books
Hibernate: 
    alter table if exists loans 
       add constraint FK6xxlcjc0rqtn5nq28vjnx5t9d 
       foreign key (user_id) 
       references users
Hibernate: 
    alter table if exists user_roles 
       add constraint FKh8ciramu9cc9q3qcqiv4ue8a6 
       foreign key (role_id) 
       references roles
Hibernate: 
    alter table if exists user_roles 
       add constraint FKhfh9dx7w3ubf1co1vdev94g3f 
       foreign key (user_id) 
       references users
2026-06-10T00:21:35.519+01:00  INFO 25669 --- [ensam-bibliotheque] [           main] j.LocalContainerEntityManagerFactoryBean : Initialized JPA EntityManagerFactory for persistence unit 'default'
2026-06-10T00:21:35.835+01:00  WARN 25669 --- [ensam-bibliotheque] [           main] JpaBaseConfiguration$JpaWebConfiguration : spring.jpa.open-in-view is enabled by default. Therefore, database queries may be performed during view rendering. Explicitly configure spring.jpa.open-in-view to disable this warning
2026-06-10T00:21:35.962+01:00  INFO 25669 --- [ensam-bibliotheque] [           main] o.s.s.web.DefaultSecurityFilterChain     : Will secure any request with [org.springframework.security.web.session.DisableEncodeUrlFilter@55ba6630, org.springframework.security.web.context.request.async.WebAsyncManagerIntegrationFilter@2c8e969e, org.springframework.security.web.context.SecurityContextHolderFilter@24130c18, org.springframework.security.web.header.HeaderWriterFilter@56864111, org.springframework.web.filter.CorsFilter@1c5ee09b, org.springframework.security.web.authentication.logout.LogoutFilter@5bf4472e, com.ensam.projet.security.JwtAuthFilter@20da193a, org.springframework.security.web.savedrequest.RequestCacheAwareFilter@f7f1480, org.springframework.security.web.servletapi.SecurityContextHolderAwareRequestFilter@6b1552b7, org.springframework.security.web.authentication.AnonymousAuthenticationFilter@4420e668, org.springframework.security.web.session.SessionManagementFilter@48a89141, org.springframework.security.web.access.ExceptionTranslationFilter@61d943d1, org.springframework.security.web.access.intercept.AuthorizationFilter@6d19fc02]
2026-06-10T00:21:36.192+01:00  INFO 25669 --- [ensam-bibliotheque] [           main] o.s.b.t.m.w.SpringBootMockServletContext : Initializing Spring TestDispatcherServlet ''
2026-06-10T00:21:36.193+01:00  INFO 25669 --- [ensam-bibliotheque] [           main] o.s.t.web.servlet.TestDispatcherServlet  : Initializing Servlet ''
2026-06-10T00:21:36.194+01:00  INFO 25669 --- [ensam-bibliotheque] [           main] o.s.t.web.servlet.TestDispatcherServlet  : Completed initialization in 1 ms
2026-06-10T00:21:36.203+01:00  INFO 25669 --- [ensam-bibliotheque] [           main] o.s.m.s.b.SimpleBrokerMessageHandler     : Starting...
2026-06-10T00:21:36.204+01:00  INFO 25669 --- [ensam-bibliotheque] [           main] o.s.m.s.b.SimpleBrokerMessageHandler     : BrokerAvailabilityEvent[available=true, SimpleBrokerMessageHandler [org.springframework.messaging.simp.broker.DefaultSubscriptionRegistry@3683bf4f]]
2026-06-10T00:21:36.204+01:00  INFO 25669 --- [ensam-bibliotheque] [           main] o.s.m.s.b.SimpleBrokerMessageHandler     : Started.
2026-06-10T00:21:36.211+01:00  INFO 25669 --- [ensam-bibliotheque] [           main] c.e.p.c.UserControllerIntegrationTest    : Started UserControllerIntegrationTest in 1.541 seconds (process running for 49.701)
2026-06-10T00:21:36.218+01:00  INFO 25669 --- [ensam-bibliotheque] [           main] o.s.m.s.b.SimpleBrokerMessageHandler     : Stopping...
2026-06-10T00:21:36.218+01:00  INFO 25669 --- [ensam-bibliotheque] [           main] o.s.m.s.b.SimpleBrokerMessageHandler     : BrokerAvailabilityEvent[available=false, SimpleBrokerMessageHandler [org.springframework.messaging.simp.broker.DefaultSubscriptionRegistry@3683bf4f]]
2026-06-10T00:21:36.218+01:00  INFO 25669 --- [ensam-bibliotheque] [           main] o.s.m.s.b.SimpleBrokerMessageHandler     : Stopped.
2026-06-10T00:21:36.221+01:00  INFO 25669 --- [ensam-bibliotheque] [           main] j.LocalContainerEntityManagerFactoryBean : Closing JPA EntityManagerFactory for persistence unit 'default'
Hibernate: 
    drop table if exists book_categories cascade 
Hibernate: 
    drop table if exists books cascade 
Hibernate: 
    drop table if exists categories cascade 
Hibernate: 
    drop table if exists loan_details cascade 
Hibernate: 
    drop table if exists loans cascade 
Hibernate: 
    drop table if exists roles cascade 
Hibernate: 
    drop table if exists user_roles cascade 
Hibernate: 
    drop table if exists users cascade 
2026-06-10T00:21:36.231+01:00  INFO 25669 --- [ensam-bibliotheque] [           main] com.zaxxer.hikari.HikariDataSource       : HikariPool-8 - Shutdown initiated...
2026-06-10T00:21:36.232+01:00  INFO 25669 --- [ensam-bibliotheque] [           main] com.zaxxer.hikari.HikariDataSource       : HikariPool-8 - Shutdown completed.

  .   ____          _            __ _ _
 /\\ / ___'_ __ _ _(_)_ __  __ _ \ \ \ \
( ( )\___ | '_ | '_| | '_ \/ _` | \ \ \ \
 \\/  ___)| |_)| | | | | || (_| |  ) ) ) )
  '  |____| .__|_| |_|_| |_\__, | / / / /
 =========|_|==============|___/=/_/_/_/
 :: Spring Boot ::                (v3.2.2)

2026-06-10T00:21:36.276+01:00  INFO 25669 --- [ensam-bibliotheque] [           main] c.e.p.c.UserControllerIntegrationTest    : Starting UserControllerIntegrationTest using Java 21.0.11 with PID 25669 (started by yass in /home/yass/S8/JEE/project/JEE-Project/backend)
2026-06-10T00:21:36.277+01:00  INFO 25669 --- [ensam-bibliotheque] [           main] c.e.p.c.UserControllerIntegrationTest    : No active profile set, falling back to 1 default profile: "default"
2026-06-10T00:21:36.520+01:00  INFO 25669 --- [ensam-bibliotheque] [           main] .s.d.r.c.RepositoryConfigurationDelegate : Bootstrapping Spring Data JPA repositories in DEFAULT mode.
2026-06-10T00:21:36.542+01:00  INFO 25669 --- [ensam-bibliotheque] [           main] .s.d.r.c.RepositoryConfigurationDelegate : Finished Spring Data repository scanning in 21 ms. Found 6 JPA repository interfaces.
2026-06-10T00:21:36.679+01:00  INFO 25669 --- [ensam-bibliotheque] [           main] o.hibernate.jpa.internal.util.LogHelper  : HHH000204: Processing PersistenceUnitInfo [name: default]
2026-06-10T00:21:36.683+01:00  INFO 25669 --- [ensam-bibliotheque] [           main] o.h.c.internal.RegionFactoryInitiator    : HHH000026: Second-level cache disabled
2026-06-10T00:21:36.687+01:00  INFO 25669 --- [ensam-bibliotheque] [           main] o.s.o.j.p.SpringPersistenceUnitInfo      : No LoadTimeWeaver setup: ignoring JPA class transformer
2026-06-10T00:21:36.688+01:00  INFO 25669 --- [ensam-bibliotheque] [           main] com.zaxxer.hikari.HikariDataSource       : HikariPool-9 - Starting...
2026-06-10T00:21:36.689+01:00  INFO 25669 --- [ensam-bibliotheque] [           main] com.zaxxer.hikari.pool.HikariPool        : HikariPool-9 - Added connection conn80: url=jdbc:h2:mem:usercontrollerdb user=${SPRING_DATASOURCE_USERNAME}
2026-06-10T00:21:36.690+01:00  INFO 25669 --- [ensam-bibliotheque] [           main] com.zaxxer.hikari.HikariDataSource       : HikariPool-9 - Start completed.
2026-06-10T00:21:36.691+01:00  WARN 25669 --- [ensam-bibliotheque] [           main] org.hibernate.orm.deprecation            : HHH90000025: H2Dialect does not need to be specified explicitly using 'hibernate.dialect' (remove the property setting and it will be selected by default)
2026-06-10T00:21:36.886+01:00  INFO 25669 --- [ensam-bibliotheque] [           main] o.h.e.t.j.p.i.JtaPlatformInitiator       : HHH000489: No JTA platform available (set 'hibernate.transaction.jta.platform' to enable JTA platform integration)
Hibernate: 
    drop table if exists book_categories cascade 
Hibernate: 
    drop table if exists books cascade 
Hibernate: 
    drop table if exists categories cascade 
Hibernate: 
    drop table if exists loan_details cascade 
Hibernate: 
    drop table if exists loans cascade 
Hibernate: 
    drop table if exists roles cascade 
Hibernate: 
    drop table if exists user_roles cascade 
Hibernate: 
    drop table if exists users cascade 
Hibernate: 
    create table book_categories (
        book_id bigint not null,
        category_id bigint not null,
        primary key (book_id, category_id)
    )
Hibernate: 
    create table books (
        published_date date,
        stock integer check (stock>=0),
        created_at timestamp(6),
        id bigint generated by default as identity,
        updated_at timestamp(6),
        version bigint,
        author varchar(255),
        description TEXT,
        isbn varchar(255) unique,
        title varchar(255),
        primary key (id)
    )
Hibernate: 
    create table categories (
        id bigint generated by default as identity,
        color varchar(255),
        description varchar(255),
        name varchar(255),
        primary key (id),
        unique (name)
    )
Hibernate: 
    create table loan_details (
        renewal_count integer,
        id bigint generated by default as identity,
        loan_id bigint unique,
        itemcondition varchar(255),
        notes TEXT,
        returned_by varchar(255),
        primary key (id)
    )
Hibernate: 
    create table loans (
        actual_return_date date,
        expected_return_date date,
        loan_date date,
        book_id bigint not null,
        id bigint generated by default as identity,
        user_id bigint not null,
        status varchar(255) check (status in ('PENDING','ACTIVE','RETURNED','OVERDUE')),
        primary key (id)
    )
Hibernate: 
    create table roles (
        id bigint generated by default as identity,
        name varchar(255) not null unique check (name in ('ROLE_ADMIN','ROLE_MANAGER','ROLE_USER')),
        primary key (id)
    )
Hibernate: 
    create table user_roles (
        role_id bigint not null,
        user_id bigint not null,
        primary key (role_id, user_id)
    )
Hibernate: 
    create table users (
        enabled boolean not null,
        created_at timestamp(6),
        id bigint generated by default as identity,
        email varchar(255),
        password varchar(255),
        username varchar(255),
        primary key (id),
        unique (username),
        unique (email)
    )
Hibernate: 
    alter table if exists book_categories 
       add constraint FKrg2xlmc92mm2y5b1wmhd2g0y0 
       foreign key (category_id) 
       references categories
Hibernate: 
    alter table if exists book_categories 
       add constraint FK3k3ahp5vqlgmrr9swqqprmbxy 
       foreign key (book_id) 
       references books
Hibernate: 
    alter table if exists loan_details 
       add constraint FK88pnqx3jyyvpat4gcn5rmaxji 
       foreign key (loan_id) 
       references loans
Hibernate: 
    alter table if exists loans 
       add constraint FKokwvlrv6o4i4h3le3bwhe6kie 
       foreign key (book_id) 
       references books
Hibernate: 
    alter table if exists loans 
       add constraint FK6xxlcjc0rqtn5nq28vjnx5t9d 
       foreign key (user_id) 
       references users
Hibernate: 
    alter table if exists user_roles 
       add constraint FKh8ciramu9cc9q3qcqiv4ue8a6 
       foreign key (role_id) 
       references roles
Hibernate: 
    alter table if exists user_roles 
       add constraint FKhfh9dx7w3ubf1co1vdev94g3f 
       foreign key (user_id) 
       references users
2026-06-10T00:21:36.919+01:00  INFO 25669 --- [ensam-bibliotheque] [           main] j.LocalContainerEntityManagerFactoryBean : Initialized JPA EntityManagerFactory for persistence unit 'default'
2026-06-10T00:21:37.315+01:00  WARN 25669 --- [ensam-bibliotheque] [           main] JpaBaseConfiguration$JpaWebConfiguration : spring.jpa.open-in-view is enabled by default. Therefore, database queries may be performed during view rendering. Explicitly configure spring.jpa.open-in-view to disable this warning
2026-06-10T00:21:37.429+01:00  INFO 25669 --- [ensam-bibliotheque] [           main] o.s.s.web.DefaultSecurityFilterChain     : Will secure any request with [org.springframework.security.web.session.DisableEncodeUrlFilter@2e6ef0a6, org.springframework.security.web.context.request.async.WebAsyncManagerIntegrationFilter@208ae029, org.springframework.security.web.context.SecurityContextHolderFilter@2bcf8d3, org.springframework.security.web.header.HeaderWriterFilter@70266f04, org.springframework.web.filter.CorsFilter@18b4140b, org.springframework.security.web.authentication.logout.LogoutFilter@1653072d, com.ensam.projet.security.JwtAuthFilter@1ac26723, org.springframework.security.web.savedrequest.RequestCacheAwareFilter@419fe75d, org.springframework.security.web.servletapi.SecurityContextHolderAwareRequestFilter@282ee25, org.springframework.security.web.authentication.AnonymousAuthenticationFilter@4d52568a, org.springframework.security.web.session.SessionManagementFilter@1bad5250, org.springframework.security.web.access.ExceptionTranslationFilter@2d9ddfb6, org.springframework.security.web.access.intercept.AuthorizationFilter@3dae9f4f]
2026-06-10T00:21:37.658+01:00  INFO 25669 --- [ensam-bibliotheque] [           main] o.s.b.t.m.w.SpringBootMockServletContext : Initializing Spring TestDispatcherServlet ''
2026-06-10T00:21:37.659+01:00  INFO 25669 --- [ensam-bibliotheque] [           main] o.s.t.web.servlet.TestDispatcherServlet  : Initializing Servlet ''
2026-06-10T00:21:37.659+01:00  INFO 25669 --- [ensam-bibliotheque] [           main] o.s.t.web.servlet.TestDispatcherServlet  : Completed initialization in 0 ms
2026-06-10T00:21:37.667+01:00  INFO 25669 --- [ensam-bibliotheque] [           main] o.s.m.s.b.SimpleBrokerMessageHandler     : Starting...
2026-06-10T00:21:37.667+01:00  INFO 25669 --- [ensam-bibliotheque] [           main] o.s.m.s.b.SimpleBrokerMessageHandler     : BrokerAvailabilityEvent[available=true, SimpleBrokerMessageHandler [org.springframework.messaging.simp.broker.DefaultSubscriptionRegistry@55381497]]
2026-06-10T00:21:37.668+01:00  INFO 25669 --- [ensam-bibliotheque] [           main] o.s.m.s.b.SimpleBrokerMessageHandler     : Started.
2026-06-10T00:21:37.674+01:00  INFO 25669 --- [ensam-bibliotheque] [           main] c.e.p.c.UserControllerIntegrationTest    : Started UserControllerIntegrationTest in 1.439 seconds (process running for 51.165)
]]></system-out>
  </testcase>
  <testcase name="shouldGetAllUsersForAdmin" classname="com.ensam.projet.controller.UserControllerIntegrationTest" time="1.349">
    <system-out><![CDATA[2026-06-10T00:21:37.711+01:00  INFO 25669 --- [ensam-bibliotheque] [           main] o.s.m.s.b.SimpleBrokerMessageHandler     : Stopping...
2026-06-10T00:21:37.711+01:00  INFO 25669 --- [ensam-bibliotheque] [           main] o.s.m.s.b.SimpleBrokerMessageHandler     : BrokerAvailabilityEvent[available=false, SimpleBrokerMessageHandler [org.springframework.messaging.simp.broker.DefaultSubscriptionRegistry@55381497]]
2026-06-10T00:21:37.711+01:00  INFO 25669 --- [ensam-bibliotheque] [           main] o.s.m.s.b.SimpleBrokerMessageHandler     : Stopped.
2026-06-10T00:21:37.714+01:00  INFO 25669 --- [ensam-bibliotheque] [           main] j.LocalContainerEntityManagerFactoryBean : Closing JPA EntityManagerFactory for persistence unit 'default'
Hibernate: 
    drop table if exists book_categories cascade 
Hibernate: 
    drop table if exists books cascade 
Hibernate: 
    drop table if exists categories cascade 
Hibernate: 
    drop table if exists loan_details cascade 
Hibernate: 
    drop table if exists loans cascade 
Hibernate: 
    drop table if exists roles cascade 
Hibernate: 
    drop table if exists user_roles cascade 
Hibernate: 
    drop table if exists users cascade 
2026-06-10T00:21:37.724+01:00  INFO 25669 --- [ensam-bibliotheque] [           main] com.zaxxer.hikari.HikariDataSource       : HikariPool-9 - Shutdown initiated...
2026-06-10T00:21:37.726+01:00  INFO 25669 --- [ensam-bibliotheque] [           main] com.zaxxer.hikari.HikariDataSource       : HikariPool-9 - Shutdown completed.

  .   ____          _            __ _ _
 /\\ / ___'_ __ _ _(_)_ __  __ _ \ \ \ \
( ( )\___ | '_ | '_| | '_ \/ _` | \ \ \ \
 \\/  ___)| |_)| | | | | || (_| |  ) ) ) )
  '  |____| .__|_| |_|_| |_\__, | / / / /
 =========|_|==============|___/=/_/_/_/
 :: Spring Boot ::                (v3.2.2)

2026-06-10T00:21:37.759+01:00  INFO 25669 --- [ensam-bibliotheque] [           main] c.e.p.c.UserControllerIntegrationTest    : Starting UserControllerIntegrationTest using Java 21.0.11 with PID 25669 (started by yass in /home/yass/S8/JEE/project/JEE-Project/backend)
2026-06-10T00:21:37.760+01:00  INFO 25669 --- [ensam-bibliotheque] [           main] c.e.p.c.UserControllerIntegrationTest    : No active profile set, falling back to 1 default profile: "default"
2026-06-10T00:21:37.981+01:00  INFO 25669 --- [ensam-bibliotheque] [           main] .s.d.r.c.RepositoryConfigurationDelegate : Bootstrapping Spring Data JPA repositories in DEFAULT mode.
2026-06-10T00:21:38.000+01:00  INFO 25669 --- [ensam-bibliotheque] [           main] .s.d.r.c.RepositoryConfigurationDelegate : Finished Spring Data repository scanning in 17 ms. Found 6 JPA repository interfaces.
2026-06-10T00:21:38.120+01:00  INFO 25669 --- [ensam-bibliotheque] [           main] o.hibernate.jpa.internal.util.LogHelper  : HHH000204: Processing PersistenceUnitInfo [name: default]
2026-06-10T00:21:38.123+01:00  INFO 25669 --- [ensam-bibliotheque] [           main] o.h.c.internal.RegionFactoryInitiator    : HHH000026: Second-level cache disabled
2026-06-10T00:21:38.128+01:00  INFO 25669 --- [ensam-bibliotheque] [           main] o.s.o.j.p.SpringPersistenceUnitInfo      : No LoadTimeWeaver setup: ignoring JPA class transformer
2026-06-10T00:21:38.129+01:00  INFO 25669 --- [ensam-bibliotheque] [           main] com.zaxxer.hikari.HikariDataSource       : HikariPool-10 - Starting...
2026-06-10T00:21:38.131+01:00  INFO 25669 --- [ensam-bibliotheque] [           main] com.zaxxer.hikari.pool.HikariPool        : HikariPool-10 - Added connection conn90: url=jdbc:h2:mem:usercontrollerdb user=${SPRING_DATASOURCE_USERNAME}
2026-06-10T00:21:38.131+01:00  INFO 25669 --- [ensam-bibliotheque] [           main] com.zaxxer.hikari.HikariDataSource       : HikariPool-10 - Start completed.
2026-06-10T00:21:38.131+01:00  WARN 25669 --- [ensam-bibliotheque] [           main] org.hibernate.orm.deprecation            : HHH90000025: H2Dialect does not need to be specified explicitly using 'hibernate.dialect' (remove the property setting and it will be selected by default)
2026-06-10T00:21:38.326+01:00  INFO 25669 --- [ensam-bibliotheque] [           main] o.h.e.t.j.p.i.JtaPlatformInitiator       : HHH000489: No JTA platform available (set 'hibernate.transaction.jta.platform' to enable JTA platform integration)
Hibernate: 
    drop table if exists book_categories cascade 
Hibernate: 
    drop table if exists books cascade 
Hibernate: 
    drop table if exists categories cascade 
Hibernate: 
    drop table if exists loan_details cascade 
Hibernate: 
    drop table if exists loans cascade 
Hibernate: 
    drop table if exists roles cascade 
Hibernate: 
    drop table if exists user_roles cascade 
Hibernate: 
    drop table if exists users cascade 
Hibernate: 
    create table book_categories (
        book_id bigint not null,
        category_id bigint not null,
        primary key (book_id, category_id)
    )
Hibernate: 
    create table books (
        published_date date,
        stock integer check (stock>=0),
        created_at timestamp(6),
        id bigint generated by default as identity,
        updated_at timestamp(6),
        version bigint,
        author varchar(255),
        description TEXT,
        isbn varchar(255) unique,
        title varchar(255),
        primary key (id)
    )
Hibernate: 
    create table categories (
        id bigint generated by default as identity,
        color varchar(255),
        description varchar(255),
        name varchar(255),
        primary key (id),
        unique (name)
    )
Hibernate: 
    create table loan_details (
        renewal_count integer,
        id bigint generated by default as identity,
        loan_id bigint unique,
        itemcondition varchar(255),
        notes TEXT,
        returned_by varchar(255),
        primary key (id)
    )
Hibernate: 
    create table loans (
        actual_return_date date,
        expected_return_date date,
        loan_date date,
        book_id bigint not null,
        id bigint generated by default as identity,
        user_id bigint not null,
        status varchar(255) check (status in ('PENDING','ACTIVE','RETURNED','OVERDUE')),
        primary key (id)
    )
Hibernate: 
    create table roles (
        id bigint generated by default as identity,
        name varchar(255) not null unique check (name in ('ROLE_ADMIN','ROLE_MANAGER','ROLE_USER')),
        primary key (id)
    )
Hibernate: 
    create table user_roles (
        role_id bigint not null,
        user_id bigint not null,
        primary key (role_id, user_id)
    )
Hibernate: 
    create table users (
        enabled boolean not null,
        created_at timestamp(6),
        id bigint generated by default as identity,
        email varchar(255),
        password varchar(255),
        username varchar(255),
        primary key (id),
        unique (username),
        unique (email)
    )
Hibernate: 
    alter table if exists book_categories 
       add constraint FKrg2xlmc92mm2y5b1wmhd2g0y0 
       foreign key (category_id) 
       references categories
Hibernate: 
    alter table if exists book_categories 
       add constraint FK3k3ahp5vqlgmrr9swqqprmbxy 
       foreign key (book_id) 
       references books
Hibernate: 
    alter table if exists loan_details 
       add constraint FK88pnqx3jyyvpat4gcn5rmaxji 
       foreign key (loan_id) 
       references loans
Hibernate: 
    alter table if exists loans 
       add constraint FKokwvlrv6o4i4h3le3bwhe6kie 
       foreign key (book_id) 
       references books
Hibernate: 
    alter table if exists loans 
       add constraint FK6xxlcjc0rqtn5nq28vjnx5t9d 
       foreign key (user_id) 
       references users
Hibernate: 
    alter table if exists user_roles 
       add constraint FKh8ciramu9cc9q3qcqiv4ue8a6 
       foreign key (role_id) 
       references roles
Hibernate: 
    alter table if exists user_roles 
       add constraint FKhfh9dx7w3ubf1co1vdev94g3f 
       foreign key (user_id) 
       references users
2026-06-10T00:21:38.356+01:00  INFO 25669 --- [ensam-bibliotheque] [           main] j.LocalContainerEntityManagerFactoryBean : Initialized JPA EntityManagerFactory for persistence unit 'default'
2026-06-10T00:21:38.677+01:00  WARN 25669 --- [ensam-bibliotheque] [           main] JpaBaseConfiguration$JpaWebConfiguration : spring.jpa.open-in-view is enabled by default. Therefore, database queries may be performed during view rendering. Explicitly configure spring.jpa.open-in-view to disable this warning
2026-06-10T00:21:38.781+01:00  INFO 25669 --- [ensam-bibliotheque] [           main] o.s.s.web.DefaultSecurityFilterChain     : Will secure any request with [org.springframework.security.web.session.DisableEncodeUrlFilter@4dee9271, org.springframework.security.web.context.request.async.WebAsyncManagerIntegrationFilter@37e9a933, org.springframework.security.web.context.SecurityContextHolderFilter@26b8f1fd, org.springframework.security.web.header.HeaderWriterFilter@7db6c867, org.springframework.web.filter.CorsFilter@1bbc229e, org.springframework.security.web.authentication.logout.LogoutFilter@5c04df20, com.ensam.projet.security.JwtAuthFilter@52918d8b, org.springframework.security.web.savedrequest.RequestCacheAwareFilter@899f6b4, org.springframework.security.web.servletapi.SecurityContextHolderAwareRequestFilter@43a7e230, org.springframework.security.web.authentication.AnonymousAuthenticationFilter@51929c22, org.springframework.security.web.session.SessionManagementFilter@6d726f2d, org.springframework.security.web.access.ExceptionTranslationFilter@766b0c82, org.springframework.security.web.access.intercept.AuthorizationFilter@67a5797d]
2026-06-10T00:21:39.001+01:00  INFO 25669 --- [ensam-bibliotheque] [           main] o.s.b.t.m.w.SpringBootMockServletContext : Initializing Spring TestDispatcherServlet ''
2026-06-10T00:21:39.002+01:00  INFO 25669 --- [ensam-bibliotheque] [           main] o.s.t.web.servlet.TestDispatcherServlet  : Initializing Servlet ''
2026-06-10T00:21:39.003+01:00  INFO 25669 --- [ensam-bibliotheque] [           main] o.s.t.web.servlet.TestDispatcherServlet  : Completed initialization in 1 ms
2026-06-10T00:21:39.012+01:00  INFO 25669 --- [ensam-bibliotheque] [           main] o.s.m.s.b.SimpleBrokerMessageHandler     : Starting...
2026-06-10T00:21:39.012+01:00  INFO 25669 --- [ensam-bibliotheque] [           main] o.s.m.s.b.SimpleBrokerMessageHandler     : BrokerAvailabilityEvent[available=true, SimpleBrokerMessageHandler [org.springframework.messaging.simp.broker.DefaultSubscriptionRegistry@60a4886f]]
2026-06-10T00:21:39.012+01:00  INFO 25669 --- [ensam-bibliotheque] [           main] o.s.m.s.b.SimpleBrokerMessageHandler     : Started.
2026-06-10T00:21:39.027+01:00  INFO 25669 --- [ensam-bibliotheque] [           main] c.e.p.c.UserControllerIntegrationTest    : Started UserControllerIntegrationTest in 1.299 seconds (process running for 52.518)
]]></system-out>
  </testcase>
  <testcase name="shouldDeleteUserSuccessfullyWhenAdmin" classname="com.ensam.projet.controller.UserControllerIntegrationTest" time="1.344">
    <system-out><![CDATA[2026-06-10T00:21:39.062+01:00  INFO 25669 --- [ensam-bibliotheque] [           main] o.s.m.s.b.SimpleBrokerMessageHandler     : Stopping...
2026-06-10T00:21:39.062+01:00  INFO 25669 --- [ensam-bibliotheque] [           main] o.s.m.s.b.SimpleBrokerMessageHandler     : BrokerAvailabilityEvent[available=false, SimpleBrokerMessageHandler [org.springframework.messaging.simp.broker.DefaultSubscriptionRegistry@60a4886f]]
2026-06-10T00:21:39.062+01:00  INFO 25669 --- [ensam-bibliotheque] [           main] o.s.m.s.b.SimpleBrokerMessageHandler     : Stopped.
2026-06-10T00:21:39.065+01:00  INFO 25669 --- [ensam-bibliotheque] [           main] j.LocalContainerEntityManagerFactoryBean : Closing JPA EntityManagerFactory for persistence unit 'default'
Hibernate: 
    drop table if exists book_categories cascade 
Hibernate: 
    drop table if exists books cascade 
Hibernate: 
    drop table if exists categories cascade 
Hibernate: 
    drop table if exists loan_details cascade 
Hibernate: 
    drop table if exists loans cascade 
Hibernate: 
    drop table if exists roles cascade 
Hibernate: 
    drop table if exists user_roles cascade 
Hibernate: 
    drop table if exists users cascade 
2026-06-10T00:21:39.075+01:00  INFO 25669 --- [ensam-bibliotheque] [           main] com.zaxxer.hikari.HikariDataSource       : HikariPool-10 - Shutdown initiated...
2026-06-10T00:21:39.077+01:00  INFO 25669 --- [ensam-bibliotheque] [           main] com.zaxxer.hikari.HikariDataSource       : HikariPool-10 - Shutdown completed.

  .   ____          _            __ _ _
 /\\ / ___'_ __ _ _(_)_ __  __ _ \ \ \ \
( ( )\___ | '_ | '_| | '_ \/ _` | \ \ \ \
 \\/  ___)| |_)| | | | | || (_| |  ) ) ) )
  '  |____| .__|_| |_|_| |_\__, | / / / /
 =========|_|==============|___/=/_/_/_/
 :: Spring Boot ::                (v3.2.2)

2026-06-10T00:21:39.119+01:00  INFO 25669 --- [ensam-bibliotheque] [           main] c.e.p.c.UserControllerIntegrationTest    : Starting UserControllerIntegrationTest using Java 21.0.11 with PID 25669 (started by yass in /home/yass/S8/JEE/project/JEE-Project/backend)
2026-06-10T00:21:39.120+01:00  INFO 25669 --- [ensam-bibliotheque] [           main] c.e.p.c.UserControllerIntegrationTest    : No active profile set, falling back to 1 default profile: "default"
2026-06-10T00:21:39.346+01:00  INFO 25669 --- [ensam-bibliotheque] [           main] .s.d.r.c.RepositoryConfigurationDelegate : Bootstrapping Spring Data JPA repositories in DEFAULT mode.
2026-06-10T00:21:39.366+01:00  INFO 25669 --- [ensam-bibliotheque] [           main] .s.d.r.c.RepositoryConfigurationDelegate : Finished Spring Data repository scanning in 20 ms. Found 6 JPA repository interfaces.
2026-06-10T00:21:39.499+01:00  INFO 25669 --- [ensam-bibliotheque] [           main] o.hibernate.jpa.internal.util.LogHelper  : HHH000204: Processing PersistenceUnitInfo [name: default]
2026-06-10T00:21:39.502+01:00  INFO 25669 --- [ensam-bibliotheque] [           main] o.h.c.internal.RegionFactoryInitiator    : HHH000026: Second-level cache disabled
2026-06-10T00:21:39.507+01:00  INFO 25669 --- [ensam-bibliotheque] [           main] o.s.o.j.p.SpringPersistenceUnitInfo      : No LoadTimeWeaver setup: ignoring JPA class transformer
2026-06-10T00:21:39.508+01:00  INFO 25669 --- [ensam-bibliotheque] [           main] com.zaxxer.hikari.HikariDataSource       : HikariPool-11 - Starting...
2026-06-10T00:21:39.509+01:00  INFO 25669 --- [ensam-bibliotheque] [           main] com.zaxxer.hikari.pool.HikariPool        : HikariPool-11 - Added connection conn100: url=jdbc:h2:mem:usercontrollerdb user=${SPRING_DATASOURCE_USERNAME}
2026-06-10T00:21:39.510+01:00  INFO 25669 --- [ensam-bibliotheque] [           main] com.zaxxer.hikari.HikariDataSource       : HikariPool-11 - Start completed.
2026-06-10T00:21:39.510+01:00  WARN 25669 --- [ensam-bibliotheque] [           main] org.hibernate.orm.deprecation            : HHH90000025: H2Dialect does not need to be specified explicitly using 'hibernate.dialect' (remove the property setting and it will be selected by default)
2026-06-10T00:21:39.702+01:00  INFO 25669 --- [ensam-bibliotheque] [           main] o.h.e.t.j.p.i.JtaPlatformInitiator       : HHH000489: No JTA platform available (set 'hibernate.transaction.jta.platform' to enable JTA platform integration)
Hibernate: 
    drop table if exists book_categories cascade 
Hibernate: 
    drop table if exists books cascade 
Hibernate: 
    drop table if exists categories cascade 
Hibernate: 
    drop table if exists loan_details cascade 
Hibernate: 
    drop table if exists loans cascade 
Hibernate: 
    drop table if exists roles cascade 
Hibernate: 
    drop table if exists user_roles cascade 
Hibernate: 
    drop table if exists users cascade 
Hibernate: 
    create table book_categories (
        book_id bigint not null,
        category_id bigint not null,
        primary key (book_id, category_id)
    )
Hibernate: 
    create table books (
        published_date date,
        stock integer check (stock>=0),
        created_at timestamp(6),
        id bigint generated by default as identity,
        updated_at timestamp(6),
        version bigint,
        author varchar(255),
        description TEXT,
        isbn varchar(255) unique,
        title varchar(255),
        primary key (id)
    )
Hibernate: 
    create table categories (
        id bigint generated by default as identity,
        color varchar(255),
        description varchar(255),
        name varchar(255),
        primary key (id),
        unique (name)
    )
Hibernate: 
    create table loan_details (
        renewal_count integer,
        id bigint generated by default as identity,
        loan_id bigint unique,
        itemcondition varchar(255),
        notes TEXT,
        returned_by varchar(255),
        primary key (id)
    )
Hibernate: 
    create table loans (
        actual_return_date date,
        expected_return_date date,
        loan_date date,
        book_id bigint not null,
        id bigint generated by default as identity,
        user_id bigint not null,
        status varchar(255) check (status in ('PENDING','ACTIVE','RETURNED','OVERDUE')),
        primary key (id)
    )
Hibernate: 
    create table roles (
        id bigint generated by default as identity,
        name varchar(255) not null unique check (name in ('ROLE_ADMIN','ROLE_MANAGER','ROLE_USER')),
        primary key (id)
    )
Hibernate: 
    create table user_roles (
        role_id bigint not null,
        user_id bigint not null,
        primary key (role_id, user_id)
    )
Hibernate: 
    create table users (
        enabled boolean not null,
        created_at timestamp(6),
        id bigint generated by default as identity,
        email varchar(255),
        password varchar(255),
        username varchar(255),
        primary key (id),
        unique (username),
        unique (email)
    )
Hibernate: 
    alter table if exists book_categories 
       add constraint FKrg2xlmc92mm2y5b1wmhd2g0y0 
       foreign key (category_id) 
       references categories
Hibernate: 
    alter table if exists book_categories 
       add constraint FK3k3ahp5vqlgmrr9swqqprmbxy 
       foreign key (book_id) 
       references books
Hibernate: 
    alter table if exists loan_details 
       add constraint FK88pnqx3jyyvpat4gcn5rmaxji 
       foreign key (loan_id) 
       references loans
Hibernate: 
    alter table if exists loans 
       add constraint FKokwvlrv6o4i4h3le3bwhe6kie 
       foreign key (book_id) 
       references books
Hibernate: 
    alter table if exists loans 
       add constraint FK6xxlcjc0rqtn5nq28vjnx5t9d 
       foreign key (user_id) 
       references users
Hibernate: 
    alter table if exists user_roles 
       add constraint FKh8ciramu9cc9q3qcqiv4ue8a6 
       foreign key (role_id) 
       references roles
Hibernate: 
    alter table if exists user_roles 
       add constraint FKhfh9dx7w3ubf1co1vdev94g3f 
       foreign key (user_id) 
       references users
2026-06-10T00:21:39.735+01:00  INFO 25669 --- [ensam-bibliotheque] [           main] j.LocalContainerEntityManagerFactoryBean : Initialized JPA EntityManagerFactory for persistence unit 'default'
2026-06-10T00:21:40.050+01:00  WARN 25669 --- [ensam-bibliotheque] [           main] JpaBaseConfiguration$JpaWebConfiguration : spring.jpa.open-in-view is enabled by default. Therefore, database queries may be performed during view rendering. Explicitly configure spring.jpa.open-in-view to disable this warning
2026-06-10T00:21:40.158+01:00  INFO 25669 --- [ensam-bibliotheque] [           main] o.s.s.web.DefaultSecurityFilterChain     : Will secure any request with [org.springframework.security.web.session.DisableEncodeUrlFilter@28377ea2, org.springframework.security.web.context.request.async.WebAsyncManagerIntegrationFilter@6deb7d9b, org.springframework.security.web.context.SecurityContextHolderFilter@61d9774b, org.springframework.security.web.header.HeaderWriterFilter@3671bc1b, org.springframework.web.filter.CorsFilter@65666f7, org.springframework.security.web.authentication.logout.LogoutFilter@61649fa0, com.ensam.projet.security.JwtAuthFilter@1fbf9997, org.springframework.security.web.savedrequest.RequestCacheAwareFilter@63bd8be0, org.springframework.security.web.servletapi.SecurityContextHolderAwareRequestFilter@589772e8, org.springframework.security.web.authentication.AnonymousAuthenticationFilter@4c946c03, org.springframework.security.web.session.SessionManagementFilter@6f3f82c1, org.springframework.security.web.access.ExceptionTranslationFilter@3756a606, org.springframework.security.web.access.intercept.AuthorizationFilter@d6ad5fc]
2026-06-10T00:21:40.362+01:00  INFO 25669 --- [ensam-bibliotheque] [           main] o.s.b.t.m.w.SpringBootMockServletContext : Initializing Spring TestDispatcherServlet ''
2026-06-10T00:21:40.362+01:00  INFO 25669 --- [ensam-bibliotheque] [           main] o.s.t.web.servlet.TestDispatcherServlet  : Initializing Servlet ''
2026-06-10T00:21:40.363+01:00  INFO 25669 --- [ensam-bibliotheque] [           main] o.s.t.web.servlet.TestDispatcherServlet  : Completed initialization in 1 ms
2026-06-10T00:21:40.370+01:00  INFO 25669 --- [ensam-bibliotheque] [           main] o.s.m.s.b.SimpleBrokerMessageHandler     : Starting...
2026-06-10T00:21:40.371+01:00  INFO 25669 --- [ensam-bibliotheque] [           main] o.s.m.s.b.SimpleBrokerMessageHandler     : BrokerAvailabilityEvent[available=true, SimpleBrokerMessageHandler [org.springframework.messaging.simp.broker.DefaultSubscriptionRegistry@3d7219d6]]
2026-06-10T00:21:40.371+01:00  INFO 25669 --- [ensam-bibliotheque] [           main] o.s.m.s.b.SimpleBrokerMessageHandler     : Started.
2026-06-10T00:21:40.375+01:00  INFO 25669 --- [ensam-bibliotheque] [           main] c.e.p.c.UserControllerIntegrationTest    : Started UserControllerIntegrationTest in 1.295 seconds (process running for 53.865)
]]></system-out>
  </testcase>
  <testcase name="shouldReturn400WhenUpdateProfileWithInvalidEmail" classname="com.ensam.projet.controller.UserControllerIntegrationTest" time="1.49">
    <system-out><![CDATA[2026-06-10T00:21:40.407+01:00  INFO 25669 --- [ensam-bibliotheque] [           main] o.s.m.s.b.SimpleBrokerMessageHandler     : Stopping...
2026-06-10T00:21:40.408+01:00  INFO 25669 --- [ensam-bibliotheque] [           main] o.s.m.s.b.SimpleBrokerMessageHandler     : BrokerAvailabilityEvent[available=false, SimpleBrokerMessageHandler [org.springframework.messaging.simp.broker.DefaultSubscriptionRegistry@3d7219d6]]
2026-06-10T00:21:40.408+01:00  INFO 25669 --- [ensam-bibliotheque] [           main] o.s.m.s.b.SimpleBrokerMessageHandler     : Stopped.
2026-06-10T00:21:40.411+01:00  INFO 25669 --- [ensam-bibliotheque] [           main] j.LocalContainerEntityManagerFactoryBean : Closing JPA EntityManagerFactory for persistence unit 'default'
Hibernate: 
    drop table if exists book_categories cascade 
Hibernate: 
    drop table if exists books cascade 
Hibernate: 
    drop table if exists categories cascade 
Hibernate: 
    drop table if exists loan_details cascade 
Hibernate: 
    drop table if exists loans cascade 
Hibernate: 
    drop table if exists roles cascade 
Hibernate: 
    drop table if exists user_roles cascade 
Hibernate: 
    drop table if exists users cascade 
2026-06-10T00:21:40.420+01:00  INFO 25669 --- [ensam-bibliotheque] [           main] com.zaxxer.hikari.HikariDataSource       : HikariPool-11 - Shutdown initiated...
2026-06-10T00:21:40.423+01:00  INFO 25669 --- [ensam-bibliotheque] [           main] com.zaxxer.hikari.HikariDataSource       : HikariPool-11 - Shutdown completed.

  .   ____          _            __ _ _
 /\\ / ___'_ __ _ _(_)_ __  __ _ \ \ \ \
( ( )\___ | '_ | '_| | '_ \/ _` | \ \ \ \
 \\/  ___)| |_)| | | | | || (_| |  ) ) ) )
  '  |____| .__|_| |_|_| |_\__, | / / / /
 =========|_|==============|___/=/_/_/_/
 :: Spring Boot ::                (v3.2.2)

2026-06-10T00:21:40.454+01:00  INFO 25669 --- [ensam-bibliotheque] [           main] c.e.p.c.UserControllerIntegrationTest    : Starting UserControllerIntegrationTest using Java 21.0.11 with PID 25669 (started by yass in /home/yass/S8/JEE/project/JEE-Project/backend)
2026-06-10T00:21:40.454+01:00  INFO 25669 --- [ensam-bibliotheque] [           main] c.e.p.c.UserControllerIntegrationTest    : No active profile set, falling back to 1 default profile: "default"
2026-06-10T00:21:40.702+01:00  INFO 25669 --- [ensam-bibliotheque] [           main] .s.d.r.c.RepositoryConfigurationDelegate : Bootstrapping Spring Data JPA repositories in DEFAULT mode.
2026-06-10T00:21:40.721+01:00  INFO 25669 --- [ensam-bibliotheque] [           main] .s.d.r.c.RepositoryConfigurationDelegate : Finished Spring Data repository scanning in 17 ms. Found 6 JPA repository interfaces.
2026-06-10T00:21:40.831+01:00  INFO 25669 --- [ensam-bibliotheque] [           main] o.hibernate.jpa.internal.util.LogHelper  : HHH000204: Processing PersistenceUnitInfo [name: default]
2026-06-10T00:21:40.833+01:00  INFO 25669 --- [ensam-bibliotheque] [           main] o.h.c.internal.RegionFactoryInitiator    : HHH000026: Second-level cache disabled
2026-06-10T00:21:40.836+01:00  INFO 25669 --- [ensam-bibliotheque] [           main] o.s.o.j.p.SpringPersistenceUnitInfo      : No LoadTimeWeaver setup: ignoring JPA class transformer
2026-06-10T00:21:40.837+01:00  INFO 25669 --- [ensam-bibliotheque] [           main] com.zaxxer.hikari.HikariDataSource       : HikariPool-12 - Starting...
2026-06-10T00:21:40.839+01:00  INFO 25669 --- [ensam-bibliotheque] [           main] com.zaxxer.hikari.pool.HikariPool        : HikariPool-12 - Added connection conn110: url=jdbc:h2:mem:usercontrollerdb user=${SPRING_DATASOURCE_USERNAME}
2026-06-10T00:21:40.840+01:00  INFO 25669 --- [ensam-bibliotheque] [           main] com.zaxxer.hikari.HikariDataSource       : HikariPool-12 - Start completed.
2026-06-10T00:21:40.840+01:00  WARN 25669 --- [ensam-bibliotheque] [           main] org.hibernate.orm.deprecation            : HHH90000025: H2Dialect does not need to be specified explicitly using 'hibernate.dialect' (remove the property setting and it will be selected by default)
2026-06-10T00:21:41.018+01:00  INFO 25669 --- [ensam-bibliotheque] [           main] o.h.e.t.j.p.i.JtaPlatformInitiator       : HHH000489: No JTA platform available (set 'hibernate.transaction.jta.platform' to enable JTA platform integration)
Hibernate: 
    drop table if exists book_categories cascade 
Hibernate: 
    drop table if exists books cascade 
Hibernate: 
    drop table if exists categories cascade 
Hibernate: 
    drop table if exists loan_details cascade 
Hibernate: 
    drop table if exists loans cascade 
Hibernate: 
    drop table if exists roles cascade 
Hibernate: 
    drop table if exists user_roles cascade 
Hibernate: 
    drop table if exists users cascade 
Hibernate: 
    create table book_categories (
        book_id bigint not null,
        category_id bigint not null,
        primary key (book_id, category_id)
    )
Hibernate: 
    create table books (
        published_date date,
        stock integer check (stock>=0),
        created_at timestamp(6),
        id bigint generated by default as identity,
        updated_at timestamp(6),
        version bigint,
        author varchar(255),
        description TEXT,
        isbn varchar(255) unique,
        title varchar(255),
        primary key (id)
    )
Hibernate: 
    create table categories (
        id bigint generated by default as identity,
        color varchar(255),
        description varchar(255),
        name varchar(255),
        primary key (id),
        unique (name)
    )
Hibernate: 
    create table loan_details (
        renewal_count integer,
        id bigint generated by default as identity,
        loan_id bigint unique,
        itemcondition varchar(255),
        notes TEXT,
        returned_by varchar(255),
        primary key (id)
    )
Hibernate: 
    create table loans (
        actual_return_date date,
        expected_return_date date,
        loan_date date,
        book_id bigint not null,
        id bigint generated by default as identity,
        user_id bigint not null,
        status varchar(255) check (status in ('PENDING','ACTIVE','RETURNED','OVERDUE')),
        primary key (id)
    )
Hibernate: 
    create table roles (
        id bigint generated by default as identity,
        name varchar(255) not null unique check (name in ('ROLE_ADMIN','ROLE_MANAGER','ROLE_USER')),
        primary key (id)
    )
Hibernate: 
    create table user_roles (
        role_id bigint not null,
        user_id bigint not null,
        primary key (role_id, user_id)
    )
Hibernate: 
    create table users (
        enabled boolean not null,
        created_at timestamp(6),
        id bigint generated by default as identity,
        email varchar(255),
        password varchar(255),
        username varchar(255),
        primary key (id),
        unique (username),
        unique (email)
    )
Hibernate: 
    alter table if exists book_categories 
       add constraint FKrg2xlmc92mm2y5b1wmhd2g0y0 
       foreign key (category_id) 
       references categories
Hibernate: 
    alter table if exists book_categories 
       add constraint FK3k3ahp5vqlgmrr9swqqprmbxy 
       foreign key (book_id) 
       references books
Hibernate: 
    alter table if exists loan_details 
       add constraint FK88pnqx3jyyvpat4gcn5rmaxji 
       foreign key (loan_id) 
       references loans
Hibernate: 
    alter table if exists loans 
       add constraint FKokwvlrv6o4i4h3le3bwhe6kie 
       foreign key (book_id) 
       references books
Hibernate: 
    alter table if exists loans 
       add constraint FK6xxlcjc0rqtn5nq28vjnx5t9d 
       foreign key (user_id) 
       references users
Hibernate: 
    alter table if exists user_roles 
       add constraint FKh8ciramu9cc9q3qcqiv4ue8a6 
       foreign key (role_id) 
       references roles
Hibernate: 
    alter table if exists user_roles 
       add constraint FKhfh9dx7w3ubf1co1vdev94g3f 
       foreign key (user_id) 
       references users
2026-06-10T00:21:41.046+01:00  INFO 25669 --- [ensam-bibliotheque] [           main] j.LocalContainerEntityManagerFactoryBean : Initialized JPA EntityManagerFactory for persistence unit 'default'
2026-06-10T00:21:41.416+01:00  WARN 25669 --- [ensam-bibliotheque] [           main] JpaBaseConfiguration$JpaWebConfiguration : spring.jpa.open-in-view is enabled by default. Therefore, database queries may be performed during view rendering. Explicitly configure spring.jpa.open-in-view to disable this warning
2026-06-10T00:21:41.578+01:00  INFO 25669 --- [ensam-bibliotheque] [           main] o.s.s.web.DefaultSecurityFilterChain     : Will secure any request with [org.springframework.security.web.session.DisableEncodeUrlFilter@193cb0e9, org.springframework.security.web.context.request.async.WebAsyncManagerIntegrationFilter@5de6abf3, org.springframework.security.web.context.SecurityContextHolderFilter@7c15ab61, org.springframework.security.web.header.HeaderWriterFilter@6fdaad4e, org.springframework.web.filter.CorsFilter@29095d22, org.springframework.security.web.authentication.logout.LogoutFilter@1aebceab, com.ensam.projet.security.JwtAuthFilter@e3ac602, org.springframework.security.web.savedrequest.RequestCacheAwareFilter@16538cd0, org.springframework.security.web.servletapi.SecurityContextHolderAwareRequestFilter@2cd9e389, org.springframework.security.web.authentication.AnonymousAuthenticationFilter@6a24e1c1, org.springframework.security.web.session.SessionManagementFilter@13be9e83, org.springframework.security.web.access.ExceptionTranslationFilter@27c9aca7, org.springframework.security.web.access.intercept.AuthorizationFilter@73728802]
2026-06-10T00:21:41.810+01:00  INFO 25669 --- [ensam-bibliotheque] [           main] o.s.b.t.m.w.SpringBootMockServletContext : Initializing Spring TestDispatcherServlet ''
2026-06-10T00:21:41.810+01:00  INFO 25669 --- [ensam-bibliotheque] [           main] o.s.t.web.servlet.TestDispatcherServlet  : Initializing Servlet ''
2026-06-10T00:21:41.811+01:00  INFO 25669 --- [ensam-bibliotheque] [           main] o.s.t.web.servlet.TestDispatcherServlet  : Completed initialization in 1 ms
2026-06-10T00:21:41.822+01:00  INFO 25669 --- [ensam-bibliotheque] [           main] o.s.m.s.b.SimpleBrokerMessageHandler     : Starting...
2026-06-10T00:21:41.822+01:00  INFO 25669 --- [ensam-bibliotheque] [           main] o.s.m.s.b.SimpleBrokerMessageHandler     : BrokerAvailabilityEvent[available=true, SimpleBrokerMessageHandler [org.springframework.messaging.simp.broker.DefaultSubscriptionRegistry@be5560c]]
2026-06-10T00:21:41.823+01:00  INFO 25669 --- [ensam-bibliotheque] [           main] o.s.m.s.b.SimpleBrokerMessageHandler     : Started.
2026-06-10T00:21:41.826+01:00  INFO 25669 --- [ensam-bibliotheque] [           main] c.e.p.c.UserControllerIntegrationTest    : Started UserControllerIntegrationTest in 1.4 seconds (process running for 55.317)
]]></system-out>
  </testcase>
  <testcase name="shouldUpdateRoles" classname="com.ensam.projet.controller.UserControllerIntegrationTest" time="1.298">
    <system-out><![CDATA[2026-06-10T00:21:41.899+01:00  INFO 25669 --- [ensam-bibliotheque] [           main] o.s.m.s.b.SimpleBrokerMessageHandler     : Stopping...
2026-06-10T00:21:41.899+01:00  INFO 25669 --- [ensam-bibliotheque] [           main] o.s.m.s.b.SimpleBrokerMessageHandler     : BrokerAvailabilityEvent[available=false, SimpleBrokerMessageHandler [org.springframework.messaging.simp.broker.DefaultSubscriptionRegistry@be5560c]]
2026-06-10T00:21:41.899+01:00  INFO 25669 --- [ensam-bibliotheque] [           main] o.s.m.s.b.SimpleBrokerMessageHandler     : Stopped.
2026-06-10T00:21:41.902+01:00  INFO 25669 --- [ensam-bibliotheque] [           main] j.LocalContainerEntityManagerFactoryBean : Closing JPA EntityManagerFactory for persistence unit 'default'
Hibernate: 
    drop table if exists book_categories cascade 
Hibernate: 
    drop table if exists books cascade 
Hibernate: 
    drop table if exists categories cascade 
Hibernate: 
    drop table if exists loan_details cascade 
Hibernate: 
    drop table if exists loans cascade 
Hibernate: 
    drop table if exists roles cascade 
Hibernate: 
    drop table if exists user_roles cascade 
Hibernate: 
    drop table if exists users cascade 
2026-06-10T00:21:41.913+01:00  INFO 25669 --- [ensam-bibliotheque] [           main] com.zaxxer.hikari.HikariDataSource       : HikariPool-12 - Shutdown initiated...
2026-06-10T00:21:41.915+01:00  INFO 25669 --- [ensam-bibliotheque] [           main] com.zaxxer.hikari.HikariDataSource       : HikariPool-12 - Shutdown completed.

  .   ____          _            __ _ _
 /\\ / ___'_ __ _ _(_)_ __  __ _ \ \ \ \
( ( )\___ | '_ | '_| | '_ \/ _` | \ \ \ \
 \\/  ___)| |_)| | | | | || (_| |  ) ) ) )
  '  |____| .__|_| |_|_| |_\__, | / / / /
 =========|_|==============|___/=/_/_/_/
 :: Spring Boot ::                (v3.2.2)

2026-06-10T00:21:41.960+01:00  INFO 25669 --- [ensam-bibliotheque] [           main] c.e.p.c.UserControllerIntegrationTest    : Starting UserControllerIntegrationTest using Java 21.0.11 with PID 25669 (started by yass in /home/yass/S8/JEE/project/JEE-Project/backend)
2026-06-10T00:21:41.960+01:00  INFO 25669 --- [ensam-bibliotheque] [           main] c.e.p.c.UserControllerIntegrationTest    : No active profile set, falling back to 1 default profile: "default"
2026-06-10T00:21:42.181+01:00  INFO 25669 --- [ensam-bibliotheque] [           main] .s.d.r.c.RepositoryConfigurationDelegate : Bootstrapping Spring Data JPA repositories in DEFAULT mode.
2026-06-10T00:21:42.203+01:00  INFO 25669 --- [ensam-bibliotheque] [           main] .s.d.r.c.RepositoryConfigurationDelegate : Finished Spring Data repository scanning in 22 ms. Found 6 JPA repository interfaces.
2026-06-10T00:21:42.334+01:00  INFO 25669 --- [ensam-bibliotheque] [           main] o.hibernate.jpa.internal.util.LogHelper  : HHH000204: Processing PersistenceUnitInfo [name: default]
2026-06-10T00:21:42.336+01:00  INFO 25669 --- [ensam-bibliotheque] [           main] o.h.c.internal.RegionFactoryInitiator    : HHH000026: Second-level cache disabled
2026-06-10T00:21:42.339+01:00  INFO 25669 --- [ensam-bibliotheque] [           main] o.s.o.j.p.SpringPersistenceUnitInfo      : No LoadTimeWeaver setup: ignoring JPA class transformer
2026-06-10T00:21:42.340+01:00  INFO 25669 --- [ensam-bibliotheque] [           main] com.zaxxer.hikari.HikariDataSource       : HikariPool-13 - Starting...
2026-06-10T00:21:42.342+01:00  INFO 25669 --- [ensam-bibliotheque] [           main] com.zaxxer.hikari.pool.HikariPool        : HikariPool-13 - Added connection conn120: url=jdbc:h2:mem:usercontrollerdb user=${SPRING_DATASOURCE_USERNAME}
2026-06-10T00:21:42.342+01:00  INFO 25669 --- [ensam-bibliotheque] [           main] com.zaxxer.hikari.HikariDataSource       : HikariPool-13 - Start completed.
2026-06-10T00:21:42.343+01:00  WARN 25669 --- [ensam-bibliotheque] [           main] org.hibernate.orm.deprecation            : HHH90000025: H2Dialect does not need to be specified explicitly using 'hibernate.dialect' (remove the property setting and it will be selected by default)
2026-06-10T00:21:42.510+01:00  INFO 25669 --- [ensam-bibliotheque] [           main] o.h.e.t.j.p.i.JtaPlatformInitiator       : HHH000489: No JTA platform available (set 'hibernate.transaction.jta.platform' to enable JTA platform integration)
Hibernate: 
    drop table if exists book_categories cascade 
Hibernate: 
    drop table if exists books cascade 
Hibernate: 
    drop table if exists categories cascade 
Hibernate: 
    drop table if exists loan_details cascade 
Hibernate: 
    drop table if exists loans cascade 
Hibernate: 
    drop table if exists roles cascade 
Hibernate: 
    drop table if exists user_roles cascade 
Hibernate: 
    drop table if exists users cascade 
Hibernate: 
    create table book_categories (
        book_id bigint not null,
        category_id bigint not null,
        primary key (book_id, category_id)
    )
Hibernate: 
    create table books (
        published_date date,
        stock integer check (stock>=0),
        created_at timestamp(6),
        id bigint generated by default as identity,
        updated_at timestamp(6),
        version bigint,
        author varchar(255),
        description TEXT,
        isbn varchar(255) unique,
        title varchar(255),
        primary key (id)
    )
Hibernate: 
    create table categories (
        id bigint generated by default as identity,
        color varchar(255),
        description varchar(255),
        name varchar(255),
        primary key (id),
        unique (name)
    )
Hibernate: 
    create table loan_details (
        renewal_count integer,
        id bigint generated by default as identity,
        loan_id bigint unique,
        itemcondition varchar(255),
        notes TEXT,
        returned_by varchar(255),
        primary key (id)
    )
Hibernate: 
    create table loans (
        actual_return_date date,
        expected_return_date date,
        loan_date date,
        book_id bigint not null,
        id bigint generated by default as identity,
        user_id bigint not null,
        status varchar(255) check (status in ('PENDING','ACTIVE','RETURNED','OVERDUE')),
        primary key (id)
    )
Hibernate: 
    create table roles (
        id bigint generated by default as identity,
        name varchar(255) not null unique check (name in ('ROLE_ADMIN','ROLE_MANAGER','ROLE_USER')),
        primary key (id)
    )
Hibernate: 
    create table user_roles (
        role_id bigint not null,
        user_id bigint not null,
        primary key (role_id, user_id)
    )
Hibernate: 
    create table users (
        enabled boolean not null,
        created_at timestamp(6),
        id bigint generated by default as identity,
        email varchar(255),
        password varchar(255),
        username varchar(255),
        primary key (id),
        unique (username),
        unique (email)
    )
Hibernate: 
    alter table if exists book_categories 
       add constraint FKrg2xlmc92mm2y5b1wmhd2g0y0 
       foreign key (category_id) 
       references categories
Hibernate: 
    alter table if exists book_categories 
       add constraint FK3k3ahp5vqlgmrr9swqqprmbxy 
       foreign key (book_id) 
       references books
Hibernate: 
    alter table if exists loan_details 
       add constraint FK88pnqx3jyyvpat4gcn5rmaxji 
       foreign key (loan_id) 
       references loans
Hibernate: 
    alter table if exists loans 
       add constraint FKokwvlrv6o4i4h3le3bwhe6kie 
       foreign key (book_id) 
       references books
Hibernate: 
    alter table if exists loans 
       add constraint FK6xxlcjc0rqtn5nq28vjnx5t9d 
       foreign key (user_id) 
       references users
Hibernate: 
    alter table if exists user_roles 
       add constraint FKh8ciramu9cc9q3qcqiv4ue8a6 
       foreign key (role_id) 
       references roles
Hibernate: 
    alter table if exists user_roles 
       add constraint FKhfh9dx7w3ubf1co1vdev94g3f 
       foreign key (user_id) 
       references users
2026-06-10T00:21:42.537+01:00  INFO 25669 --- [ensam-bibliotheque] [           main] j.LocalContainerEntityManagerFactoryBean : Initialized JPA EntityManagerFactory for persistence unit 'default'
2026-06-10T00:21:42.824+01:00  WARN 25669 --- [ensam-bibliotheque] [           main] JpaBaseConfiguration$JpaWebConfiguration : spring.jpa.open-in-view is enabled by default. Therefore, database queries may be performed during view rendering. Explicitly configure spring.jpa.open-in-view to disable this warning
2026-06-10T00:21:42.938+01:00  INFO 25669 --- [ensam-bibliotheque] [           main] o.s.s.web.DefaultSecurityFilterChain     : Will secure any request with [org.springframework.security.web.session.DisableEncodeUrlFilter@113d3a0, org.springframework.security.web.context.request.async.WebAsyncManagerIntegrationFilter@12b657f1, org.springframework.security.web.context.SecurityContextHolderFilter@612b59e9, org.springframework.security.web.header.HeaderWriterFilter@47f30dfc, org.springframework.web.filter.CorsFilter@56bcce23, org.springframework.security.web.authentication.logout.LogoutFilter@12602ad1, com.ensam.projet.security.JwtAuthFilter@77f89ffc, org.springframework.security.web.savedrequest.RequestCacheAwareFilter@4440283f, org.springframework.security.web.servletapi.SecurityContextHolderAwareRequestFilter@1b8341a6, org.springframework.security.web.authentication.AnonymousAuthenticationFilter@6229c3ac, org.springframework.security.web.session.SessionManagementFilter@513c665e, org.springframework.security.web.access.ExceptionTranslationFilter@54b340, org.springframework.security.web.access.intercept.AuthorizationFilter@56ab1c51]
2026-06-10T00:21:43.150+01:00  INFO 25669 --- [ensam-bibliotheque] [           main] o.s.b.t.m.w.SpringBootMockServletContext : Initializing Spring TestDispatcherServlet ''
2026-06-10T00:21:43.151+01:00  INFO 25669 --- [ensam-bibliotheque] [           main] o.s.t.web.servlet.TestDispatcherServlet  : Initializing Servlet ''
2026-06-10T00:21:43.152+01:00  INFO 25669 --- [ensam-bibliotheque] [           main] o.s.t.web.servlet.TestDispatcherServlet  : Completed initialization in 1 ms
2026-06-10T00:21:43.159+01:00  INFO 25669 --- [ensam-bibliotheque] [           main] o.s.m.s.b.SimpleBrokerMessageHandler     : Starting...
2026-06-10T00:21:43.159+01:00  INFO 25669 --- [ensam-bibliotheque] [           main] o.s.m.s.b.SimpleBrokerMessageHandler     : BrokerAvailabilityEvent[available=true, SimpleBrokerMessageHandler [org.springframework.messaging.simp.broker.DefaultSubscriptionRegistry@54192cc8]]
2026-06-10T00:21:43.160+01:00  INFO 25669 --- [ensam-bibliotheque] [           main] o.s.m.s.b.SimpleBrokerMessageHandler     : Started.
2026-06-10T00:21:43.163+01:00  INFO 25669 --- [ensam-bibliotheque] [           main] c.e.p.c.UserControllerIntegrationTest    : Started UserControllerIntegrationTest in 1.244 seconds (process running for 56.653)
]]></system-out>
  </testcase>
  <testcase name="shouldChangePassword" classname="com.ensam.projet.controller.UserControllerIntegrationTest" time="1.296">
    <system-out><![CDATA[2026-06-10T00:21:43.198+01:00  INFO 25669 --- [ensam-bibliotheque] [           main] o.s.m.s.b.SimpleBrokerMessageHandler     : Stopping...
2026-06-10T00:21:43.198+01:00  INFO 25669 --- [ensam-bibliotheque] [           main] o.s.m.s.b.SimpleBrokerMessageHandler     : BrokerAvailabilityEvent[available=false, SimpleBrokerMessageHandler [org.springframework.messaging.simp.broker.DefaultSubscriptionRegistry@54192cc8]]
2026-06-10T00:21:43.199+01:00  INFO 25669 --- [ensam-bibliotheque] [           main] o.s.m.s.b.SimpleBrokerMessageHandler     : Stopped.
2026-06-10T00:21:43.201+01:00  INFO 25669 --- [ensam-bibliotheque] [           main] j.LocalContainerEntityManagerFactoryBean : Closing JPA EntityManagerFactory for persistence unit 'default'
Hibernate: 
    drop table if exists book_categories cascade 
Hibernate: 
    drop table if exists books cascade 
Hibernate: 
    drop table if exists categories cascade 
Hibernate: 
    drop table if exists loan_details cascade 
Hibernate: 
    drop table if exists loans cascade 
Hibernate: 
    drop table if exists roles cascade 
Hibernate: 
    drop table if exists user_roles cascade 
Hibernate: 
    drop table if exists users cascade 
2026-06-10T00:21:43.210+01:00  INFO 25669 --- [ensam-bibliotheque] [           main] com.zaxxer.hikari.HikariDataSource       : HikariPool-13 - Shutdown initiated...
2026-06-10T00:21:43.211+01:00  INFO 25669 --- [ensam-bibliotheque] [           main] com.zaxxer.hikari.HikariDataSource       : HikariPool-13 - Shutdown completed.

  .   ____          _            __ _ _
 /\\ / ___'_ __ _ _(_)_ __  __ _ \ \ \ \
( ( )\___ | '_ | '_| | '_ \/ _` | \ \ \ \
 \\/  ___)| |_)| | | | | || (_| |  ) ) ) )
  '  |____| .__|_| |_|_| |_\__, | / / / /
 =========|_|==============|___/=/_/_/_/
 :: Spring Boot ::                (v3.2.2)

2026-06-10T00:21:43.240+01:00  INFO 25669 --- [ensam-bibliotheque] [           main] c.e.p.c.UserControllerIntegrationTest    : Starting UserControllerIntegrationTest using Java 21.0.11 with PID 25669 (started by yass in /home/yass/S8/JEE/project/JEE-Project/backend)
2026-06-10T00:21:43.241+01:00  INFO 25669 --- [ensam-bibliotheque] [           main] c.e.p.c.UserControllerIntegrationTest    : No active profile set, falling back to 1 default profile: "default"
2026-06-10T00:21:43.449+01:00  INFO 25669 --- [ensam-bibliotheque] [           main] .s.d.r.c.RepositoryConfigurationDelegate : Bootstrapping Spring Data JPA repositories in DEFAULT mode.
2026-06-10T00:21:43.467+01:00  INFO 25669 --- [ensam-bibliotheque] [           main] .s.d.r.c.RepositoryConfigurationDelegate : Finished Spring Data repository scanning in 17 ms. Found 6 JPA repository interfaces.
2026-06-10T00:21:43.582+01:00  INFO 25669 --- [ensam-bibliotheque] [           main] o.hibernate.jpa.internal.util.LogHelper  : HHH000204: Processing PersistenceUnitInfo [name: default]
2026-06-10T00:21:43.585+01:00  INFO 25669 --- [ensam-bibliotheque] [           main] o.h.c.internal.RegionFactoryInitiator    : HHH000026: Second-level cache disabled
2026-06-10T00:21:43.588+01:00  INFO 25669 --- [ensam-bibliotheque] [           main] o.s.o.j.p.SpringPersistenceUnitInfo      : No LoadTimeWeaver setup: ignoring JPA class transformer
2026-06-10T00:21:43.589+01:00  INFO 25669 --- [ensam-bibliotheque] [           main] com.zaxxer.hikari.HikariDataSource       : HikariPool-14 - Starting...
2026-06-10T00:21:43.591+01:00  INFO 25669 --- [ensam-bibliotheque] [           main] com.zaxxer.hikari.pool.HikariPool        : HikariPool-14 - Added connection conn130: url=jdbc:h2:mem:usercontrollerdb user=${SPRING_DATASOURCE_USERNAME}
2026-06-10T00:21:43.591+01:00  INFO 25669 --- [ensam-bibliotheque] [           main] com.zaxxer.hikari.HikariDataSource       : HikariPool-14 - Start completed.
2026-06-10T00:21:43.592+01:00  WARN 25669 --- [ensam-bibliotheque] [           main] org.hibernate.orm.deprecation            : HHH90000025: H2Dialect does not need to be specified explicitly using 'hibernate.dialect' (remove the property setting and it will be selected by default)
2026-06-10T00:21:43.776+01:00  INFO 25669 --- [ensam-bibliotheque] [           main] o.h.e.t.j.p.i.JtaPlatformInitiator       : HHH000489: No JTA platform available (set 'hibernate.transaction.jta.platform' to enable JTA platform integration)
Hibernate: 
    drop table if exists book_categories cascade 
Hibernate: 
    drop table if exists books cascade 
Hibernate: 
    drop table if exists categories cascade 
Hibernate: 
    drop table if exists loan_details cascade 
Hibernate: 
    drop table if exists loans cascade 
Hibernate: 
    drop table if exists roles cascade 
Hibernate: 
    drop table if exists user_roles cascade 
Hibernate: 
    drop table if exists users cascade 
Hibernate: 
    create table book_categories (
        book_id bigint not null,
        category_id bigint not null,
        primary key (book_id, category_id)
    )
Hibernate: 
    create table books (
        published_date date,
        stock integer check (stock>=0),
        created_at timestamp(6),
        id bigint generated by default as identity,
        updated_at timestamp(6),
        version bigint,
        author varchar(255),
        description TEXT,
        isbn varchar(255) unique,
        title varchar(255),
        primary key (id)
    )
Hibernate: 
    create table categories (
        id bigint generated by default as identity,
        color varchar(255),
        description varchar(255),
        name varchar(255),
        primary key (id),
        unique (name)
    )
Hibernate: 
    create table loan_details (
        renewal_count integer,
        id bigint generated by default as identity,
        loan_id bigint unique,
        itemcondition varchar(255),
        notes TEXT,
        returned_by varchar(255),
        primary key (id)
    )
Hibernate: 
    create table loans (
        actual_return_date date,
        expected_return_date date,
        loan_date date,
        book_id bigint not null,
        id bigint generated by default as identity,
        user_id bigint not null,
        status varchar(255) check (status in ('PENDING','ACTIVE','RETURNED','OVERDUE')),
        primary key (id)
    )
Hibernate: 
    create table roles (
        id bigint generated by default as identity,
        name varchar(255) not null unique check (name in ('ROLE_ADMIN','ROLE_MANAGER','ROLE_USER')),
        primary key (id)
    )
Hibernate: 
    create table user_roles (
        role_id bigint not null,
        user_id bigint not null,
        primary key (role_id, user_id)
    )
Hibernate: 
    create table users (
        enabled boolean not null,
        created_at timestamp(6),
        id bigint generated by default as identity,
        email varchar(255),
        password varchar(255),
        username varchar(255),
        primary key (id),
        unique (username),
        unique (email)
    )
Hibernate: 
    alter table if exists book_categories 
       add constraint FKrg2xlmc92mm2y5b1wmhd2g0y0 
       foreign key (category_id) 
       references categories
Hibernate: 
    alter table if exists book_categories 
       add constraint FK3k3ahp5vqlgmrr9swqqprmbxy 
       foreign key (book_id) 
       references books
Hibernate: 
    alter table if exists loan_details 
       add constraint FK88pnqx3jyyvpat4gcn5rmaxji 
       foreign key (loan_id) 
       references loans
Hibernate: 
    alter table if exists loans 
       add constraint FKokwvlrv6o4i4h3le3bwhe6kie 
       foreign key (book_id) 
       references books
Hibernate: 
    alter table if exists loans 
       add constraint FK6xxlcjc0rqtn5nq28vjnx5t9d 
       foreign key (user_id) 
       references users
Hibernate: 
    alter table if exists user_roles 
       add constraint FKh8ciramu9cc9q3qcqiv4ue8a6 
       foreign key (role_id) 
       references roles
Hibernate: 
    alter table if exists user_roles 
       add constraint FKhfh9dx7w3ubf1co1vdev94g3f 
       foreign key (user_id) 
       references users
2026-06-10T00:21:43.805+01:00  INFO 25669 --- [ensam-bibliotheque] [           main] j.LocalContainerEntityManagerFactoryBean : Initialized JPA EntityManagerFactory for persistence unit 'default'
2026-06-10T00:21:44.099+01:00  WARN 25669 --- [ensam-bibliotheque] [           main] JpaBaseConfiguration$JpaWebConfiguration : spring.jpa.open-in-view is enabled by default. Therefore, database queries may be performed during view rendering. Explicitly configure spring.jpa.open-in-view to disable this warning
2026-06-10T00:21:44.207+01:00  INFO 25669 --- [ensam-bibliotheque] [           main] o.s.s.web.DefaultSecurityFilterChain     : Will secure any request with [org.springframework.security.web.session.DisableEncodeUrlFilter@10e4c4f5, org.springframework.security.web.context.request.async.WebAsyncManagerIntegrationFilter@6db659cb, org.springframework.security.web.context.SecurityContextHolderFilter@6bb97262, org.springframework.security.web.header.HeaderWriterFilter@c4c8fda, org.springframework.web.filter.CorsFilter@15a5164c, org.springframework.security.web.authentication.logout.LogoutFilter@242b2092, com.ensam.projet.security.JwtAuthFilter@2524e77f, org.springframework.security.web.savedrequest.RequestCacheAwareFilter@2c090937, org.springframework.security.web.servletapi.SecurityContextHolderAwareRequestFilter@44537133, org.springframework.security.web.authentication.AnonymousAuthenticationFilter@532b2ab1, org.springframework.security.web.session.SessionManagementFilter@12aa431c, org.springframework.security.web.access.ExceptionTranslationFilter@37be1923, org.springframework.security.web.access.intercept.AuthorizationFilter@1f0afe5a]
2026-06-10T00:21:44.440+01:00  INFO 25669 --- [ensam-bibliotheque] [           main] o.s.b.t.m.w.SpringBootMockServletContext : Initializing Spring TestDispatcherServlet ''
2026-06-10T00:21:44.440+01:00  INFO 25669 --- [ensam-bibliotheque] [           main] o.s.t.web.servlet.TestDispatcherServlet  : Initializing Servlet ''
2026-06-10T00:21:44.441+01:00  INFO 25669 --- [ensam-bibliotheque] [           main] o.s.t.web.servlet.TestDispatcherServlet  : Completed initialization in 0 ms
2026-06-10T00:21:44.449+01:00  INFO 25669 --- [ensam-bibliotheque] [           main] o.s.m.s.b.SimpleBrokerMessageHandler     : Starting...
2026-06-10T00:21:44.450+01:00  INFO 25669 --- [ensam-bibliotheque] [           main] o.s.m.s.b.SimpleBrokerMessageHandler     : BrokerAvailabilityEvent[available=true, SimpleBrokerMessageHandler [org.springframework.messaging.simp.broker.DefaultSubscriptionRegistry@aed5bd0]]
2026-06-10T00:21:44.450+01:00  INFO 25669 --- [ensam-bibliotheque] [           main] o.s.m.s.b.SimpleBrokerMessageHandler     : Started.
2026-06-10T00:21:44.454+01:00  INFO 25669 --- [ensam-bibliotheque] [           main] c.e.p.c.UserControllerIntegrationTest    : Started UserControllerIntegrationTest in 1.24 seconds (process running for 57.944)
]]></system-out>
  </testcase>
  <testcase name="shouldGetCurrentUserProfile" classname="com.ensam.projet.controller.UserControllerIntegrationTest" time="1.294">
    <system-out><![CDATA[2026-06-10T00:21:44.497+01:00  INFO 25669 --- [ensam-bibliotheque] [           main] o.s.m.s.b.SimpleBrokerMessageHandler     : Stopping...
2026-06-10T00:21:44.498+01:00  INFO 25669 --- [ensam-bibliotheque] [           main] o.s.m.s.b.SimpleBrokerMessageHandler     : BrokerAvailabilityEvent[available=false, SimpleBrokerMessageHandler [org.springframework.messaging.simp.broker.DefaultSubscriptionRegistry@aed5bd0]]
2026-06-10T00:21:44.498+01:00  INFO 25669 --- [ensam-bibliotheque] [           main] o.s.m.s.b.SimpleBrokerMessageHandler     : Stopped.
2026-06-10T00:21:44.502+01:00  INFO 25669 --- [ensam-bibliotheque] [           main] j.LocalContainerEntityManagerFactoryBean : Closing JPA EntityManagerFactory for persistence unit 'default'
Hibernate: 
    drop table if exists book_categories cascade 
Hibernate: 
    drop table if exists books cascade 
Hibernate: 
    drop table if exists categories cascade 
Hibernate: 
    drop table if exists loan_details cascade 
Hibernate: 
    drop table if exists loans cascade 
Hibernate: 
    drop table if exists roles cascade 
Hibernate: 
    drop table if exists user_roles cascade 
Hibernate: 
    drop table if exists users cascade 
2026-06-10T00:21:44.511+01:00  INFO 25669 --- [ensam-bibliotheque] [           main] com.zaxxer.hikari.HikariDataSource       : HikariPool-14 - Shutdown initiated...
2026-06-10T00:21:44.513+01:00  INFO 25669 --- [ensam-bibliotheque] [           main] com.zaxxer.hikari.HikariDataSource       : HikariPool-14 - Shutdown completed.

  .   ____          _            __ _ _
 /\\ / ___'_ __ _ _(_)_ __  __ _ \ \ \ \
( ( )\___ | '_ | '_| | '_ \/ _` | \ \ \ \
 \\/  ___)| |_)| | | | | || (_| |  ) ) ) )
  '  |____| .__|_| |_|_| |_\__, | / / / /
 =========|_|==============|___/=/_/_/_/
 :: Spring Boot ::                (v3.2.2)

2026-06-10T00:21:44.554+01:00  INFO 25669 --- [ensam-bibliotheque] [           main] c.e.p.c.UserControllerIntegrationTest    : Starting UserControllerIntegrationTest using Java 21.0.11 with PID 25669 (started by yass in /home/yass/S8/JEE/project/JEE-Project/backend)
2026-06-10T00:21:44.555+01:00  INFO 25669 --- [ensam-bibliotheque] [           main] c.e.p.c.UserControllerIntegrationTest    : No active profile set, falling back to 1 default profile: "default"
2026-06-10T00:21:44.807+01:00  INFO 25669 --- [ensam-bibliotheque] [           main] .s.d.r.c.RepositoryConfigurationDelegate : Bootstrapping Spring Data JPA repositories in DEFAULT mode.
2026-06-10T00:21:44.826+01:00  INFO 25669 --- [ensam-bibliotheque] [           main] .s.d.r.c.RepositoryConfigurationDelegate : Finished Spring Data repository scanning in 19 ms. Found 6 JPA repository interfaces.
2026-06-10T00:21:44.940+01:00  INFO 25669 --- [ensam-bibliotheque] [           main] o.hibernate.jpa.internal.util.LogHelper  : HHH000204: Processing PersistenceUnitInfo [name: default]
[...]
2026-06-10T00:21:45.835+01:00  INFO 25669 --- [ensam-bibliotheque] [           main] c.e.p.c.UserControllerIntegrationTest    : No active profile set, falling back to 1 default profile: "default"
2026-06-10T00:21:46.037+01:00  INFO 25669 --- [ensam-bibliotheque] [           main] .s.d.r.c.RepositoryConfigurationDelegate : Bootstrapping Spring Data JPA repositories in DEFAULT mode.
2026-06-10T00:21:46.056+01:00  INFO 25669 --- [ensam-bibliotheque] [           main] .s.d.r.c.RepositoryConfigurationDelegate : Finished Spring Data repository scanning in 17 ms. Found 6 JPA repository interfaces.
2026-06-10T00:21:46.163+01:00  INFO 25669 --- [ensam-bibliotheque] [           main] o.hibernate.jpa.internal.util.LogHelper  : HHH000204: Processing PersistenceUnitInfo [name: default]
2026-06-10T00:21:46.166+01:00  INFO 25669 --- [ensam-bibliotheque] [           main] o.h.c.internal.RegionFactoryInitiator    : HHH000026: Second-level cache disabled
2026-06-10T00:21:46.169+01:00  INFO 25669 --- [ensam-bibliotheque] [           main] o.s.o.j.p.SpringPersistenceUnitInfo      : No LoadTimeWeaver setup: ignoring JPA class transformer
2026-06-10T00:21:46.170+01:00  INFO 25669 --- [ensam-bibliotheque] [           main] com.zaxxer.hikari.HikariDataSource       : HikariPool-16 - Starting...
2026-06-10T00:21:46.171+01:00  INFO 25669 --- [ensam-bibliotheque] [           main] com.zaxxer.hikari.pool.HikariPool        : HikariPool-16 - Added connection conn150: url=jdbc:h2:mem:usercontrollerdb user=${SPRING_DATASOURCE_USERNAME}
2026-06-10T00:21:46.172+01:00  INFO 25669 --- [ensam-bibliotheque] [           main] com.zaxxer.hikari.HikariDataSource       : HikariPool-16 - Start completed.
2026-06-10T00:21:46.172+01:00  WARN 25669 --- [ensam-bibliotheque] [           main] org.hibernate.orm.deprecation            : HHH90000025: H2Dialect does not need to be specified explicitly using 'hibernate.dialect' (remove the property setting and it will be selected by default)
2026-06-10T00:21:46.345+01:00  INFO 25669 --- [ensam-bibliotheque] [           main] o.h.e.t.j.p.i.JtaPlatformInitiator       : HHH000489: No JTA platform available (set 'hibernate.transaction.jta.platform' to enable JTA platform integration)
Hibernate: 
    drop table if exists book_categories cascade 
Hibernate: 
    drop table if exists books cascade 
Hibernate: 
    drop table if exists categories cascade 
Hibernate: 
    drop table if exists loan_details cascade 
Hibernate: 
    drop table if exists loans cascade 
Hibernate: 
    drop table if exists roles cascade 
Hibernate: 
    drop table if exists user_roles cascade 
Hibernate: 
    drop table if exists users cascade 
Hibernate: 
    create table book_categories (
        book_id bigint not null,
        category_id bigint not null,
        primary key (book_id, category_id)
    )
Hibernate: 
    create table books (
        published_date date,
        stock integer check (stock>=0),
        created_at timestamp(6),
        id bigint generated by default as identity,
        updated_at timestamp(6),
        version bigint,
        author varchar(255),
        description TEXT,
        isbn varchar(255) unique,
        title varchar(255),
        primary key (id)
    )
Hibernate: 
    create table categories (
        id bigint generated by default as identity,
        color varchar(255),
        description varchar(255),
        name varchar(255),
        primary key (id),
        unique (name)
    )
Hibernate: 
    create table loan_details (
        renewal_count integer,
        id bigint generated by default as identity,
        loan_id bigint unique,
        itemcondition varchar(255),
        notes TEXT,
        returned_by varchar(255),
        primary key (id)
    )
Hibernate: 
    create table loans (
        actual_return_date date,
        expected_return_date date,
        loan_date date,
        book_id bigint not null,
        id bigint generated by default as identity,
        user_id bigint not null,
        status varchar(255) check (status in ('PENDING','ACTIVE','RETURNED','OVERDUE')),
        primary key (id)
    )
Hibernate: 
    create table roles (
        id bigint generated by default as identity,
        name varchar(255) not null unique check (name in ('ROLE_ADMIN','ROLE_MANAGER','ROLE_USER')),
        primary key (id)
    )
Hibernate: 
    create table user_roles (
        role_id bigint not null,
        user_id bigint not null,
        primary key (role_id, user_id)
    )
Hibernate: 
    create table users (
        enabled boolean not null,
        created_at timestamp(6),
        id bigint generated by default as identity,
        email varchar(255),
        password varchar(255),
        username varchar(255),
        primary key (id),
        unique (username),
        unique (email)
    )
Hibernate: 
    alter table if exists book_categories 
       add constraint FKrg2xlmc92mm2y5b1wmhd2g0y0 
       foreign key (category_id) 
       references categories
Hibernate: 
    alter table if exists book_categories 
       add constraint FK3k3ahp5vqlgmrr9swqqprmbxy 
       foreign key (book_id) 
       references books
Hibernate: 
    alter table if exists loan_details 
       add constraint FK88pnqx3jyyvpat4gcn5rmaxji 
       foreign key (loan_id) 
       references loans
Hibernate: 
    alter table if exists loans 
       add constraint FKokwvlrv6o4i4h3le3bwhe6kie 
       foreign key (book_id) 
       references books
Hibernate: 
    alter table if exists loans 
       add constraint FK6xxlcjc0rqtn5nq28vjnx5t9d 
       foreign key (user_id) 
       references users
Hibernate: 
    alter table if exists user_roles 
       add constraint FKh8ciramu9cc9q3qcqiv4ue8a6 
       foreign key (role_id) 
       references roles
Hibernate: 
    alter table if exists user_roles 
       add constraint FKhfh9dx7w3ubf1co1vdev94g3f 
       foreign key (user_id) 
       references users
2026-06-10T00:21:46.375+01:00  INFO 25669 --- [ensam-bibliotheque] [           main] j.LocalContainerEntityManagerFactoryBean : Initialized JPA EntityManagerFactory for persistence unit 'default'
2026-06-10T00:21:46.676+01:00  WARN 25669 --- [ensam-bibliotheque] [           main] JpaBaseConfiguration$JpaWebConfiguration : spring.jpa.open-in-view is enabled by default. Therefore, database queries may be performed during view rendering. Explicitly configure spring.jpa.open-in-view to disable this warning
2026-06-10T00:21:46.780+01:00  INFO 25669 --- [ensam-bibliotheque] [           main] o.s.s.web.DefaultSecurityFilterChain     : Will secure any request with [org.springframework.security.web.session.DisableEncodeUrlFilter@2b59b480, org.springframework.security.web.context.request.async.WebAsyncManagerIntegrationFilter@36dd7bd8, org.springframework.security.web.context.SecurityContextHolderFilter@5be684f3, org.springframework.security.web.header.HeaderWriterFilter@3fd96066, org.springframework.web.filter.CorsFilter@5bad16bc, org.springframework.security.web.authentication.logout.LogoutFilter@2f0643f0, com.ensam.projet.security.JwtAuthFilter@7d91f86, org.springframework.security.web.savedrequest.RequestCacheAwareFilter@3c5d0d99, org.springframework.security.web.servletapi.SecurityContextHolderAwareRequestFilter@48739024, org.springframework.security.web.authentication.AnonymousAuthenticationFilter@504ace8d, org.springframework.security.web.session.SessionManagementFilter@9302c6c, org.springframework.security.web.access.ExceptionTranslationFilter@33aa9ec8, org.springframework.security.web.access.intercept.AuthorizationFilter@2f45ffb4]
2026-06-10T00:21:46.992+01:00  INFO 25669 --- [ensam-bibliotheque] [           main] o.s.b.t.m.w.SpringBootMockServletContext : Initializing Spring TestDispatcherServlet ''
2026-06-10T00:21:46.992+01:00  INFO 25669 --- [ensam-bibliotheque] [           main] o.s.t.web.servlet.TestDispatcherServlet  : Initializing Servlet ''
2026-06-10T00:21:46.993+01:00  INFO 25669 --- [ensam-bibliotheque] [           main] o.s.t.web.servlet.TestDispatcherServlet  : Completed initialization in 1 ms
2026-06-10T00:21:47.000+01:00  INFO 25669 --- [ensam-bibliotheque] [           main] o.s.m.s.b.SimpleBrokerMessageHandler     : Starting...
2026-06-10T00:21:47.001+01:00  INFO 25669 --- [ensam-bibliotheque] [           main] o.s.m.s.b.SimpleBrokerMessageHandler     : BrokerAvailabilityEvent[available=true, SimpleBrokerMessageHandler [org.springframework.messaging.simp.broker.DefaultSubscriptionRegistry@5c930ee9]]
2026-06-10T00:21:47.001+01:00  INFO 25669 --- [ensam-bibliotheque] [           main] o.s.m.s.b.SimpleBrokerMessageHandler     : Started.
2026-06-10T00:21:47.005+01:00  INFO 25669 --- [ensam-bibliotheque] [           main] c.e.p.c.UserControllerIntegrationTest    : Started UserControllerIntegrationTest in 1.199 seconds (process running for 60.495)
]]></system-out>
  </testcase>
  <testcase name="shouldReturn403WhenUserTriesToGetAllUsers" classname="com.ensam.projet.controller.UserControllerIntegrationTest" time="1.428">
    <system-out><![CDATA[2026-06-10T00:21:47.048+01:00  INFO 25669 --- [ensam-bibliotheque] [           main] o.s.m.s.b.SimpleBrokerMessageHandler     : Stopping...
2026-06-10T00:21:47.048+01:00  INFO 25669 --- [ensam-bibliotheque] [           main] o.s.m.s.b.SimpleBrokerMessageHandler     : BrokerAvailabilityEvent[available=false, SimpleBrokerMessageHandler [org.springframework.messaging.simp.broker.DefaultSubscriptionRegistry@5c930ee9]]
2026-06-10T00:21:47.049+01:00  INFO 25669 --- [ensam-bibliotheque] [           main] o.s.m.s.b.SimpleBrokerMessageHandler     : Stopped.
2026-06-10T00:21:47.052+01:00  INFO 25669 --- [ensam-bibliotheque] [           main] j.LocalContainerEntityManagerFactoryBean : Closing JPA EntityManagerFactory for persistence unit 'default'
Hibernate: 
    drop table if exists book_categories cascade 
Hibernate: 
    drop table if exists books cascade 
Hibernate: 
    drop table if exists categories cascade 
Hibernate: 
    drop table if exists loan_details cascade 
Hibernate: 
    drop table if exists loans cascade 
Hibernate: 
    drop table if exists roles cascade 
Hibernate: 
    drop table if exists user_roles cascade 
Hibernate: 
    drop table if exists users cascade 
2026-06-10T00:21:47.058+01:00  INFO 25669 --- [ensam-bibliotheque] [           main] com.zaxxer.hikari.HikariDataSource       : HikariPool-16 - Shutdown initiated...
2026-06-10T00:21:47.060+01:00  INFO 25669 --- [ensam-bibliotheque] [           main] com.zaxxer.hikari.HikariDataSource       : HikariPool-16 - Shutdown completed.

  .   ____          _            __ _ _
 /\\ / ___'_ __ _ _(_)_ __  __ _ \ \ \ \
( ( )\___ | '_ | '_| | '_ \/ _` | \ \ \ \
 \\/  ___)| |_)| | | | | || (_| |  ) ) ) )
  '  |____| .__|_| |_|_| |_\__, | / / / /
 =========|_|==============|___/=/_/_/_/
 :: Spring Boot ::                (v3.2.2)

2026-06-10T00:21:47.087+01:00  INFO 25669 --- [ensam-bibliotheque] [           main] c.e.p.c.UserControllerIntegrationTest    : Starting UserControllerIntegrationTest using Java 21.0.11 with PID 25669 (started by yass in /home/yass/S8/JEE/project/JEE-Project/backend)
2026-06-10T00:21:47.088+01:00  INFO 25669 --- [ensam-bibliotheque] [           main] c.e.p.c.UserControllerIntegrationTest    : No active profile set, falling back to 1 default profile: "default"
2026-06-10T00:21:47.298+01:00  INFO 25669 --- [ensam-bibliotheque] [           main] .s.d.r.c.RepositoryConfigurationDelegate : Bootstrapping Spring Data JPA repositories in DEFAULT mode.
2026-06-10T00:21:47.316+01:00  INFO 25669 --- [ensam-bibliotheque] [           main] .s.d.r.c.RepositoryConfigurationDelegate : Finished Spring Data repository scanning in 17 ms. Found 6 JPA repository interfaces.
2026-06-10T00:21:47.430+01:00  INFO 25669 --- [ensam-bibliotheque] [           main] o.hibernate.jpa.internal.util.LogHelper  : HHH000204: Processing PersistenceUnitInfo [name: default]
2026-06-10T00:21:47.433+01:00  INFO 25669 --- [ensam-bibliotheque] [           main] o.h.c.internal.RegionFactoryInitiator    : HHH000026: Second-level cache disabled
2026-06-10T00:21:47.437+01:00  INFO 25669 --- [ensam-bibliotheque] [           main] o.s.o.j.p.SpringPersistenceUnitInfo      : No LoadTimeWeaver setup: ignoring JPA class transformer
2026-06-10T00:21:47.438+01:00  INFO 25669 --- [ensam-bibliotheque] [           main] com.zaxxer.hikari.HikariDataSource       : HikariPool-17 - Starting...
2026-06-10T00:21:47.440+01:00  INFO 25669 --- [ensam-bibliotheque] [           main] com.zaxxer.hikari.pool.HikariPool        : HikariPool-17 - Added connection conn160: url=jdbc:h2:mem:usercontrollerdb user=${SPRING_DATASOURCE_USERNAME}
2026-06-10T00:21:47.440+01:00  INFO 25669 --- [ensam-bibliotheque] [           main] com.zaxxer.hikari.HikariDataSource       : HikariPool-17 - Start completed.
2026-06-10T00:21:47.440+01:00  WARN 25669 --- [ensam-bibliotheque] [           main] org.hibernate.orm.deprecation            : HHH90000025: H2Dialect does not need to be specified explicitly using 'hibernate.dialect' (remove the property setting and it will be selected by default)
2026-06-10T00:21:47.747+01:00  INFO 25669 --- [ensam-bibliotheque] [           main] o.h.e.t.j.p.i.JtaPlatformInitiator       : HHH000489: No JTA platform available (set 'hibernate.transaction.jta.platform' to enable JTA platform integration)
Hibernate: 
    drop table if exists book_categories cascade 
Hibernate: 
    drop table if exists books cascade 
Hibernate: 
    drop table if exists categories cascade 
Hibernate: 
    drop table if exists loan_details cascade 
Hibernate: 
    drop table if exists loans cascade 
Hibernate: 
    drop table if exists roles cascade 
Hibernate: 
    drop table if exists user_roles cascade 
Hibernate: 
    drop table if exists users cascade 
Hibernate: 
    create table book_categories (
        book_id bigint not null,
        category_id bigint not null,
        primary key (book_id, category_id)
    )
Hibernate: 
    create table books (
        published_date date,
        stock integer check (stock>=0),
        created_at timestamp(6),
        id bigint generated by default as identity,
        updated_at timestamp(6),
        version bigint,
        author varchar(255),
        description TEXT,
        isbn varchar(255) unique,
        title varchar(255),
        primary key (id)
    )
Hibernate: 
    create table categories (
        id bigint generated by default as identity,
        color varchar(255),
        description varchar(255),
        name varchar(255),
        primary key (id),
        unique (name)
    )
Hibernate: 
    create table loan_details (
        renewal_count integer,
        id bigint generated by default as identity,
        loan_id bigint unique,
        itemcondition varchar(255),
        notes TEXT,
        returned_by varchar(255),
        primary key (id)
    )
Hibernate: 
    create table loans (
        actual_return_date date,
        expected_return_date date,
        loan_date date,
        book_id bigint not null,
        id bigint generated by default as identity,
        user_id bigint not null,
        status varchar(255) check (status in ('PENDING','ACTIVE','RETURNED','OVERDUE')),
        primary key (id)
    )
Hibernate: 
    create table roles (
        id bigint generated by default as identity,
        name varchar(255) not null unique check (name in ('ROLE_ADMIN','ROLE_MANAGER','ROLE_USER')),
        primary key (id)
    )
Hibernate: 
    create table user_roles (
        role_id bigint not null,
        user_id bigint not null,
        primary key (role_id, user_id)
    )
Hibernate: 
    create table users (
        enabled boolean not null,
        created_at timestamp(6),
        id bigint generated by default as identity,
        email varchar(255),
        password varchar(255),
        username varchar(255),
        primary key (id),
        unique (username),
        unique (email)
    )
Hibernate: 
    alter table if exists book_categories 
       add constraint FKrg2xlmc92mm2y5b1wmhd2g0y0 
       foreign key (category_id) 
       references categories
Hibernate: 
    alter table if exists book_categories 
       add constraint FK3k3ahp5vqlgmrr9swqqprmbxy 
       foreign key (book_id) 
       references books
Hibernate: 
    alter table if exists loan_details 
       add constraint FK88pnqx3jyyvpat4gcn5rmaxji 
       foreign key (loan_id) 
       references loans
Hibernate: 
    alter table if exists loans 
       add constraint FKokwvlrv6o4i4h3le3bwhe6kie 
       foreign key (book_id) 
       references books
Hibernate: 
    alter table if exists loans 
       add constraint FK6xxlcjc0rqtn5nq28vjnx5t9d 
       foreign key (user_id) 
       references users
Hibernate: 
    alter table if exists user_roles 
       add constraint FKh8ciramu9cc9q3qcqiv4ue8a6 
       foreign key (role_id) 
       references roles
Hibernate: 
    alter table if exists user_roles 
       add constraint FKhfh9dx7w3ubf1co1vdev94g3f 
       foreign key (user_id) 
       references users
2026-06-10T00:21:47.796+01:00  INFO 25669 --- [ensam-bibliotheque] [           main] j.LocalContainerEntityManagerFactoryBean : Initialized JPA EntityManagerFactory for persistence unit 'default'
2026-06-10T00:21:48.103+01:00  WARN 25669 --- [ensam-bibliotheque] [           main] JpaBaseConfiguration$JpaWebConfiguration : spring.jpa.open-in-view is enabled by default. Therefore, database queries may be performed during view rendering. Explicitly configure spring.jpa.open-in-view to disable this warning
2026-06-10T00:21:48.220+01:00  INFO 25669 --- [ensam-bibliotheque] [           main] o.s.s.web.DefaultSecurityFilterChain     : Will secure any request with [org.springframework.security.web.session.DisableEncodeUrlFilter@7e102c49, org.springframework.security.web.context.request.async.WebAsyncManagerIntegrationFilter@37bc91, org.springframework.security.web.context.SecurityContextHolderFilter@13ee9425, org.springframework.security.web.header.HeaderWriterFilter@5cd04ea8, org.springframework.web.filter.CorsFilter@b78534d, org.springframework.security.web.authentication.logout.LogoutFilter@23eba65c, com.ensam.projet.security.JwtAuthFilter@60d15abc, org.springframework.security.web.savedrequest.RequestCacheAwareFilter@298e5af0, org.springframework.security.web.servletapi.SecurityContextHolderAwareRequestFilter@77f5e467, org.springframework.security.web.authentication.AnonymousAuthenticationFilter@31e724f5, org.springframework.security.web.session.SessionManagementFilter@231212e6, org.springframework.security.web.access.ExceptionTranslationFilter@45efe6be, org.springframework.security.web.access.intercept.AuthorizationFilter@206734bd]
2026-06-10T00:21:48.436+01:00  INFO 25669 --- [ensam-bibliotheque] [           main] o.s.b.t.m.w.SpringBootMockServletContext : Initializing Spring TestDispatcherServlet ''
2026-06-10T00:21:48.436+01:00  INFO 25669 --- [ensam-bibliotheque] [           main] o.s.t.web.servlet.TestDispatcherServlet  : Initializing Servlet ''
2026-06-10T00:21:48.437+01:00  INFO 25669 --- [ensam-bibliotheque] [           main] o.s.t.web.servlet.TestDispatcherServlet  : Completed initialization in 1 ms
2026-06-10T00:21:48.444+01:00  INFO 25669 --- [ensam-bibliotheque] [           main] o.s.m.s.b.SimpleBrokerMessageHandler     : Starting...
2026-06-10T00:21:48.445+01:00  INFO 25669 --- [ensam-bibliotheque] [           main] o.s.m.s.b.SimpleBrokerMessageHandler     : BrokerAvailabilityEvent[available=true, SimpleBrokerMessageHandler [org.springframework.messaging.simp.broker.DefaultSubscriptionRegistry@26901333]]
2026-06-10T00:21:48.445+01:00  INFO 25669 --- [ensam-bibliotheque] [           main] o.s.m.s.b.SimpleBrokerMessageHandler     : Started.
2026-06-10T00:21:48.449+01:00  INFO 25669 --- [ensam-bibliotheque] [           main] c.e.p.c.UserControllerIntegrationTest    : Started UserControllerIntegrationTest in 1.386 seconds (process running for 61.939)
]]></system-out>
  </testcase>
</testsuite>