<?xml version="1.0" encoding="UTF-8"?>
<testsuite xmlns:xsi="http://www.w3.org/2001/XMLSchema-instance" xsi:noNamespaceSchemaLocation="https://maven.apache.org/surefire/maven-surefire-plugin/xsd/surefire-test-report-3.0.xsd" version="3.0" name="com.ensam.projet.controller.UserControllerIntegrationTest" time="26.43" tests="14" errors="0" skipped="0" failures="0">
  <properties>
[...]
</properties>
  <testcase name="shouldReturn403WhenUserTriesToDeleteAnotherUser" classname="com.ensam.projet.controller.UserControllerIntegrationTest" time="2.514">
    <system-out><![CDATA[2026-06-10T09:15:55.788+01:00  INFO 32461 --- [ensam-bibliotheque] [           main] t.c.s.AnnotationConfigContextLoaderUtils : Could not detect default configuration classes for test class [com.ensam.projet.controller.UserControllerIntegrationTest]: UserControllerIntegrationTest does not declare any static, non-private, non-final, nested classes annotated with @Configuration.
2026-06-10T09:15:55.794+01:00  INFO 32461 --- [ensam-bibliotheque] [           main] .b.t.c.SpringBootTestContextBootstrapper : Found @SpringBootConfiguration com.ensam.projet.ProjetApplication for test class com.ensam.projet.controller.UserControllerIntegrationTest

  .   ____          _            __ _ _
 /\\ / ___'_ __ _ _(_)_ __  __ _ \ \ \ \
( ( )\___ | '_ | '_| | '_ \/ _` | \ \ \ \
 \\/  ___)| |_)| | | | | || (_| |  ) ) ) )
  '  |____| .__|_| |_|_| |_\__, | / / / /
 =========|_|==============|___/=/_/_/_/
 :: Spring Boot ::                (v3.2.2)

2026-06-10T09:15:55.855+01:00  INFO 32461 --- [ensam-bibliotheque] [           main] c.e.p.c.UserControllerIntegrationTest    : Starting UserControllerIntegrationTest using Java 21.0.11 with PID 32461 (started by yass in /home/yass/S8/JEE/project/JEE-Project/backend)
2026-06-10T09:15:55.855+01:00  INFO 32461 --- [ensam-bibliotheque] [           main] c.e.p.c.UserControllerIntegrationTest    : No active profile set, falling back to 1 default profile: "default"
2026-06-10T09:15:56.377+01:00  INFO 32461 --- [ensam-bibliotheque] [           main] .s.d.r.c.RepositoryConfigurationDelegate : Bootstrapping Spring Data JPA repositories in DEFAULT mode.
2026-06-10T09:15:56.408+01:00  INFO 32461 --- [ensam-bibliotheque] [           main] .s.d.r.c.RepositoryConfigurationDelegate : Finished Spring Data repository scanning in 30 ms. Found 6 JPA repository interfaces.
2026-06-10T09:15:56.827+01:00  INFO 32461 --- [ensam-bibliotheque] [           main] o.hibernate.jpa.internal.util.LogHelper  : HHH000204: Processing PersistenceUnitInfo [name: default]
2026-06-10T09:15:56.830+01:00  INFO 32461 --- [ensam-bibliotheque] [           main] o.h.c.internal.RegionFactoryInitiator    : HHH000026: Second-level cache disabled
2026-06-10T09:15:56.835+01:00  INFO 32461 --- [ensam-bibliotheque] [           main] o.s.o.j.p.SpringPersistenceUnitInfo      : No LoadTimeWeaver setup: ignoring JPA class transformer
2026-06-10T09:15:56.837+01:00  INFO 32461 --- [ensam-bibliotheque] [           main] com.zaxxer.hikari.HikariDataSource       : HikariPool-3 - Starting...
2026-06-10T09:15:56.843+01:00  INFO 32461 --- [ensam-bibliotheque] [           main] com.zaxxer.hikari.pool.HikariPool        : HikariPool-3 - Added connection conn20: url=jdbc:h2:mem:usercontrollerdb user=${SPRING_DATASOURCE_USERNAME}
2026-06-10T09:15:56.843+01:00  INFO 32461 --- [ensam-bibliotheque] [           main] com.zaxxer.hikari.HikariDataSource       : HikariPool-3 - Start completed.
2026-06-10T09:15:56.844+01:00  WARN 32461 --- [ensam-bibliotheque] [           main] org.hibernate.orm.deprecation            : HHH90000025: H2Dialect does not need to be specified explicitly using 'hibernate.dialect' (remove the property setting and it will be selected by default)
2026-06-10T09:15:57.186+01:00  INFO 32461 --- [ensam-bibliotheque] [           main] o.h.e.t.j.p.i.JtaPlatformInitiator       : HHH000489: No JTA platform available (set 'hibernate.transaction.jta.platform' to enable JTA platform integration)
Hibernate: 
    drop table if exists book_categories cascade 
Hibernate: 
    drop table if exists books cascade 
Hibernate: 
    drop table if exists categories cascade 
Hibernate: 
    drop table if exists loan_details cascade 
Hibernate: 
    drop table if exists loans cascade 
Hibernate: 
    drop table if exists roles cascade 
Hibernate: 
    drop table if exists user_roles cascade 
Hibernate: 
    drop table if exists users cascade 
Hibernate: 
    create table book_categories (
        book_id bigint not null,
        category_id bigint not null,
        primary key (book_id, category_id)
    )
Hibernate: 
    create table books (
        published_date date,
        stock integer check (stock>=0),
        created_at timestamp(6),
        id bigint generated by default as identity,
        updated_at timestamp(6),
        version bigint,
        author varchar(255),
        description TEXT,
        isbn varchar(255) unique,
        title varchar(255),
        primary key (id)
    )
Hibernate: 
    create table categories (
        id bigint generated by default as identity,
        color varchar(255),
        description varchar(255),
        name varchar(255),
        primary key (id),
        unique (name)
    )
Hibernate: 
    create table loan_details (
        renewal_count integer,
        id bigint generated by default as identity,
        loan_id bigint unique,
        itemcondition varchar(255),
        notes TEXT,
        returned_by varchar(255),
        primary key (id)
    )
Hibernate: 
    create table loans (
        actual_return_date date,
        expected_return_date date,
        loan_date date,
        book_id bigint not null,
        id bigint generated by default as identity,
        user_id bigint not null,
        status varchar(255) check (status in ('PENDING','ACTIVE','RETURNED','OVERDUE')),
        primary key (id)
    )
Hibernate: 
    create table roles (
        id bigint generated by default as identity,
        name varchar(255) not null unique check (name in ('ROLE_ADMIN','ROLE_MANAGER','ROLE_USER')),
        primary key (id)
    )
Hibernate: 
    create table user_roles (
        role_id bigint not null,
        user_id bigint not null,
        primary key (role_id, user_id)
    )
Hibernate: 
    create table users (
        enabled boolean not null,
        created_at timestamp(6),
        id bigint generated by default as identity,
        email varchar(255),
        password varchar(255),
        username varchar(255),
        primary key (id),
        unique (username),
        unique (email)
    )
Hibernate: 
    alter table if exists book_categories 
       add constraint FKrg2xlmc92mm2y5b1wmhd2g0y0 
       foreign key (category_id) 
       references categories
Hibernate: 
    alter table if exists book_categories 
       add constraint FK3k3ahp5vqlgmrr9swqqprmbxy 
       foreign key (book_id) 
       references books
Hibernate: 
    alter table if exists loan_details 
       add constraint FK88pnqx3jyyvpat4gcn5rmaxji 
       foreign key (loan_id) 
       references loans
Hibernate: 
    alter table if exists loans 
       add constraint FKokwvlrv6o4i4h3le3bwhe6kie 
       foreign key (book_id) 
       references books
Hibernate: 
    alter table if exists loans 
       add constraint FK6xxlcjc0rqtn5nq28vjnx5t9d 
       foreign key (user_id) 
       references users
Hibernate: 
    alter table if exists user_roles 
       add constraint FKh8ciramu9cc9q3qcqiv4ue8a6 
       foreign key (role_id) 
       references roles
Hibernate: 
    alter table if exists user_roles 
       add constraint FKhfh9dx7w3ubf1co1vdev94g3f 
       foreign key (user_id) 
       references users
2026-06-10T09:15:57.236+01:00  INFO 32461 --- [ensam-bibliotheque] [           main] j.LocalContainerEntityManagerFactoryBean : Initialized JPA EntityManagerFactory for persistence unit 'default'
2026-06-10T09:15:57.983+01:00  WARN 32461 --- [ensam-bibliotheque] [           main] JpaBaseConfiguration$JpaWebConfiguration : spring.jpa.open-in-view is enabled by default. Therefore, database queries may be performed during view rendering. Explicitly configure spring.jpa.open-in-view to disable this warning
2026-06-10T09:15:58.190+01:00  INFO 32461 --- [ensam-bibliotheque] [           main] o.s.s.web.DefaultSecurityFilterChain     : Will secure any request with [org.springframework.security.web.session.DisableEncodeUrlFilter@195dbd4b, org.springframework.security.web.context.request.async.WebAsyncManagerIntegrationFilter@5468b610, org.springframework.security.web.context.SecurityContextHolderFilter@3895e49e, org.springframework.security.web.header.HeaderWriterFilter@3584bf3a, org.springframework.web.filter.CorsFilter@21fb88ae, org.springframework.security.web.authentication.logout.LogoutFilter@ef87000, com.ensam.projet.security.JwtAuthFilter@3f0b7ee4, org.springframework.security.web.savedrequest.RequestCacheAwareFilter@268d85a1, org.springframework.security.web.servletapi.SecurityContextHolderAwareRequestFilter@36609325, org.springframework.security.web.authentication.AnonymousAuthenticationFilter@24b1dba, org.springframework.security.web.session.SessionManagementFilter@2301821a, org.springframework.security.web.access.ExceptionTranslationFilter@1e4018dd, org.springframework.security.web.access.intercept.AuthorizationFilter@765916ef]
2026-06-10T09:15:58.621+01:00  INFO 32461 --- [ensam-bibliotheque] [           main] o.s.b.t.m.w.SpringBootMockServletContext : Initializing Spring TestDispatcherServlet ''
2026-06-10T09:15:58.621+01:00  INFO 32461 --- [ensam-bibliotheque] [           main] o.s.t.web.servlet.TestDispatcherServlet  : Initializing Servlet ''
2026-06-10T09:15:58.625+01:00  INFO 32461 --- [ensam-bibliotheque] [           main] o.s.t.web.servlet.TestDispatcherServlet  : Completed initialization in 3 ms
2026-06-10T09:15:58.641+01:00  INFO 32461 --- [ensam-bibliotheque] [           main] o.s.m.s.b.SimpleBrokerMessageHandler     : Starting...
2026-06-10T09:15:58.642+01:00  INFO 32461 --- [ensam-bibliotheque] [           main] o.s.m.s.b.SimpleBrokerMessageHandler     : BrokerAvailabilityEvent[available=true, SimpleBrokerMessageHandler [org.springframework.messaging.simp.broker.DefaultSubscriptionRegistry@3dad3e98]]
2026-06-10T09:15:58.643+01:00  INFO 32461 --- [ensam-bibliotheque] [           main] o.s.m.s.b.SimpleBrokerMessageHandler     : Started.
2026-06-10T09:15:58.654+01:00  INFO 32461 --- [ensam-bibliotheque] [           main] c.e.p.c.UserControllerIntegrationTest    : Started UserControllerIntegrationTest in 2.853 seconds (process running for 40.834)
2026-06-10T09:15:58.672+01:00  INFO 32461 --- [ensam-bibliotheque] [           main] o.s.m.s.b.SimpleBrokerMessageHandler     : Stopping...
2026-06-10T09:15:58.672+01:00  INFO 32461 --- [ensam-bibliotheque] [           main] o.s.m.s.b.SimpleBrokerMessageHandler     : BrokerAvailabilityEvent[available=false, SimpleBrokerMessageHandler [org.springframework.messaging.simp.broker.DefaultSubscriptionRegistry@3dad3e98]]
2026-06-10T09:15:58.672+01:00  INFO 32461 --- [ensam-bibliotheque] [           main] o.s.m.s.b.SimpleBrokerMessageHandler     : Stopped.
2026-06-10T09:15:58.689+01:00  INFO 32461 --- [ensam-bibliotheque] [           main] j.LocalContainerEntityManagerFactoryBean : Closing JPA EntityManagerFactory for persistence unit 'default'
Hibernate: 
    drop table if exists book_categories cascade 
Hibernate: 
    drop table if exists books cascade 
Hibernate: 
    drop table if exists categories cascade 
Hibernate: 
    drop table if exists loan_details cascade 
Hibernate: 
    drop table if exists loans cascade 
Hibernate: 
    drop table if exists roles cascade 
Hibernate: 
    drop table if exists user_roles cascade 
Hibernate: 
    drop table if exists users cascade 
2026-06-10T09:15:58.724+01:00  INFO 32461 --- [ensam-bibliotheque] [           main] com.zaxxer.hikari.HikariDataSource       : HikariPool-3 - Shutdown initiated...
2026-06-10T09:15:58.729+01:00  INFO 32461 --- [ensam-bibliotheque] [           main] com.zaxxer.hikari.HikariDataSource       : HikariPool-3 - Shutdown completed.

  .   ____          _            __ _ _
 /\\ / ___'_ __ _ _(_)_ __  __ _ \ \ \ \
( ( )\___ | '_ | '_| | '_ \/ _` | \ \ \ \
 \\/  ___)| |_)| | | | | || (_| |  ) ) ) )
  '  |____| .__|_| |_|_| |_\__, | / / / /
 =========|_|==============|___/=/_/_/_/
 :: Spring Boot ::                (v3.2.2)

2026-06-10T09:15:58.803+01:00  INFO 32461 --- [ensam-bibliotheque] [           main] c.e.p.c.UserControllerIntegrationTest    : Starting UserControllerIntegrationTest using Java 21.0.11 with PID 32461 (started by yass in /home/yass/S8/JEE/project/JEE-Project/backend)
2026-06-10T09:15:58.804+01:00  INFO 32461 --- [ensam-bibliotheque] [           main] c.e.p.c.UserControllerIntegrationTest    : No active profile set, falling back to 1 default profile: "default"
2026-06-10T09:15:59.191+01:00  INFO 32461 --- [ensam-bibliotheque] [           main] .s.d.r.c.RepositoryConfigurationDelegate : Bootstrapping Spring Data JPA repositories in DEFAULT mode.
2026-06-10T09:15:59.230+01:00  INFO 32461 --- [ensam-bibliotheque] [           main] .s.d.r.c.RepositoryConfigurationDelegate : Finished Spring Data repository scanning in 38 ms. Found 6 JPA repository interfaces.
2026-06-10T09:15:59.450+01:00  INFO 32461 --- [ensam-bibliotheque] [           main] o.hibernate.jpa.internal.util.LogHelper  : HHH000204: Processing PersistenceUnitInfo [name: default]
2026-06-10T09:15:59.453+01:00  INFO 32461 --- [ensam-bibliotheque] [           main] o.h.c.internal.RegionFactoryInitiator    : HHH000026: Second-level cache disabled
2026-06-10T09:15:59.458+01:00  INFO 32461 --- [ensam-bibliotheque] [           main] o.s.o.j.p.SpringPersistenceUnitInfo      : No LoadTimeWeaver setup: ignoring JPA class transformer
2026-06-10T09:15:59.459+01:00  INFO 32461 --- [ensam-bibliotheque] [           main] com.zaxxer.hikari.HikariDataSource       : HikariPool-4 - Starting...
2026-06-10T09:15:59.462+01:00  INFO 32461 --- [ensam-bibliotheque] [           main] com.zaxxer.hikari.pool.HikariPool        : HikariPool-4 - Added connection conn30: url=jdbc:h2:mem:usercontrollerdb user=${SPRING_DATASOURCE_USERNAME}
2026-06-10T09:15:59.462+01:00  INFO 32461 --- [ensam-bibliotheque] [           main] com.zaxxer.hikari.HikariDataSource       : HikariPool-4 - Start completed.
2026-06-10T09:15:59.463+01:00  WARN 32461 --- [ensam-bibliotheque] [           main] org.hibernate.orm.deprecation            : HHH90000025: H2Dialect does not need to be specified explicitly using 'hibernate.dialect' (remove the property setting and it will be selected by default)
2026-06-10T09:15:59.799+01:00  INFO 32461 --- [ensam-bibliotheque] [           main] o.h.e.t.j.p.i.JtaPlatformInitiator       : HHH000489: No JTA platform available (set 'hibernate.transaction.jta.platform' to enable JTA platform integration)
Hibernate: 
    drop table if exists book_categories cascade 
Hibernate: 
    drop table if exists books cascade 
Hibernate: 
    drop table if exists categories cascade 
Hibernate: 
    drop table if exists loan_details cascade 
Hibernate: 
    drop table if exists loans cascade 
Hibernate: 
    drop table if exists roles cascade 
Hibernate: 
    drop table if exists user_roles cascade 
Hibernate: 
    drop table if exists users cascade 
Hibernate: 
    create table book_categories (
        book_id bigint not null,
        category_id bigint not null,
        primary key (book_id, category_id)
    )
Hibernate: 
    create table books (
        published_date date,
        stock integer check (stock>=0),
        created_at timestamp(6),
        id bigint generated by default as identity,
        updated_at timestamp(6),
        version bigint,
        author varchar(255),
        description TEXT,
        isbn varchar(255) unique,
        title varchar(255),
        primary key (id)
    )
Hibernate: 
    create table categories (
        id bigint generated by default as identity,
        color varchar(255),
        description varchar(255),
        name varchar(255),
        primary key (id),
        unique (name)
    )
Hibernate: 
    create table loan_details (
        renewal_count integer,
        id bigint generated by default as identity,
        loan_id bigint unique,
        itemcondition varchar(255),
        notes TEXT,
        returned_by varchar(255),
        primary key (id)
    )
Hibernate: 
    create table loans (
        actual_return_date date,
        expected_return_date date,
        loan_date date,
        book_id bigint not null,
        id bigint generated by default as identity,
        user_id bigint not null,
        status varchar(255) check (status in ('PENDING','ACTIVE','RETURNED','OVERDUE')),
        primary key (id)
    )
Hibernate: 
    create table roles (
        id bigint generated by default as identity,
        name varchar(255) not null unique check (name in ('ROLE_ADMIN','ROLE_MANAGER','ROLE_USER')),
        primary key (id)
    )
Hibernate: 
    create table user_roles (
        role_id bigint not null,
        user_id bigint not null,
        primary key (role_id, user_id)
    )
Hibernate: 
    create table users (
        enabled boolean not null,
        created_at timestamp(6),
        id bigint generated by default as identity,
        email varchar(255),
        password varchar(255),
        username varchar(255),
        primary key (id),
        unique (username),
        unique (email)
    )
Hibernate: 
    alter table if exists book_categories 
       add constraint FKrg2xlmc92mm2y5b1wmhd2g0y0 
       foreign key (category_id) 
       references categories
Hibernate: 
    alter table if exists book_categories 
       add constraint FK3k3ahp5vqlgmrr9swqqprmbxy 
       foreign key (book_id) 
       references books
Hibernate: 
    alter table if exists loan_details 
       add constraint FK88pnqx3jyyvpat4gcn5rmaxji 
       foreign key (loan_id) 
       references loans
Hibernate: 
    alter table if exists loans 
       add constraint FKokwvlrv6o4i4h3le3bwhe6kie 
       foreign key (book_id) 
       references books
Hibernate: 
    alter table if exists loans 
       add constraint FK6xxlcjc0rqtn5nq28vjnx5t9d 
       foreign key (user_id) 
       references users
Hibernate: 
    alter table if exists user_roles 
       add constraint FKh8ciramu9cc9q3qcqiv4ue8a6 
       foreign key (role_id) 
       references roles
Hibernate: 
    alter table if exists user_roles 
       add constraint FKhfh9dx7w3ubf1co1vdev94g3f 
       foreign key (user_id) 
       references users
2026-06-10T09:15:59.846+01:00  INFO 32461 --- [ensam-bibliotheque] [           main] j.LocalContainerEntityManagerFactoryBean : Initialized JPA EntityManagerFactory for persistence unit 'default'
2026-06-10T09:16:00.619+01:00  WARN 32461 --- [ensam-bibliotheque] [           main] JpaBaseConfiguration$JpaWebConfiguration : spring.jpa.open-in-view is enabled by default. Therefore, database queries may be performed during view rendering. Explicitly configure spring.jpa.open-in-view to disable this warning
2026-06-10T09:16:00.780+01:00  INFO 32461 --- [ensam-bibliotheque] [           main] o.s.s.web.DefaultSecurityFilterChain     : Will secure any request with [org.springframework.security.web.session.DisableEncodeUrlFilter@65b89738, org.springframework.security.web.context.request.async.WebAsyncManagerIntegrationFilter@49dfe725, org.springframework.security.web.context.SecurityContextHolderFilter@4ff4e276, org.springframework.security.web.header.HeaderWriterFilter@389e267f, org.springframework.web.filter.CorsFilter@5856a63d, org.springframework.security.web.authentication.logout.LogoutFilter@36335f1d, com.ensam.projet.security.JwtAuthFilter@19cb4676, org.springframework.security.web.savedrequest.RequestCacheAwareFilter@1279e73b, org.springframework.security.web.servletapi.SecurityContextHolderAwareRequestFilter@5b9d96d5, org.springframework.security.web.authentication.AnonymousAuthenticationFilter@53ddb81f, org.springframework.security.web.session.SessionManagementFilter@2364c810, org.springframework.security.web.access.ExceptionTranslationFilter@40f3a46f, org.springframework.security.web.access.intercept.AuthorizationFilter@5c322e41]
2026-06-10T09:16:01.122+01:00  INFO 32461 --- [ensam-bibliotheque] [           main] o.s.b.t.m.w.SpringBootMockServletContext : Initializing Spring TestDispatcherServlet ''
2026-06-10T09:16:01.122+01:00  INFO 32461 --- [ensam-bibliotheque] [           main] o.s.t.web.servlet.TestDispatcherServlet  : Initializing Servlet ''
2026-06-10T09:16:01.123+01:00  INFO 32461 --- [ensam-bibliotheque] [           main] o.s.t.web.servlet.TestDispatcherServlet  : Completed initialization in 1 ms
2026-06-10T09:16:01.134+01:00  INFO 32461 --- [ensam-bibliotheque] [           main] o.s.m.s.b.SimpleBrokerMessageHandler     : Starting...
2026-06-10T09:16:01.134+01:00  INFO 32461 --- [ensam-bibliotheque] [           main] o.s.m.s.b.SimpleBrokerMessageHandler     : BrokerAvailabilityEvent[available=true, SimpleBrokerMessageHandler [org.springframework.messaging.simp.broker.DefaultSubscriptionRegistry@4d8e060e]]
2026-06-10T09:16:01.135+01:00  INFO 32461 --- [ensam-bibliotheque] [           main] o.s.m.s.b.SimpleBrokerMessageHandler     : Started.
2026-06-10T09:16:01.143+01:00  INFO 32461 --- [ensam-bibliotheque] [           main] c.e.p.c.UserControllerIntegrationTest    : Started UserControllerIntegrationTest in 2.408 seconds (process running for 43.324)
]]></system-out>
  </testcase>
  <testcase name="shouldGetAllUsersForAdmin" classname="com.ensam.projet.controller.UserControllerIntegrationTest" time="1.99">
    <system-out><![CDATA[2026-06-10T09:16:01.184+01:00  INFO 32461 --- [ensam-bibliotheque] [           main] o.s.m.s.b.SimpleBrokerMessageHandler     : Stopping...
2026-06-10T09:16:01.185+01:00  INFO 32461 --- [ensam-bibliotheque] [           main] o.s.m.s.b.SimpleBrokerMessageHandler     : BrokerAvailabilityEvent[available=false, SimpleBrokerMessageHandler [org.springframework.messaging.simp.broker.DefaultSubscriptionRegistry@4d8e060e]]
2026-06-10T09:16:01.185+01:00  INFO 32461 --- [ensam-bibliotheque] [           main] o.s.m.s.b.SimpleBrokerMessageHandler     : Stopped.
2026-06-10T09:16:01.193+01:00  INFO 32461 --- [ensam-bibliotheque] [           main] j.LocalContainerEntityManagerFactoryBean : Closing JPA EntityManagerFactory for persistence unit 'default'
Hibernate: 
    drop table if exists book_categories cascade 
Hibernate: 
    drop table if exists books cascade 
Hibernate: 
    drop table if exists categories cascade 
Hibernate: 
    drop table if exists loan_details cascade 
Hibernate: 
    drop table if exists loans cascade 
Hibernate: 
    drop table if exists roles cascade 
Hibernate: 
    drop table if exists user_roles cascade 
Hibernate: 
    drop table if exists users cascade 
2026-06-10T09:16:01.209+01:00  INFO 32461 --- [ensam-bibliotheque] [           main] com.zaxxer.hikari.HikariDataSource       : HikariPool-4 - Shutdown initiated...
2026-06-10T09:16:01.211+01:00  INFO 32461 --- [ensam-bibliotheque] [           main] com.zaxxer.hikari.HikariDataSource       : HikariPool-4 - Shutdown completed.

  .   ____          _            __ _ _
 /\\ / ___'_ __ _ _(_)_ __  __ _ \ \ \ \
( ( )\___ | '_ | '_| | '_ \/ _` | \ \ \ \
 \\/  ___)| |_)| | | | | || (_| |  ) ) ) )
  '  |____| .__|_| |_|_| |_\__, | / / / /
 =========|_|==============|___/=/_/_/_/
 :: Spring Boot ::                (v3.2.2)

2026-06-10T09:16:01.273+01:00  INFO 32461 --- [ensam-bibliotheque] [           main] c.e.p.c.UserControllerIntegrationTest    : Starting UserControllerIntegrationTest using Java 21.0.11 with PID 32461 (started by yass in /home/yass/S8/JEE/project/JEE-Project/backend)
2026-06-10T09:16:01.273+01:00  INFO 32461 --- [ensam-bibliotheque] [           main] c.e.p.c.UserControllerIntegrationTest    : No active profile set, falling back to 1 default profile: "default"
2026-06-10T09:16:01.609+01:00  INFO 32461 --- [ensam-bibliotheque] [           main] .s.d.r.c.RepositoryConfigurationDelegate : Bootstrapping Spring Data JPA repositories in DEFAULT mode.
2026-06-10T09:16:01.644+01:00  INFO 32461 --- [ensam-bibliotheque] [           main] .s.d.r.c.RepositoryConfigurationDelegate : Finished Spring Data repository scanning in 34 ms. Found 6 JPA repository interfaces.
2026-06-10T09:16:01.834+01:00  INFO 32461 --- [ensam-bibliotheque] [           main] o.hibernate.jpa.internal.util.LogHelper  : HHH000204: Processing PersistenceUnitInfo [name: default]
2026-06-10T09:16:01.837+01:00  INFO 32461 --- [ensam-bibliotheque] [           main] o.h.c.internal.RegionFactoryInitiator    : HHH000026: Second-level cache disabled
2026-06-10T09:16:01.841+01:00  INFO 32461 --- [ensam-bibliotheque] [           main] o.s.o.j.p.SpringPersistenceUnitInfo      : No LoadTimeWeaver setup: ignoring JPA class transformer
2026-06-10T09:16:01.842+01:00  INFO 32461 --- [ensam-bibliotheque] [           main] com.zaxxer.hikari.HikariDataSource       : HikariPool-5 - Starting...
2026-06-10T09:16:01.845+01:00  INFO 32461 --- [ensam-bibliotheque] [           main] com.zaxxer.hikari.pool.HikariPool        : HikariPool-5 - Added connection conn40: url=jdbc:h2:mem:usercontrollerdb user=${SPRING_DATASOURCE_USERNAME}
2026-06-10T09:16:01.845+01:00  INFO 32461 --- [ensam-bibliotheque] [           main] com.zaxxer.hikari.HikariDataSource       : HikariPool-5 - Start completed.
2026-06-10T09:16:01.846+01:00  WARN 32461 --- [ensam-bibliotheque] [           main] org.hibernate.orm.deprecation            : HHH90000025: H2Dialect does not need to be specified explicitly using 'hibernate.dialect' (remove the property setting and it will be selected by default)
2026-06-10T09:16:02.121+01:00  INFO 32461 --- [ensam-bibliotheque] [           main] o.h.e.t.j.p.i.JtaPlatformInitiator       : HHH000489: No JTA platform available (set 'hibernate.transaction.jta.platform' to enable JTA platform integration)
Hibernate: 
    drop table if exists book_categories cascade 
Hibernate: 
    drop table if exists books cascade 
Hibernate: 
    drop table if exists categories cascade 
Hibernate: 
    drop table if exists loan_details cascade 
Hibernate: 
    drop table if exists loans cascade 
Hibernate: 
    drop table if exists roles cascade 
Hibernate: 
    drop table if exists user_roles cascade 
Hibernate: 
    drop table if exists users cascade 
Hibernate: 
    create table book_categories (
        book_id bigint not null,
        category_id bigint not null,
        primary key (book_id, category_id)
    )
Hibernate: 
    create table books (
        published_date date,
        stock integer check (stock>=0),
        created_at timestamp(6),
        id bigint generated by default as identity,
        updated_at timestamp(6),
        version bigint,
        author varchar(255),
        description TEXT,
        isbn varchar(255) unique,
        title varchar(255),
        primary key (id)
    )
Hibernate: 
    create table categories (
        id bigint generated by default as identity,
        color varchar(255),
        description varchar(255),
        name varchar(255),
        primary key (id),
        unique (name)
    )
Hibernate: 
    create table loan_details (
        renewal_count integer,
        id bigint generated by default as identity,
        loan_id bigint unique,
        itemcondition varchar(255),
        notes TEXT,
        returned_by varchar(255),
        primary key (id)
    )
Hibernate: 
    create table loans (
        actual_return_date date,
        expected_return_date date,
        loan_date date,
        book_id bigint not null,
        id bigint generated by default as identity,
        user_id bigint not null,
        status varchar(255) check (status in ('PENDING','ACTIVE','RETURNED','OVERDUE')),
        primary key (id)
    )
Hibernate: 
    create table roles (
        id bigint generated by default as identity,
        name varchar(255) not null unique check (name in ('ROLE_ADMIN','ROLE_MANAGER','ROLE_USER')),
        primary key (id)
    )
Hibernate: 
    create table user_roles (
        role_id bigint not null,
        user_id bigint not null,
        primary key (role_id, user_id)
    )
Hibernate: 
    create table users (
        enabled boolean not null,
        created_at timestamp(6),
        id bigint generated by default as identity,
        email varchar(255),
        password varchar(255),
        username varchar(255),
        primary key (id),
        unique (username),
        unique (email)
    )
Hibernate: 
    alter table if exists book_categories 
       add constraint FKrg2xlmc92mm2y5b1wmhd2g0y0 
       foreign key (category_id) 
       references categories
Hibernate: 
    alter table if exists book_categories 
       add constraint FK3k3ahp5vqlgmrr9swqqprmbxy 
       foreign key (book_id) 
       references books
Hibernate: 
    alter table if exists loan_details 
       add constraint FK88pnqx3jyyvpat4gcn5rmaxji 
       foreign key (loan_id) 
       references loans
Hibernate: 
    alter table if exists loans 
       add constraint FKokwvlrv6o4i4h3le3bwhe6kie 
       foreign key (book_id) 
       references books
Hibernate: 
    alter table if exists loans 
       add constraint FK6xxlcjc0rqtn5nq28vjnx5t9d 
       foreign key (user_id) 
       references users
Hibernate: 
    alter table if exists user_roles 
       add constraint FKh8ciramu9cc9q3qcqiv4ue8a6 
       foreign key (role_id) 
       references roles
Hibernate: 
    alter table if exists user_roles 
       add constraint FKhfh9dx7w3ubf1co1vdev94g3f 
       foreign key (user_id) 
       references users
2026-06-10T09:16:02.161+01:00  INFO 32461 --- [ensam-bibliotheque] [           main] j.LocalContainerEntityManagerFactoryBean : Initialized JPA EntityManagerFactory for persistence unit 'default'
2026-06-10T09:16:02.656+01:00  WARN 32461 --- [ensam-bibliotheque] [           main] JpaBaseConfiguration$JpaWebConfiguration : spring.jpa.open-in-view is enabled by default. Therefore, database queries may be performed during view rendering. Explicitly configure spring.jpa.open-in-view to disable this warning
2026-06-10T09:16:02.791+01:00  INFO 32461 --- [ensam-bibliotheque] [           main] o.s.s.web.DefaultSecurityFilterChain     : Will secure any request with [org.springframework.security.web.session.DisableEncodeUrlFilter@7718f75d, org.springframework.security.web.context.request.async.WebAsyncManagerIntegrationFilter@6253ebae, org.springframework.security.web.context.SecurityContextHolderFilter@2e7a3463, org.springframework.security.web.header.HeaderWriterFilter@46ba2e89, org.springframework.web.filter.CorsFilter@2c90b79e, org.springframework.security.web.authentication.logout.LogoutFilter@703cac5c, com.ensam.projet.security.JwtAuthFilter@7357dff, org.springframework.security.web.savedrequest.RequestCacheAwareFilter@60fdb020, org.springframework.security.web.servletapi.SecurityContextHolderAwareRequestFilter@77a414d0, org.springframework.security.web.authentication.AnonymousAuthenticationFilter@747efa09, org.springframework.security.web.session.SessionManagementFilter@78e014c0, org.springframework.security.web.access.ExceptionTranslationFilter@358f68c4, org.springframework.security.web.access.intercept.AuthorizationFilter@2a18e736]
2026-06-10T09:16:03.103+01:00  INFO 32461 --- [ensam-bibliotheque] [           main] o.s.b.t.m.w.SpringBootMockServletContext : Initializing Spring TestDispatcherServlet ''
2026-06-10T09:16:03.103+01:00  INFO 32461 --- [ensam-bibliotheque] [           main] o.s.t.web.servlet.TestDispatcherServlet  : Initializing Servlet ''
2026-06-10T09:16:03.105+01:00  INFO 32461 --- [ensam-bibliotheque] [           main] o.s.t.web.servlet.TestDispatcherServlet  : Completed initialization in 2 ms
2026-06-10T09:16:03.116+01:00  INFO 32461 --- [ensam-bibliotheque] [           main] o.s.m.s.b.SimpleBrokerMessageHandler     : Starting...
2026-06-10T09:16:03.116+01:00  INFO 32461 --- [ensam-bibliotheque] [           main] o.s.m.s.b.SimpleBrokerMessageHandler     : BrokerAvailabilityEvent[available=true, SimpleBrokerMessageHandler [org.springframework.messaging.simp.broker.DefaultSubscriptionRegistry@53beda24]]
2026-06-10T09:16:03.117+01:00  INFO 32461 --- [ensam-bibliotheque] [           main] o.s.m.s.b.SimpleBrokerMessageHandler     : Started.
2026-06-10T09:16:03.122+01:00  INFO 32461 --- [ensam-bibliotheque] [           main] c.e.p.c.UserControllerIntegrationTest    : Started UserControllerIntegrationTest in 1.908 seconds (process running for 45.303)
]]></system-out>
  </testcase>
  <testcase name="shouldDeleteUserSuccessfullyWhenAdmin" classname="com.ensam.projet.controller.UserControllerIntegrationTest" time="2.016">
    <system-out><![CDATA[2026-06-10T09:16:03.175+01:00  INFO 32461 --- [ensam-bibliotheque] [           main] o.s.m.s.b.SimpleBrokerMessageHandler     : Stopping...
2026-06-10T09:16:03.176+01:00  INFO 32461 --- [ensam-bibliotheque] [           main] o.s.m.s.b.SimpleBrokerMessageHandler     : BrokerAvailabilityEvent[available=false, SimpleBrokerMessageHandler [org.springframework.messaging.simp.broker.DefaultSubscriptionRegistry@53beda24]]
2026-06-10T09:16:03.176+01:00  INFO 32461 --- [ensam-bibliotheque] [           main] o.s.m.s.b.SimpleBrokerMessageHandler     : Stopped.
2026-06-10T09:16:03.181+01:00  INFO 32461 --- [ensam-bibliotheque] [           main] j.LocalContainerEntityManagerFactoryBean : Closing JPA EntityManagerFactory for persistence unit 'default'
Hibernate: 
    drop table if exists book_categories cascade 
Hibernate: 
    drop table if exists books cascade 
Hibernate: 
    drop table if exists categories cascade 
Hibernate: 
    drop table if exists loan_details cascade 
Hibernate: 
    drop table if exists loans cascade 
Hibernate: 
    drop table if exists roles cascade 
Hibernate: 
    drop table if exists user_roles cascade 
Hibernate: 
    drop table if exists users cascade 
2026-06-10T09:16:03.193+01:00  INFO 32461 --- [ensam-bibliotheque] [           main] com.zaxxer.hikari.HikariDataSource       : HikariPool-5 - Shutdown initiated...
2026-06-10T09:16:03.195+01:00  INFO 32461 --- [ensam-bibliotheque] [           main] com.zaxxer.hikari.HikariDataSource       : HikariPool-5 - Shutdown completed.

  .   ____          _            __ _ _
 /\\ / ___'_ __ _ _(_)_ __  __ _ \ \ \ \
( ( )\___ | '_ | '_| | '_ \/ _` | \ \ \ \
 \\/  ___)| |_)| | | | | || (_| |  ) ) ) )
  '  |____| .__|_| |_|_| |_\__, | / / / /
 =========|_|==============|___/=/_/_/_/
 :: Spring Boot ::                (v3.2.2)

2026-06-10T09:16:03.250+01:00  INFO 32461 --- [ensam-bibliotheque] [           main] c.e.p.c.UserControllerIntegrationTest    : Starting UserControllerIntegrationTest using Java 21.0.11 with PID 32461 (started by yass in /home/yass/S8/JEE/project/JEE-Project/backend)
2026-06-10T09:16:03.251+01:00  INFO 32461 --- [ensam-bibliotheque] [           main] c.e.p.c.UserControllerIntegrationTest    : No active profile set, falling back to 1 default profile: "default"
2026-06-10T09:16:03.642+01:00  INFO 32461 --- [ensam-bibliotheque] [           main] .s.d.r.c.RepositoryConfigurationDelegate : Bootstrapping Spring Data JPA repositories in DEFAULT mode.
2026-06-10T09:16:03.669+01:00  INFO 32461 --- [ensam-bibliotheque] [           main] .s.d.r.c.RepositoryConfigurationDelegate : Finished Spring Data repository scanning in 26 ms. Found 6 JPA repository interfaces.
2026-06-10T09:16:03.846+01:00  INFO 32461 --- [ensam-bibliotheque] [           main] o.hibernate.jpa.internal.util.LogHelper  : HHH000204: Processing PersistenceUnitInfo [name: default]
2026-06-10T09:16:03.849+01:00  INFO 32461 --- [ensam-bibliotheque] [           main] o.h.c.internal.RegionFactoryInitiator    : HHH000026: Second-level cache disabled
2026-06-10T09:16:03.853+01:00  INFO 32461 --- [ensam-bibliotheque] [           main] o.s.o.j.p.SpringPersistenceUnitInfo      : No LoadTimeWeaver setup: ignoring JPA class transformer
2026-06-10T09:16:03.854+01:00  INFO 32461 --- [ensam-bibliotheque] [           main] com.zaxxer.hikari.HikariDataSource       : HikariPool-6 - Starting...
2026-06-10T09:16:03.857+01:00  INFO 32461 --- [ensam-bibliotheque] [           main] com.zaxxer.hikari.pool.HikariPool        : HikariPool-6 - Added connection conn50: url=jdbc:h2:mem:usercontrollerdb user=${SPRING_DATASOURCE_USERNAME}
2026-06-10T09:16:03.857+01:00  INFO 32461 --- [ensam-bibliotheque] [           main] com.zaxxer.hikari.HikariDataSource       : HikariPool-6 - Start completed.
2026-06-10T09:16:03.858+01:00  WARN 32461 --- [ensam-bibliotheque] [           main] org.hibernate.orm.deprecation            : HHH90000025: H2Dialect does not need to be specified explicitly using 'hibernate.dialect' (remove the property setting and it will be selected by default)
2026-06-10T09:16:04.142+01:00  INFO 32461 --- [ensam-bibliotheque] [           main] o.h.e.t.j.p.i.JtaPlatformInitiator       : HHH000489: No JTA platform available (set 'hibernate.transaction.jta.platform' to enable JTA platform integration)
Hibernate: 
    drop table if exists book_categories cascade 
Hibernate: 
    drop table if exists books cascade 
Hibernate: 
    drop table if exists categories cascade 
Hibernate: 
    drop table if exists loan_details cascade 
Hibernate: 
    drop table if exists loans cascade 
Hibernate: 
    drop table if exists roles cascade 
Hibernate: 
    drop table if exists user_roles cascade 
Hibernate: 
    drop table if exists users cascade 
Hibernate: 
    create table book_categories (
        book_id bigint not null,
        category_id bigint not null,
        primary key (book_id, category_id)
    )
Hibernate: 
    create table books (
        published_date date,
        stock integer check (stock>=0),
        created_at timestamp(6),
        id bigint generated by default as identity,
        updated_at timestamp(6),
        version bigint,
        author varchar(255),
        description TEXT,
        isbn varchar(255) unique,
        title varchar(255),
        primary key (id)
    )
Hibernate: 
    create table categories (
        id bigint generated by default as identity,
        color varchar(255),
        description varchar(255),
        name varchar(255),
        primary key (id),
        unique (name)
    )
Hibernate: 
    create table loan_details (
        renewal_count integer,
        id bigint generated by default as identity,
        loan_id bigint unique,
        itemcondition varchar(255),
        notes TEXT,
        returned_by varchar(255),
        primary key (id)
    )
Hibernate: 
    create table loans (
        actual_return_date date,
        expected_return_date date,
        loan_date date,
        book_id bigint not null,
        id bigint generated by default as identity,
        user_id bigint not null,
        status varchar(255) check (status in ('PENDING','ACTIVE','RETURNED','OVERDUE')),
        primary key (id)
    )
Hibernate: 
    create table roles (
        id bigint generated by default as identity,
        name varchar(255) not null unique check (name in ('ROLE_ADMIN','ROLE_MANAGER','ROLE_USER')),
        primary key (id)
    )
Hibernate: 
    create table user_roles (
        role_id bigint not null,
        user_id bigint not null,
        primary key (role_id, user_id)
    )
Hibernate: 
    create table users (
        enabled boolean not null,
        created_at timestamp(6),
        id bigint generated by default as identity,
        email varchar(255),
        password varchar(255),
        username varchar(255),
        primary key (id),
        unique (username),
        unique (email)
    )
Hibernate: 
    alter table if exists book_categories 
       add constraint FKrg2xlmc92mm2y5b1wmhd2g0y0 
       foreign key (category_id) 
       references categories
Hibernate: 
    alter table if exists book_categories 
       add constraint FK3k3ahp5vqlgmrr9swqqprmbxy 
       foreign key (book_id) 
       references books
Hibernate: 
    alter table if exists loan_details 
       add constraint FK88pnqx3jyyvpat4gcn5rmaxji 
       foreign key (loan_id) 
       references loans
Hibernate: 
    alter table if exists loans 
       add constraint FKokwvlrv6o4i4h3le3bwhe6kie 
       foreign key (book_id) 
       references books
Hibernate: 
    alter table if exists loans 
       add constraint FK6xxlcjc0rqtn5nq28vjnx5t9d 
       foreign key (user_id) 
       references users
Hibernate: 
    alter table if exists user_roles 
       add constraint FKh8ciramu9cc9q3qcqiv4ue8a6 
       foreign key (role_id) 
       references roles
Hibernate: 
    alter table if exists user_roles 
       add constraint FKhfh9dx7w3ubf1co1vdev94g3f 
       foreign key (user_id) 
       references users
2026-06-10T09:16:04.185+01:00  INFO 32461 --- [ensam-bibliotheque] [           main] j.LocalContainerEntityManagerFactoryBean : Initialized JPA EntityManagerFactory for persistence unit 'default'
2026-06-10T09:16:04.687+01:00  WARN 32461 --- [ensam-bibliotheque] [           main] JpaBaseConfiguration$JpaWebConfiguration : spring.jpa.open-in-view is enabled by default. Therefore, database queries may be performed during view rendering. Explicitly configure spring.jpa.open-in-view to disable this warning
2026-06-10T09:16:04.826+01:00  INFO 32461 --- [ensam-bibliotheque] [           main] o.s.s.web.DefaultSecurityFilterChain     : Will secure any request with [org.springframework.security.web.session.DisableEncodeUrlFilter@21134136, org.springframework.security.web.context.request.async.WebAsyncManagerIntegrationFilter@79761963, org.springframework.security.web.context.SecurityContextHolderFilter@78a89944, org.springframework.security.web.header.HeaderWriterFilter@2987f576, org.springframework.web.filter.CorsFilter@5e64a244, org.springframework.security.web.authentication.logout.LogoutFilter@76b5d116, com.ensam.projet.security.JwtAuthFilter@1bb1b8c4, org.springframework.security.web.savedrequest.RequestCacheAwareFilter@74ad2cab, org.springframework.security.web.servletapi.SecurityContextHolderAwareRequestFilter@62175b0d, org.springframework.security.web.authentication.AnonymousAuthenticationFilter@1166e5d9, org.springframework.security.web.session.SessionManagementFilter@329358e9, org.springframework.security.web.access.ExceptionTranslationFilter@37577bc9, org.springframework.security.web.access.intercept.AuthorizationFilter@33f7825d]
2026-06-10T09:16:05.138+01:00  INFO 32461 --- [ensam-bibliotheque] [           main] o.s.b.t.m.w.SpringBootMockServletContext : Initializing Spring TestDispatcherServlet ''
2026-06-10T09:16:05.138+01:00  INFO 32461 --- [ensam-bibliotheque] [           main] o.s.t.web.servlet.TestDispatcherServlet  : Initializing Servlet ''
2026-06-10T09:16:05.139+01:00  INFO 32461 --- [ensam-bibliotheque] [           main] o.s.t.web.servlet.TestDispatcherServlet  : Completed initialization in 1 ms
2026-06-10T09:16:05.150+01:00  INFO 32461 --- [ensam-bibliotheque] [           main] o.s.m.s.b.SimpleBrokerMessageHandler     : Starting...
2026-06-10T09:16:05.151+01:00  INFO 32461 --- [ensam-bibliotheque] [           main] o.s.m.s.b.SimpleBrokerMessageHandler     : BrokerAvailabilityEvent[available=true, SimpleBrokerMessageHandler [org.springframework.messaging.simp.broker.DefaultSubscriptionRegistry@2e7e019f]]
2026-06-10T09:16:05.151+01:00  INFO 32461 --- [ensam-bibliotheque] [           main] o.s.m.s.b.SimpleBrokerMessageHandler     : Started.
2026-06-10T09:16:05.156+01:00  INFO 32461 --- [ensam-bibliotheque] [           main] c.e.p.c.UserControllerIntegrationTest    : Started UserControllerIntegrationTest in 1.956 seconds (process running for 47.336)
]]></system-out>
  </testcase>
  <testcase name="shouldReturn400WhenUpdateProfileWithInvalidEmail" classname="com.ensam.projet.controller.UserControllerIntegrationTest" time="1.945">
    <system-out><![CDATA[2026-06-10T09:16:05.194+01:00  INFO 32461 --- [ensam-bibliotheque] [           main] o.s.m.s.b.SimpleBrokerMessageHandler     : Stopping...
2026-06-10T09:16:05.194+01:00  INFO 32461 --- [ensam-bibliotheque] [           main] o.s.m.s.b.SimpleBrokerMessageHandler     : BrokerAvailabilityEvent[available=false, SimpleBrokerMessageHandler [org.springframework.messaging.simp.broker.DefaultSubscriptionRegistry@2e7e019f]]
2026-06-10T09:16:05.194+01:00  INFO 32461 --- [ensam-bibliotheque] [           main] o.s.m.s.b.SimpleBrokerMessageHandler     : Stopped.
2026-06-10T09:16:05.200+01:00  INFO 32461 --- [ensam-bibliotheque] [           main] j.LocalContainerEntityManagerFactoryBean : Closing JPA EntityManagerFactory for persistence unit 'default'
Hibernate: 
    drop table if exists book_categories cascade 
Hibernate: 
    drop table if exists books cascade 
Hibernate: 
    drop table if exists categories cascade 
Hibernate: 
    drop table if exists loan_details cascade 
Hibernate: 
    drop table if exists loans cascade 
Hibernate: 
    drop table if exists roles cascade 
Hibernate: 
    drop table if exists user_roles cascade 
Hibernate: 
    drop table if exists users cascade 
2026-06-10T09:16:05.212+01:00  INFO 32461 --- [ensam-bibliotheque] [           main] com.zaxxer.hikari.HikariDataSource       : HikariPool-6 - Shutdown initiated...
2026-06-10T09:16:05.214+01:00  INFO 32461 --- [ensam-bibliotheque] [           main] com.zaxxer.hikari.HikariDataSource       : HikariPool-6 - Shutdown completed.

  .   ____          _            __ _ _
 /\\ / ___'_ __ _ _(_)_ __  __ _ \ \ \ \
( ( )\___ | '_ | '_| | '_ \/ _` | \ \ \ \
 \\/  ___)| |_)| | | | | || (_| |  ) ) ) )
  '  |____| .__|_| |_|_| |_\__, | / / / /
 =========|_|==============|___/=/_/_/_/
 :: Spring Boot ::                (v3.2.2)

2026-06-10T09:16:05.261+01:00  INFO 32461 --- [ensam-bibliotheque] [           main] c.e.p.c.UserControllerIntegrationTest    : Starting UserControllerIntegrationTest using Java 21.0.11 with PID 32461 (started by yass in /home/yass/S8/JEE/project/JEE-Project/backend)
2026-06-10T09:16:05.261+01:00  INFO 32461 --- [ensam-bibliotheque] [           main] c.e.p.c.UserControllerIntegrationTest    : No active profile set, falling back to 1 default profile: "default"
2026-06-10T09:16:05.574+01:00  INFO 32461 --- [ensam-bibliotheque] [           main] .s.d.r.c.RepositoryConfigurationDelegate : Bootstrapping Spring Data JPA repositories in DEFAULT mode.
2026-06-10T09:16:05.600+01:00  INFO 32461 --- [ensam-bibliotheque] [           main] .s.d.r.c.RepositoryConfigurationDelegate : Finished Spring Data repository scanning in 25 ms. Found 6 JPA repository interfaces.
2026-06-10T09:16:05.784+01:00  INFO 32461 --- [ensam-bibliotheque] [           main] o.hibernate.jpa.internal.util.LogHelper  : HHH000204: Processing PersistenceUnitInfo [name: default]
2026-06-10T09:16:05.787+01:00  INFO 32461 --- [ensam-bibliotheque] [           main] o.h.c.internal.RegionFactoryInitiator    : HHH000026: Second-level cache disabled
2026-06-10T09:16:05.791+01:00  INFO 32461 --- [ensam-bibliotheque] [           main] o.s.o.j.p.SpringPersistenceUnitInfo      : No LoadTimeWeaver setup: ignoring JPA class transformer
2026-06-10T09:16:05.792+01:00  INFO 32461 --- [ensam-bibliotheque] [           main] com.zaxxer.hikari.HikariDataSource       : HikariPool-7 - Starting...
2026-06-10T09:16:05.793+01:00  INFO 32461 --- [ensam-bibliotheque] [           main] com.zaxxer.hikari.pool.HikariPool        : HikariPool-7 - Added connection conn60: url=jdbc:h2:mem:usercontrollerdb user=${SPRING_DATASOURCE_USERNAME}
2026-06-10T09:16:05.794+01:00  INFO 32461 --- [ensam-bibliotheque] [           main] com.zaxxer.hikari.HikariDataSource       : HikariPool-7 - Start completed.
2026-06-10T09:16:05.794+01:00  WARN 32461 --- [ensam-bibliotheque] [           main] org.hibernate.orm.deprecation            : HHH90000025: H2Dialect does not need to be specified explicitly using 'hibernate.dialect' (remove the property setting and it will be selected by default)
2026-06-10T09:16:06.076+01:00  INFO 32461 --- [ensam-bibliotheque] [           main] o.h.e.t.j.p.i.JtaPlatformInitiator       : HHH000489: No JTA platform available (set 'hibernate.transaction.jta.platform' to enable JTA platform integration)
Hibernate: 
    drop table if exists book_categories cascade 
Hibernate: 
    drop table if exists books cascade 
Hibernate: 
    drop table if exists categories cascade 
Hibernate: 
    drop table if exists loan_details cascade 
Hibernate: 
    drop table if exists loans cascade 
Hibernate: 
    drop table if exists roles cascade 
Hibernate: 
    drop table if exists user_roles cascade 
Hibernate: 
    drop table if exists users cascade 
Hibernate: 
    create table book_categories (
        book_id bigint not null,
        category_id bigint not null,
        primary key (book_id, category_id)
    )
Hibernate: 
    create table books (
        published_date date,
        stock integer check (stock>=0),
        created_at timestamp(6),
        id bigint generated by default as identity,
        updated_at timestamp(6),
        version bigint,
        author varchar(255),
        description TEXT,
        isbn varchar(255) unique,
        title varchar(255),
        primary key (id)
    )
Hibernate: 
    create table categories (
        id bigint generated by default as identity,
        color varchar(255),
        description varchar(255),
        name varchar(255),
        primary key (id),
        unique (name)
    )
Hibernate: 
    create table loan_details (
        renewal_count integer,
        id bigint generated by default as identity,
        loan_id bigint unique,
        itemcondition varchar(255),
        notes TEXT,
        returned_by varchar(255),
        primary key (id)
    )
Hibernate: 
    create table loans (
        actual_return_date date,
        expected_return_date date,
        loan_date date,
        book_id bigint not null,
        id bigint generated by default as identity,
        user_id bigint not null,
        status varchar(255) check (status in ('PENDING','ACTIVE','RETURNED','OVERDUE')),
        primary key (id)
    )
Hibernate: 
    create table roles (
        id bigint generated by default as identity,
        name varchar(255) not null unique check (name in ('ROLE_ADMIN','ROLE_MANAGER','ROLE_USER')),
        primary key (id)
    )
Hibernate: 
    create table user_roles (
        role_id bigint not null,
        user_id bigint not null,
        primary key (role_id, user_id)
    )
Hibernate: 
    create table users (
        enabled boolean not null,
        created_at timestamp(6),
        id bigint generated by default as identity,
        email varchar(255),
        password varchar(255),
        username varchar(255),
        primary key (id),
        unique (username),
        unique (email)
    )
Hibernate: 
    alter table if exists book_categories 
       add constraint FKrg2xlmc92mm2y5b1wmhd2g0y0 
       foreign key (category_id) 
       references categories
Hibernate: 
    alter table if exists book_categories 
       add constraint FK3k3ahp5vqlgmrr9swqqprmbxy 
       foreign key (book_id) 
       references books
Hibernate: 
    alter table if exists loan_details 
       add constraint FK88pnqx3jyyvpat4gcn5rmaxji 
       foreign key (loan_id) 
       references loans
Hibernate: 
    alter table if exists loans 
       add constraint FKokwvlrv6o4i4h3le3bwhe6kie 
       foreign key (book_id) 
       references books
Hibernate: 
    alter table if exists loans 
       add constraint FK6xxlcjc0rqtn5nq28vjnx5t9d 
       foreign key (user_id) 
       references users
Hibernate: 
    alter table if exists user_roles 
       add constraint FKh8ciramu9cc9q3qcqiv4ue8a6 
       foreign key (role_id) 
       references roles
Hibernate: 
    alter table if exists user_roles 
       add constraint FKhfh9dx7w3ubf1co1vdev94g3f 
       foreign key (user_id) 
       references users
2026-06-10T09:16:06.112+01:00  INFO 32461 --- [ensam-bibliotheque] [           main] j.LocalContainerEntityManagerFactoryBean : Initialized JPA EntityManagerFactory for persistence unit 'default'
2026-06-10T09:16:06.554+01:00  WARN 32461 --- [ensam-bibliotheque] [           main] JpaBaseConfiguration$JpaWebConfiguration : spring.jpa.open-in-view is enabled by default. Therefore, database queries may be performed during view rendering. Explicitly configure spring.jpa.open-in-view to disable this warning
2026-06-10T09:16:06.715+01:00  INFO 32461 --- [ensam-bibliotheque] [           main] o.s.s.web.DefaultSecurityFilterChain     : Will secure any request with [org.springframework.security.web.session.DisableEncodeUrlFilter@62d1cc99, org.springframework.security.web.context.request.async.WebAsyncManagerIntegrationFilter@1ac13cef, org.springframework.security.web.context.SecurityContextHolderFilter@70c7a573, org.springframework.security.web.header.HeaderWriterFilter@6eb825e4, org.springframework.web.filter.CorsFilter@d760edb, org.springframework.security.web.authentication.logout.LogoutFilter@32c94428, com.ensam.projet.security.JwtAuthFilter@1556989e, org.springframework.security.web.savedrequest.RequestCacheAwareFilter@5b833af6, org.springframework.security.web.servletapi.SecurityContextHolderAwareRequestFilter@743ba367, org.springframework.security.web.authentication.AnonymousAuthenticationFilter@1672645e, org.springframework.security.web.session.SessionManagementFilter@29245f94, org.springframework.security.web.access.ExceptionTranslationFilter@4c5ce663, org.springframework.security.web.access.intercept.AuthorizationFilter@595629ea]
2026-06-10T09:16:07.035+01:00  INFO 32461 --- [ensam-bibliotheque] [           main] o.s.b.t.m.w.SpringBootMockServletContext : Initializing Spring TestDispatcherServlet ''
2026-06-10T09:16:07.035+01:00  INFO 32461 --- [ensam-bibliotheque] [           main] o.s.t.web.servlet.TestDispatcherServlet  : Initializing Servlet ''
2026-06-10T09:16:07.037+01:00  INFO 32461 --- [ensam-bibliotheque] [           main] o.s.t.web.servlet.TestDispatcherServlet  : Completed initialization in 1 ms
2026-06-10T09:16:07.048+01:00  INFO 32461 --- [ensam-bibliotheque] [           main] o.s.m.s.b.SimpleBrokerMessageHandler     : Starting...
2026-06-10T09:16:07.049+01:00  INFO 32461 --- [ensam-bibliotheque] [           main] o.s.m.s.b.SimpleBrokerMessageHandler     : BrokerAvailabilityEvent[available=true, SimpleBrokerMessageHandler [org.springframework.messaging.simp.broker.DefaultSubscriptionRegistry@70393ded]]
2026-06-10T09:16:07.049+01:00  INFO 32461 --- [ensam-bibliotheque] [           main] o.s.m.s.b.SimpleBrokerMessageHandler     : Started.
2026-06-10T09:16:07.055+01:00  INFO 32461 --- [ensam-bibliotheque] [           main] c.e.p.c.UserControllerIntegrationTest    : Started UserControllerIntegrationTest in 1.836 seconds (process running for 49.235)
]]></system-out>
  </testcase>
  <testcase name="shouldUpdateRoles" classname="com.ensam.projet.controller.UserControllerIntegrationTest" time="1.942">
    <system-out><![CDATA[2026-06-10T09:16:07.142+01:00  INFO 32461 --- [ensam-bibliotheque] [           main] o.s.m.s.b.SimpleBrokerMessageHandler     : Stopping...
2026-06-10T09:16:07.143+01:00  INFO 32461 --- [ensam-bibliotheque] [           main] o.s.m.s.b.SimpleBrokerMessageHandler     : BrokerAvailabilityEvent[available=false, SimpleBrokerMessageHandler [org.springframework.messaging.simp.broker.DefaultSubscriptionRegistry@70393ded]]
2026-06-10T09:16:07.143+01:00  INFO 32461 --- [ensam-bibliotheque] [           main] o.s.m.s.b.SimpleBrokerMessageHandler     : Stopped.
2026-06-10T09:16:07.148+01:00  INFO 32461 --- [ensam-bibliotheque] [           main] j.LocalContainerEntityManagerFactoryBean : Closing JPA EntityManagerFactory for persistence unit 'default'
Hibernate: 
    drop table if exists book_categories cascade 
Hibernate: 
    drop table if exists books cascade 
Hibernate: 
    drop table if exists categories cascade 
Hibernate: 
    drop table if exists loan_details cascade 
Hibernate: 
    drop table if exists loans cascade 
Hibernate: 
    drop table if exists roles cascade 
Hibernate: 
    drop table if exists user_roles cascade 
Hibernate: 
    drop table if exists users cascade 
2026-06-10T09:16:07.160+01:00  INFO 32461 --- [ensam-bibliotheque] [           main] com.zaxxer.hikari.HikariDataSource       : HikariPool-7 - Shutdown initiated...
2026-06-10T09:16:07.161+01:00  INFO 32461 --- [ensam-bibliotheque] [           main] com.zaxxer.hikari.HikariDataSource       : HikariPool-7 - Shutdown completed.

  .   ____          _            __ _ _
 /\\ / ___'_ __ _ _(_)_ __  __ _ \ \ \ \
( ( )\___ | '_ | '_| | '_ \/ _` | \ \ \ \
 \\/  ___)| |_)| | | | | || (_| |  ) ) ) )
  '  |____| .__|_| |_|_| |_\__, | / / / /
 =========|_|==============|___/=/_/_/_/
 :: Spring Boot ::                (v3.2.2)

2026-06-10T09:16:07.209+01:00  INFO 32461 --- [ensam-bibliotheque] [           main] c.e.p.c.UserControllerIntegrationTest    : Starting UserControllerIntegrationTest using Java 21.0.11 with PID 32461 (started by yass in /home/yass/S8/JEE/project/JEE-Project/backend)
2026-06-10T09:16:07.209+01:00  INFO 32461 --- [ensam-bibliotheque] [           main] c.e.p.c.UserControllerIntegrationTest    : No active profile set, falling back to 1 default profile: "default"
2026-06-10T09:16:07.529+01:00  INFO 32461 --- [ensam-bibliotheque] [           main] .s.d.r.c.RepositoryConfigurationDelegate : Bootstrapping Spring Data JPA repositories in DEFAULT mode.
2026-06-10T09:16:07.557+01:00  INFO 32461 --- [ensam-bibliotheque] [           main] .s.d.r.c.RepositoryConfigurationDelegate : Finished Spring Data repository scanning in 26 ms. Found 6 JPA repository interfaces.
2026-06-10T09:16:07.733+01:00  INFO 32461 --- [ensam-bibliotheque] [           main] o.hibernate.jpa.internal.util.LogHelper  : HHH000204: Processing PersistenceUnitInfo [name: default]
2026-06-10T09:16:07.735+01:00  INFO 32461 --- [ensam-bibliotheque] [           main] o.h.c.internal.RegionFactoryInitiator    : HHH000026: Second-level cache disabled
2026-06-10T09:16:07.739+01:00  INFO 32461 --- [ensam-bibliotheque] [           main] o.s.o.j.p.SpringPersistenceUnitInfo      : No LoadTimeWeaver setup: ignoring JPA class transformer
2026-06-10T09:16:07.740+01:00  INFO 32461 --- [ensam-bibliotheque] [           main] com.zaxxer.hikari.HikariDataSource       : HikariPool-8 - Starting...
2026-06-10T09:16:07.742+01:00  INFO 32461 --- [ensam-bibliotheque] [           main] com.zaxxer.hikari.pool.HikariPool        : HikariPool-8 - Added connection conn70: url=jdbc:h2:mem:usercontrollerdb user=${SPRING_DATASOURCE_USERNAME}
2026-06-10T09:16:07.743+01:00  INFO 32461 --- [ensam-bibliotheque] [           main] com.zaxxer.hikari.HikariDataSource       : HikariPool-8 - Start completed.
2026-06-10T09:16:07.744+01:00  WARN 32461 --- [ensam-bibliotheque] [           main] org.hibernate.orm.deprecation            : HHH90000025: H2Dialect does not need to be specified explicitly using 'hibernate.dialect' (remove the property setting and it will be selected by default)
2026-06-10T09:16:08.022+01:00  INFO 32461 --- [ensam-bibliotheque] [           main] o.h.e.t.j.p.i.JtaPlatformInitiator       : HHH000489: No JTA platform available (set 'hibernate.transaction.jta.platform' to enable JTA platform integration)
Hibernate: 
    drop table if exists book_categories cascade 
Hibernate: 
    drop table if exists books cascade 
Hibernate: 
    drop table if exists categories cascade 
Hibernate: 
    drop table if exists loan_details cascade 
Hibernate: 
    drop table if exists loans cascade 
Hibernate: 
    drop table if exists roles cascade 
Hibernate: 
    drop table if exists user_roles cascade 
Hibernate: 
    drop table if exists users cascade 
Hibernate: 
    create table book_categories (
        book_id bigint not null,
        category_id bigint not null,
        primary key (book_id, category_id)
    )
Hibernate: 
    create table books (
        published_date date,
        stock integer check (stock>=0),
        created_at timestamp(6),
        id bigint generated by default as identity,
        updated_at timestamp(6),
        version bigint,
        author varchar(255),
        description TEXT,
        isbn varchar(255) unique,
        title varchar(255),
        primary key (id)
    )
Hibernate: 
    create table categories (
        id bigint generated by default as identity,
        color varchar(255),
        description varchar(255),
        name varchar(255),
        primary key (id),
        unique (name)
    )
Hibernate: 
    create table loan_details (
        renewal_count integer,
        id bigint generated by default as identity,
        loan_id bigint unique,
        itemcondition varchar(255),
        notes TEXT,
        returned_by varchar(255),
        primary key (id)
    )
Hibernate: 
    create table loans (
        actual_return_date date,
        expected_return_date date,
        loan_date date,
        book_id bigint not null,
        id bigint generated by default as identity,
        user_id bigint not null,
        status varchar(255) check (status in ('PENDING','ACTIVE','RETURNED','OVERDUE')),
        primary key (id)
    )
Hibernate: 
    create table roles (
        id bigint generated by default as identity,
        name varchar(255) not null unique check (name in ('ROLE_ADMIN','ROLE_MANAGER','ROLE_USER')),
        primary key (id)
    )
Hibernate: 
    create table user_roles (
        role_id bigint not null,
        user_id bigint not null,
        primary key (role_id, user_id)
    )
Hibernate: 
    create table users (
        enabled boolean not null,
        created_at timestamp(6),
        id bigint generated by default as identity,
        email varchar(255),
        password varchar(255),
        username varchar(255),
        primary key (id),
        unique (username),
        unique (email)
    )
Hibernate: 
    alter table if exists book_categories 
       add constraint FKrg2xlmc92mm2y5b1wmhd2g0y0 
       foreign key (category_id) 
       references categories
Hibernate: 
    alter table if exists book_categories 
       add constraint FK3k3ahp5vqlgmrr9swqqprmbxy 
       foreign key (book_id) 
       references books
Hibernate: 
    alter table if exists loan_details 
       add constraint FK88pnqx3jyyvpat4gcn5rmaxji 
       foreign key (loan_id) 
       references loans
Hibernate: 
    alter table if exists loans 
       add constraint FKokwvlrv6o4i4h3le3bwhe6kie 
       foreign key (book_id) 
       references books
Hibernate: 
    alter table if exists loans 
       add constraint FK6xxlcjc0rqtn5nq28vjnx5t9d 
       foreign key (user_id) 
       references users
Hibernate: 
    alter table if exists user_roles 
       add constraint FKh8ciramu9cc9q3qcqiv4ue8a6 
       foreign key (role_id) 
       references roles
Hibernate: 
    alter table if exists user_roles 
       add constraint FKhfh9dx7w3ubf1co1vdev94g3f 
       foreign key (user_id) 
       references users
2026-06-10T09:16:08.067+01:00  INFO 32461 --- [ensam-bibliotheque] [           main] j.LocalContainerEntityManagerFactoryBean : Initialized JPA EntityManagerFactory for persistence unit 'default'
2026-06-10T09:16:08.529+01:00  WARN 32461 --- [ensam-bibliotheque] [           main] JpaBaseConfiguration$JpaWebConfiguration : spring.jpa.open-in-view is enabled by default. Therefore, database queries may be performed during view rendering. Explicitly configure spring.jpa.open-in-view to disable this warning
2026-06-10T09:16:08.685+01:00  INFO 32461 --- [ensam-bibliotheque] [           main] o.s.s.web.DefaultSecurityFilterChain     : Will secure any request with [org.springframework.security.web.session.DisableEncodeUrlFilter@4178147c, org.springframework.security.web.context.request.async.WebAsyncManagerIntegrationFilter@1aaf9cde, org.springframework.security.web.context.SecurityContextHolderFilter@36c4d323, org.springframework.security.web.header.HeaderWriterFilter@1e592570, org.springframework.web.filter.CorsFilter@67b540e2, org.springframework.security.web.authentication.logout.LogoutFilter@1f289491, com.ensam.projet.security.JwtAuthFilter@4e3611a7, org.springframework.security.web.savedrequest.RequestCacheAwareFilter@6c4e6bdf, org.springframework.security.web.servletapi.SecurityContextHolderAwareRequestFilter@3b6bb183, org.springframework.security.web.authentication.AnonymousAuthenticationFilter@2211dd67, org.springframework.security.web.session.SessionManagementFilter@1dc53ff4, org.springframework.security.web.access.ExceptionTranslationFilter@6b262eda, org.springframework.security.web.access.intercept.AuthorizationFilter@66a65a16]
2026-06-10T09:16:08.985+01:00  INFO 32461 --- [ensam-bibliotheque] [           main] o.s.b.t.m.w.SpringBootMockServletContext : Initializing Spring TestDispatcherServlet ''
2026-06-10T09:16:08.985+01:00  INFO 32461 --- [ensam-bibliotheque] [           main] o.s.t.web.servlet.TestDispatcherServlet  : Initializing Servlet ''
2026-06-10T09:16:08.986+01:00  INFO 32461 --- [ensam-bibliotheque] [           main] o.s.t.web.servlet.TestDispatcherServlet  : Completed initialization in 1 ms
2026-06-10T09:16:08.997+01:00  INFO 32461 --- [ensam-bibliotheque] [           main] o.s.m.s.b.SimpleBrokerMessageHandler     : Starting...
2026-06-10T09:16:08.998+01:00  INFO 32461 --- [ensam-bibliotheque] [           main] o.s.m.s.b.SimpleBrokerMessageHandler     : BrokerAvailabilityEvent[available=true, SimpleBrokerMessageHandler [org.springframework.messaging.simp.broker.DefaultSubscriptionRegistry@4abc6216]]
2026-06-10T09:16:08.998+01:00  INFO 32461 --- [ensam-bibliotheque] [           main] o.s.m.s.b.SimpleBrokerMessageHandler     : Started.
2026-06-10T09:16:09.004+01:00  INFO 32461 --- [ensam-bibliotheque] [           main] c.e.p.c.UserControllerIntegrationTest    : Started UserControllerIntegrationTest in 1.838 seconds (process running for 51.184)
]]></system-out>
  </testcase>
  <testcase name="shouldReturn403WhenUserTriesToGetUser" classname="com.ensam.projet.controller.UserControllerIntegrationTest" time="1.755">
    <system-out><![CDATA[2026-06-10T09:16:09.087+01:00  INFO 32461 --- [ensam-bibliotheque] [           main] o.s.m.s.b.SimpleBrokerMessageHandler     : Stopping...
2026-06-10T09:16:09.088+01:00  INFO 32461 --- [ensam-bibliotheque] [           main] o.s.m.s.b.SimpleBrokerMessageHandler     : BrokerAvailabilityEvent[available=false, SimpleBrokerMessageHandler [org.springframework.messaging.simp.broker.DefaultSubscriptionRegistry@4abc6216]]
2026-06-10T09:16:09.088+01:00  INFO 32461 --- [ensam-bibliotheque] [           main] o.s.m.s.b.SimpleBrokerMessageHandler     : Stopped.
2026-06-10T09:16:09.097+01:00  INFO 32461 --- [ensam-bibliotheque] [           main] j.LocalContainerEntityManagerFactoryBean : Closing JPA EntityManagerFactory for persistence unit 'default'
Hibernate: 
    drop table if exists book_categories cascade 
Hibernate: 
    drop table if exists books cascade 
Hibernate: 
    drop table if exists categories cascade 
Hibernate: 
    drop table if exists loan_details cascade 
Hibernate: 
    drop table if exists loans cascade 
Hibernate: 
    drop table if exists roles cascade 
Hibernate: 
    drop table if exists user_roles cascade 
Hibernate: 
    drop table if exists users cascade 
2026-06-10T09:16:09.109+01:00  INFO 32461 --- [ensam-bibliotheque] [           main] com.zaxxer.hikari.HikariDataSource       : HikariPool-8 - Shutdown initiated...
2026-06-10T09:16:09.113+01:00  INFO 32461 --- [ensam-bibliotheque] [           main] com.zaxxer.hikari.HikariDataSource       : HikariPool-8 - Shutdown completed.

  .   ____          _            __ _ _
 /\\ / ___'_ __ _ _(_)_ __  __ _ \ \ \ \
( ( )\___ | '_ | '_| | '_ \/ _` | \ \ \ \
 \\/  ___)| |_)| | | | | || (_| |  ) ) ) )
  '  |____| .__|_| |_|_| |_\__, | / / / /
 =========|_|==============|___/=/_/_/_/
 :: Spring Boot ::                (v3.2.2)

2026-06-10T09:16:09.206+01:00  INFO 32461 --- [ensam-bibliotheque] [           main] c.e.p.c.UserControllerIntegrationTest    : Starting UserControllerIntegrationTest using Java 21.0.11 with PID 32461 (started by yass in /home/yass/S8/JEE/project/JEE-Project/backend)
2026-06-10T09:16:09.207+01:00  INFO 32461 --- [ensam-bibliotheque] [           main] c.e.p.c.UserControllerIntegrationTest    : No active profile set, falling back to 1 default profile: "default"
2026-06-10T09:16:09.504+01:00  INFO 32461 --- [ensam-bibliotheque] [           main] .s.d.r.c.RepositoryConfigurationDelegate : Bootstrapping Spring Data JPA repositories in DEFAULT mode.
2026-06-10T09:16:09.528+01:00  INFO 32461 --- [ensam-bibliotheque] [           main] .s.d.r.c.RepositoryConfigurationDelegate : Finished Spring Data repository scanning in 23 ms. Found 6 JPA repository interfaces.
2026-06-10T09:16:09.698+01:00  INFO 32461 --- [ensam-bibliotheque] [           main] o.hibernate.jpa.internal.util.LogHelper  : HHH000204: Processing PersistenceUnitInfo [name: default]
2026-06-10T09:16:09.700+01:00  INFO 32461 --- [ensam-bibliotheque] [           main] o.h.c.internal.RegionFactoryInitiator    : HHH000026: Second-level cache disabled
2026-06-10T09:16:09.704+01:00  INFO 32461 --- [ensam-bibliotheque] [           main] o.s.o.j.p.SpringPersistenceUnitInfo      : No LoadTimeWeaver setup: ignoring JPA class transformer
2026-06-10T09:16:09.705+01:00  INFO 32461 --- [ensam-bibliotheque] [           main] com.zaxxer.hikari.HikariDataSource       : HikariPool-9 - Starting...
2026-06-10T09:16:09.708+01:00  INFO 32461 --- [ensam-bibliotheque] [           main] com.zaxxer.hikari.pool.HikariPool        : HikariPool-9 - Added connection conn80: url=jdbc:h2:mem:usercontrollerdb user=${SPRING_DATASOURCE_USERNAME}
2026-06-10T09:16:09.708+01:00  INFO 32461 --- [ensam-bibliotheque] [           main] com.zaxxer.hikari.HikariDataSource       : HikariPool-9 - Start completed.
2026-06-10T09:16:09.709+01:00  WARN 32461 --- [ensam-bibliotheque] [           main] org.hibernate.orm.deprecation            : HHH90000025: H2Dialect does not need to be specified explicitly using 'hibernate.dialect' (remove the property setting and it will be selected by default)
2026-06-10T09:16:09.967+01:00  INFO 32461 --- [ensam-bibliotheque] [           main] o.h.e.t.j.p.i.JtaPlatformInitiator       : HHH000489: No JTA platform available (set 'hibernate.transaction.jta.platform' to enable JTA platform integration)
Hibernate: 
    drop table if exists book_categories cascade 
Hibernate: 
    drop table if exists books cascade 
Hibernate: 
    drop table if exists categories cascade 
Hibernate: 
    drop table if exists loan_details cascade 
Hibernate: 
    drop table if exists loans cascade 
Hibernate: 
    drop table if exists roles cascade 
Hibernate: 
    drop table if exists user_roles cascade 
Hibernate: 
    drop table if exists users cascade 
Hibernate: 
    create table book_categories (
        book_id bigint not null,
        category_id bigint not null,
        primary key (book_id, category_id)
    )
Hibernate: 
    create table books (
        published_date date,
        stock integer check (stock>=0),
        created_at timestamp(6),
        id bigint generated by default as identity,
        updated_at timestamp(6),
        version bigint,
        author varchar(255),
        description TEXT,
        isbn varchar(255) unique,
        title varchar(255),
        primary key (id)
    )
Hibernate: 
    create table categories (
        id bigint generated by default as identity,
        color varchar(255),
        description varchar(255),
        name varchar(255),
        primary key (id),
        unique (name)
    )
Hibernate: 
    create table loan_details (
        renewal_count integer,
        id bigint generated by default as identity,
        loan_id bigint unique,
        itemcondition varchar(255),
        notes TEXT,
        returned_by varchar(255),
        primary key (id)
    )
Hibernate: 
    create table loans (
        actual_return_date date,
        expected_return_date date,
        loan_date date,
        book_id bigint not null,
        id bigint generated by default as identity,
        user_id bigint not null,
        status varchar(255) check (status in ('PENDING','ACTIVE','RETURNED','OVERDUE')),
        primary key (id)
    )
Hibernate: 
    create table roles (
        id bigint generated by default as identity,
        name varchar(255) not null unique check (name in ('ROLE_ADMIN','ROLE_MANAGER','ROLE_USER')),
        primary key (id)
    )
Hibernate: 
    create table user_roles (
        role_id bigint not null,
        user_id bigint not null,
        primary key (role_id, user_id)
    )
Hibernate: 
    create table users (
        enabled boolean not null,
        created_at timestamp(6),
        id bigint generated by default as identity,
        email varchar(255),
        password varchar(255),
        username varchar(255),
        primary key (id),
        unique (username),
        unique (email)
    )
Hibernate: 
    alter table if exists book_categories 
       add constraint FKrg2xlmc92mm2y5b1wmhd2g0y0 
       foreign key (category_id) 
       references categories
Hibernate: 
    alter table if exists book_categories 
       add constraint FK3k3ahp5vqlgmrr9swqqprmbxy 
       foreign key (book_id) 
       references books
Hibernate: 
    alter table if exists loan_details 
       add constraint FK88pnqx3jyyvpat4gcn5rmaxji 
       foreign key (loan_id) 
       references loans
Hibernate: 
    alter table if exists loans 
       add constraint FKokwvlrv6o4i4h3le3bwhe6kie 
       foreign key (book_id) 
       references books
Hibernate: 
    alter table if exists loans 
       add constraint FK6xxlcjc0rqtn5nq28vjnx5t9d 
       foreign key (user_id) 
       references users
Hibernate: 
    alter table if exists user_roles 
       add constraint FKh8ciramu9cc9q3qcqiv4ue8a6 
       foreign key (role_id) 
       references roles
Hibernate: 
    alter table if exists user_roles 
       add constraint FKhfh9dx7w3ubf1co1vdev94g3f 
       foreign key (user_id) 
       references users
2026-06-10T09:16:10.002+01:00  INFO 32461 --- [ensam-bibliotheque] [           main] j.LocalContainerEntityManagerFactoryBean : Initialized JPA EntityManagerFactory for persistence unit 'default'
2026-06-10T09:16:10.401+01:00  WARN 32461 --- [ensam-bibliotheque] [           main] JpaBaseConfiguration$JpaWebConfiguration : spring.jpa.open-in-view is enabled by default. Therefore, database queries may be performed during view rendering. Explicitly configure spring.jpa.open-in-view to disable this warning
2026-06-10T09:16:10.528+01:00  INFO 32461 --- [ensam-bibliotheque] [           main] o.s.s.web.DefaultSecurityFilterChain     : Will secure any request with [org.springframework.security.web.session.DisableEncodeUrlFilter@78d64d41, org.springframework.security.web.context.request.async.WebAsyncManagerIntegrationFilter@7f62502e, org.springframework.security.web.context.SecurityContextHolderFilter@25f40148, org.springframework.security.web.header.HeaderWriterFilter@3aec0693, org.springframework.web.filter.CorsFilter@e5eca2, org.springframework.security.web.authentication.logout.LogoutFilter@6fbd01d4, com.ensam.projet.security.JwtAuthFilter@7f6da9a6, org.springframework.security.web.savedrequest.RequestCacheAwareFilter@140153f1, org.springframework.security.web.servletapi.SecurityContextHolderAwareRequestFilter@4e03077c, org.springframework.security.web.authentication.AnonymousAuthenticationFilter@648c3bda, org.springframework.security.web.session.SessionManagementFilter@37427465, org.springframework.security.web.access.ExceptionTranslationFilter@1494ba15, org.springframework.security.web.access.intercept.AuthorizationFilter@27d388a5]
2026-06-10T09:16:10.787+01:00  INFO 32461 --- [ensam-bibliotheque] [           main] o.s.b.t.m.w.SpringBootMockServletContext : Initializing Spring TestDispatcherServlet ''
2026-06-10T09:16:10.787+01:00  INFO 32461 --- [ensam-bibliotheque] [           main] o.s.t.web.servlet.TestDispatcherServlet  : Initializing Servlet ''
2026-06-10T09:16:10.788+01:00  INFO 32461 --- [ensam-bibliotheque] [           main] o.s.t.web.servlet.TestDispatcherServlet  : Completed initialization in 1 ms
2026-06-10T09:16:10.798+01:00  INFO 32461 --- [ensam-bibliotheque] [           main] o.s.m.s.b.SimpleBrokerMessageHandler     : Starting...
2026-06-10T09:16:10.798+01:00  INFO 32461 --- [ensam-bibliotheque] [           main] o.s.m.s.b.SimpleBrokerMessageHandler     : BrokerAvailabilityEvent[available=true, SimpleBrokerMessageHandler [org.springframework.messaging.simp.broker.DefaultSubscriptionRegistry@7d478c49]]
2026-06-10T09:16:10.799+01:00  INFO 32461 --- [ensam-bibliotheque] [           main] o.s.m.s.b.SimpleBrokerMessageHandler     : Started.
2026-06-10T09:16:10.804+01:00  INFO 32461 --- [ensam-bibliotheque] [           main] c.e.p.c.UserControllerIntegrationTest    : Started UserControllerIntegrationTest in 1.686 seconds (process running for 52.985)
]]></system-out>
  </testcase>
  <testcase name="shouldChangePassword" classname="com.ensam.projet.controller.UserControllerIntegrationTest" time="1.612">
    <system-out><![CDATA[2026-06-10T09:16:10.845+01:00  INFO 32461 --- [ensam-bibliotheque] [           main] o.s.m.s.b.SimpleBrokerMessageHandler     : Stopping...
2026-06-10T09:16:10.845+01:00  INFO 32461 --- [ensam-bibliotheque] [           main] o.s.m.s.b.SimpleBrokerMessageHandler     : BrokerAvailabilityEvent[available=false, SimpleBrokerMessageHandler [org.springframework.messaging.simp.broker.DefaultSubscriptionRegistry@7d478c49]]
2026-06-10T09:16:10.845+01:00  INFO 32461 --- [ensam-bibliotheque] [           main] o.s.m.s.b.SimpleBrokerMessageHandler     : Stopped.
2026-06-10T09:16:10.850+01:00  INFO 32461 --- [ensam-bibliotheque] [           main] j.LocalContainerEntityManagerFactoryBean : Closing JPA EntityManagerFactory for persistence unit 'default'
Hibernate: 
    drop table if exists book_categories cascade 
Hibernate: 
    drop table if exists books cascade 
Hibernate: 
    drop table if exists categories cascade 
Hibernate: 
    drop table if exists loan_details cascade 
Hibernate: 
    drop table if exists loans cascade 
Hibernate: 
    drop table if exists roles cascade 
Hibernate: 
    drop table if exists user_roles cascade 
Hibernate: 
    drop table if exists users cascade 
2026-06-10T09:16:10.863+01:00  INFO 32461 --- [ensam-bibliotheque] [           main] com.zaxxer.hikari.HikariDataSource       : HikariPool-9 - Shutdown initiated...
2026-06-10T09:16:10.865+01:00  INFO 32461 --- [ensam-bibliotheque] [           main] com.zaxxer.hikari.HikariDataSource       : HikariPool-9 - Shutdown completed.

  .   ____          _            __ _ _
 /\\ / ___'_ __ _ _(_)_ __  __ _ \ \ \ \
( ( )\___ | '_ | '_| | '_ \/ _` | \ \ \ \
 \\/  ___)| |_)| | | | | || (_| |  ) ) ) )
  '  |____| .__|_| |_|_| |_\__, | / / / /
 =========|_|==============|___/=/_/_/_/
 :: Spring Boot ::                (v3.2.2)

2026-06-10T09:16:10.910+01:00  INFO 32461 --- [ensam-bibliotheque] [           main] c.e.p.c.UserControllerIntegrationTest    : Starting UserControllerIntegrationTest using Java 21.0.11 with PID 32461 (started by yass in /home/yass/S8/JEE/project/JEE-Project/backend)
2026-06-10T09:16:10.911+01:00  INFO 32461 --- [ensam-bibliotheque] [           main] c.e.p.c.UserControllerIntegrationTest    : No active profile set, falling back to 1 default profile: "default"
2026-06-10T09:16:11.217+01:00  INFO 32461 --- [ensam-bibliotheque] [           main] .s.d.r.c.RepositoryConfigurationDelegate : Bootstrapping Spring Data JPA repositories in DEFAULT mode.
2026-06-10T09:16:11.241+01:00  INFO 32461 --- [ensam-bibliotheque] [           main] .s.d.r.c.RepositoryConfigurationDelegate : Finished Spring Data repository scanning in 23 ms. Found 6 JPA repository interfaces.
2026-06-10T09:16:11.400+01:00  INFO 32461 --- [ensam-bibliotheque] [           main] o.hibernate.jpa.internal.util.LogHelper  : HHH000204: Processing PersistenceUnitInfo [name: default]
[...]
2026-06-10T09:16:19.717+01:00  INFO 32461 --- [ensam-bibliotheque] [           main] c.e.p.c.UserControllerIntegrationTest    : No active profile set, falling back to 1 default profile: "default"
2026-06-10T09:16:19.935+01:00  INFO 32461 --- [ensam-bibliotheque] [           main] .s.d.r.c.RepositoryConfigurationDelegate : Bootstrapping Spring Data JPA repositories in DEFAULT mode.
2026-06-10T09:16:19.954+01:00  INFO 32461 --- [ensam-bibliotheque] [           main] .s.d.r.c.RepositoryConfigurationDelegate : Finished Spring Data repository scanning in 18 ms. Found 6 JPA repository interfaces.
2026-06-10T09:16:20.075+01:00  INFO 32461 --- [ensam-bibliotheque] [           main] o.hibernate.jpa.internal.util.LogHelper  : HHH000204: Processing PersistenceUnitInfo [name: default]
2026-06-10T09:16:20.078+01:00  INFO 32461 --- [ensam-bibliotheque] [           main] o.h.c.internal.RegionFactoryInitiator    : HHH000026: Second-level cache disabled
2026-06-10T09:16:20.082+01:00  INFO 32461 --- [ensam-bibliotheque] [           main] o.s.o.j.p.SpringPersistenceUnitInfo      : No LoadTimeWeaver setup: ignoring JPA class transformer
2026-06-10T09:16:20.083+01:00  INFO 32461 --- [ensam-bibliotheque] [           main] com.zaxxer.hikari.HikariDataSource       : HikariPool-16 - Starting...
2026-06-10T09:16:20.085+01:00  INFO 32461 --- [ensam-bibliotheque] [           main] com.zaxxer.hikari.pool.HikariPool        : HikariPool-16 - Added connection conn150: url=jdbc:h2:mem:usercontrollerdb user=${SPRING_DATASOURCE_USERNAME}
2026-06-10T09:16:20.086+01:00  INFO 32461 --- [ensam-bibliotheque] [           main] com.zaxxer.hikari.HikariDataSource       : HikariPool-16 - Start completed.
2026-06-10T09:16:20.087+01:00  WARN 32461 --- [ensam-bibliotheque] [           main] org.hibernate.orm.deprecation            : HHH90000025: H2Dialect does not need to be specified explicitly using 'hibernate.dialect' (remove the property setting and it will be selected by default)
2026-06-10T09:16:20.267+01:00  INFO 32461 --- [ensam-bibliotheque] [           main] o.h.e.t.j.p.i.JtaPlatformInitiator       : HHH000489: No JTA platform available (set 'hibernate.transaction.jta.platform' to enable JTA platform integration)
Hibernate: 
    drop table if exists book_categories cascade 
Hibernate: 
    drop table if exists books cascade 
Hibernate: 
    drop table if exists categories cascade 
Hibernate: 
    drop table if exists loan_details cascade 
Hibernate: 
    drop table if exists loans cascade 
Hibernate: 
    drop table if exists roles cascade 
Hibernate: 
    drop table if exists user_roles cascade 
Hibernate: 
    drop table if exists users cascade 
Hibernate: 
    create table book_categories (
        book_id bigint not null,
        category_id bigint not null,
        primary key (book_id, category_id)
    )
Hibernate: 
    create table books (
        published_date date,
        stock integer check (stock>=0),
        created_at timestamp(6),
        id bigint generated by default as identity,
        updated_at timestamp(6),
        version bigint,
        author varchar(255),
        description TEXT,
        isbn varchar(255) unique,
        title varchar(255),
        primary key (id)
    )
Hibernate: 
    create table categories (
        id bigint generated by default as identity,
        color varchar(255),
        description varchar(255),
        name varchar(255),
        primary key (id),
        unique (name)
    )
Hibernate: 
    create table loan_details (
        renewal_count integer,
        id bigint generated by default as identity,
        loan_id bigint unique,
        itemcondition varchar(255),
        notes TEXT,
        returned_by varchar(255),
        primary key (id)
    )
Hibernate: 
    create table loans (
        actual_return_date date,
        expected_return_date date,
        loan_date date,
        book_id bigint not null,
        id bigint generated by default as identity,
        user_id bigint not null,
        status varchar(255) check (status in ('PENDING','ACTIVE','RETURNED','OVERDUE')),
        primary key (id)
    )
Hibernate: 
    create table roles (
        id bigint generated by default as identity,
        name varchar(255) not null unique check (name in ('ROLE_ADMIN','ROLE_MANAGER','ROLE_USER')),
        primary key (id)
    )
Hibernate: 
    create table user_roles (
        role_id bigint not null,
        user_id bigint not null,
        primary key (role_id, user_id)
    )
Hibernate: 
    create table users (
        enabled boolean not null,
        created_at timestamp(6),
        id bigint generated by default as identity,
        email varchar(255),
        password varchar(255),
        username varchar(255),
        primary key (id),
        unique (username),
        unique (email)
    )
Hibernate: 
    alter table if exists book_categories 
       add constraint FKrg2xlmc92mm2y5b1wmhd2g0y0 
       foreign key (category_id) 
       references categories
Hibernate: 
    alter table if exists book_categories 
       add constraint FK3k3ahp5vqlgmrr9swqqprmbxy 
       foreign key (book_id) 
       references books
Hibernate: 
    alter table if exists loan_details 
       add constraint FK88pnqx3jyyvpat4gcn5rmaxji 
       foreign key (loan_id) 
       references loans
Hibernate: 
    alter table if exists loans 
       add constraint FKokwvlrv6o4i4h3le3bwhe6kie 
       foreign key (book_id) 
       references books
Hibernate: 
    alter table if exists loans 
       add constraint FK6xxlcjc0rqtn5nq28vjnx5t9d 
       foreign key (user_id) 
       references users
Hibernate: 
    alter table if exists user_roles 
       add constraint FKh8ciramu9cc9q3qcqiv4ue8a6 
       foreign key (role_id) 
       references roles
Hibernate: 
    alter table if exists user_roles 
       add constraint FKhfh9dx7w3ubf1co1vdev94g3f 
       foreign key (user_id) 
       references users
2026-06-10T09:16:20.295+01:00  INFO 32461 --- [ensam-bibliotheque] [           main] j.LocalContainerEntityManagerFactoryBean : Initialized JPA EntityManagerFactory for persistence unit 'default'
2026-06-10T09:16:20.610+01:00  WARN 32461 --- [ensam-bibliotheque] [           main] JpaBaseConfiguration$JpaWebConfiguration : spring.jpa.open-in-view is enabled by default. Therefore, database queries may be performed during view rendering. Explicitly configure spring.jpa.open-in-view to disable this warning
2026-06-10T09:16:20.712+01:00  INFO 32461 --- [ensam-bibliotheque] [           main] o.s.s.web.DefaultSecurityFilterChain     : Will secure any request with [org.springframework.security.web.session.DisableEncodeUrlFilter@62b1abb9, org.springframework.security.web.context.request.async.WebAsyncManagerIntegrationFilter@1e1a77ea, org.springframework.security.web.context.SecurityContextHolderFilter@3f4d3cbc, org.springframework.security.web.header.HeaderWriterFilter@5bd4aa43, org.springframework.web.filter.CorsFilter@3677936c, org.springframework.security.web.authentication.logout.LogoutFilter@46f1702, com.ensam.projet.security.JwtAuthFilter@82a7c6b, org.springframework.security.web.savedrequest.RequestCacheAwareFilter@3fc60f94, org.springframework.security.web.servletapi.SecurityContextHolderAwareRequestFilter@41be2c9d, org.springframework.security.web.authentication.AnonymousAuthenticationFilter@450e993f, org.springframework.security.web.session.SessionManagementFilter@af339eb, org.springframework.security.web.access.ExceptionTranslationFilter@670df6e, org.springframework.security.web.access.intercept.AuthorizationFilter@3b300d86]
2026-06-10T09:16:20.911+01:00  INFO 32461 --- [ensam-bibliotheque] [           main] o.s.b.t.m.w.SpringBootMockServletContext : Initializing Spring TestDispatcherServlet ''
2026-06-10T09:16:20.912+01:00  INFO 32461 --- [ensam-bibliotheque] [           main] o.s.t.web.servlet.TestDispatcherServlet  : Initializing Servlet ''
2026-06-10T09:16:20.913+01:00  INFO 32461 --- [ensam-bibliotheque] [           main] o.s.t.web.servlet.TestDispatcherServlet  : Completed initialization in 1 ms
2026-06-10T09:16:20.921+01:00  INFO 32461 --- [ensam-bibliotheque] [           main] o.s.m.s.b.SimpleBrokerMessageHandler     : Starting...
2026-06-10T09:16:20.921+01:00  INFO 32461 --- [ensam-bibliotheque] [           main] o.s.m.s.b.SimpleBrokerMessageHandler     : BrokerAvailabilityEvent[available=true, SimpleBrokerMessageHandler [org.springframework.messaging.simp.broker.DefaultSubscriptionRegistry@6feef22d]]
2026-06-10T09:16:20.922+01:00  INFO 32461 --- [ensam-bibliotheque] [           main] o.s.m.s.b.SimpleBrokerMessageHandler     : Started.
2026-06-10T09:16:20.925+01:00  INFO 32461 --- [ensam-bibliotheque] [           main] c.e.p.c.UserControllerIntegrationTest    : Started UserControllerIntegrationTest in 1.233 seconds (process running for 63.106)
]]></system-out>
  </testcase>
  <testcase name="shouldReturn403WhenUserTriesToGetAllUsers" classname="com.ensam.projet.controller.UserControllerIntegrationTest" time="1.262">
    <system-out><![CDATA[2026-06-10T09:16:20.954+01:00  INFO 32461 --- [ensam-bibliotheque] [           main] o.s.m.s.b.SimpleBrokerMessageHandler     : Stopping...
2026-06-10T09:16:20.955+01:00  INFO 32461 --- [ensam-bibliotheque] [           main] o.s.m.s.b.SimpleBrokerMessageHandler     : BrokerAvailabilityEvent[available=false, SimpleBrokerMessageHandler [org.springframework.messaging.simp.broker.DefaultSubscriptionRegistry@6feef22d]]
2026-06-10T09:16:20.955+01:00  INFO 32461 --- [ensam-bibliotheque] [           main] o.s.m.s.b.SimpleBrokerMessageHandler     : Stopped.
2026-06-10T09:16:20.957+01:00  INFO 32461 --- [ensam-bibliotheque] [           main] j.LocalContainerEntityManagerFactoryBean : Closing JPA EntityManagerFactory for persistence unit 'default'
Hibernate: 
    drop table if exists book_categories cascade 
Hibernate: 
    drop table if exists books cascade 
Hibernate: 
    drop table if exists categories cascade 
Hibernate: 
    drop table if exists loan_details cascade 
Hibernate: 
    drop table if exists loans cascade 
Hibernate: 
    drop table if exists roles cascade 
Hibernate: 
    drop table if exists user_roles cascade 
Hibernate: 
    drop table if exists users cascade 
2026-06-10T09:16:20.966+01:00  INFO 32461 --- [ensam-bibliotheque] [           main] com.zaxxer.hikari.HikariDataSource       : HikariPool-16 - Shutdown initiated...
2026-06-10T09:16:20.967+01:00  INFO 32461 --- [ensam-bibliotheque] [           main] com.zaxxer.hikari.HikariDataSource       : HikariPool-16 - Shutdown completed.

  .   ____          _            __ _ _
 /\\ / ___'_ __ _ _(_)_ __  __ _ \ \ \ \
( ( )\___ | '_ | '_| | '_ \/ _` | \ \ \ \
 \\/  ___)| |_)| | | | | || (_| |  ) ) ) )
  '  |____| .__|_| |_|_| |_\__, | / / / /
 =========|_|==============|___/=/_/_/_/
 :: Spring Boot ::                (v3.2.2)

2026-06-10T09:16:20.997+01:00  INFO 32461 --- [ensam-bibliotheque] [           main] c.e.p.c.UserControllerIntegrationTest    : Starting UserControllerIntegrationTest using Java 21.0.11 with PID 32461 (started by yass in /home/yass/S8/JEE/project/JEE-Project/backend)
2026-06-10T09:16:20.997+01:00  INFO 32461 --- [ensam-bibliotheque] [           main] c.e.p.c.UserControllerIntegrationTest    : No active profile set, falling back to 1 default profile: "default"
2026-06-10T09:16:21.233+01:00  INFO 32461 --- [ensam-bibliotheque] [           main] .s.d.r.c.RepositoryConfigurationDelegate : Bootstrapping Spring Data JPA repositories in DEFAULT mode.
2026-06-10T09:16:21.249+01:00  INFO 32461 --- [ensam-bibliotheque] [           main] .s.d.r.c.RepositoryConfigurationDelegate : Finished Spring Data repository scanning in 16 ms. Found 6 JPA repository interfaces.
2026-06-10T09:16:21.361+01:00  INFO 32461 --- [ensam-bibliotheque] [           main] o.hibernate.jpa.internal.util.LogHelper  : HHH000204: Processing PersistenceUnitInfo [name: default]
2026-06-10T09:16:21.363+01:00  INFO 32461 --- [ensam-bibliotheque] [           main] o.h.c.internal.RegionFactoryInitiator    : HHH000026: Second-level cache disabled
2026-06-10T09:16:21.366+01:00  INFO 32461 --- [ensam-bibliotheque] [           main] o.s.o.j.p.SpringPersistenceUnitInfo      : No LoadTimeWeaver setup: ignoring JPA class transformer
2026-06-10T09:16:21.367+01:00  INFO 32461 --- [ensam-bibliotheque] [           main] com.zaxxer.hikari.HikariDataSource       : HikariPool-17 - Starting...
2026-06-10T09:16:21.369+01:00  INFO 32461 --- [ensam-bibliotheque] [           main] com.zaxxer.hikari.pool.HikariPool        : HikariPool-17 - Added connection conn160: url=jdbc:h2:mem:usercontrollerdb user=${SPRING_DATASOURCE_USERNAME}
2026-06-10T09:16:21.369+01:00  INFO 32461 --- [ensam-bibliotheque] [           main] com.zaxxer.hikari.HikariDataSource       : HikariPool-17 - Start completed.
2026-06-10T09:16:21.370+01:00  WARN 32461 --- [ensam-bibliotheque] [           main] org.hibernate.orm.deprecation            : HHH90000025: H2Dialect does not need to be specified explicitly using 'hibernate.dialect' (remove the property setting and it will be selected by default)
2026-06-10T09:16:21.538+01:00  INFO 32461 --- [ensam-bibliotheque] [           main] o.h.e.t.j.p.i.JtaPlatformInitiator       : HHH000489: No JTA platform available (set 'hibernate.transaction.jta.platform' to enable JTA platform integration)
Hibernate: 
    drop table if exists book_categories cascade 
Hibernate: 
    drop table if exists books cascade 
Hibernate: 
    drop table if exists categories cascade 
Hibernate: 
    drop table if exists loan_details cascade 
Hibernate: 
    drop table if exists loans cascade 
Hibernate: 
    drop table if exists roles cascade 
Hibernate: 
    drop table if exists user_roles cascade 
Hibernate: 
    drop table if exists users cascade 
Hibernate: 
    create table book_categories (
        book_id bigint not null,
        category_id bigint not null,
        primary key (book_id, category_id)
    )
Hibernate: 
    create table books (
        published_date date,
        stock integer check (stock>=0),
        created_at timestamp(6),
        id bigint generated by default as identity,
        updated_at timestamp(6),
        version bigint,
        author varchar(255),
        description TEXT,
        isbn varchar(255) unique,
        title varchar(255),
        primary key (id)
    )
Hibernate: 
    create table categories (
        id bigint generated by default as identity,
        color varchar(255),
        description varchar(255),
        name varchar(255),
        primary key (id),
        unique (name)
    )
Hibernate: 
    create table loan_details (
        renewal_count integer,
        id bigint generated by default as identity,
        loan_id bigint unique,
        itemcondition varchar(255),
        notes TEXT,
        returned_by varchar(255),
        primary key (id)
    )
Hibernate: 
    create table loans (
        actual_return_date date,
        expected_return_date date,
        loan_date date,
        book_id bigint not null,
        id bigint generated by default as identity,
        user_id bigint not null,
        status varchar(255) check (status in ('PENDING','ACTIVE','RETURNED','OVERDUE')),
        primary key (id)
    )
Hibernate: 
    create table roles (
        id bigint generated by default as identity,
        name varchar(255) not null unique check (name in ('ROLE_ADMIN','ROLE_MANAGER','ROLE_USER')),
        primary key (id)
    )
Hibernate: 
    create table user_roles (
        role_id bigint not null,
        user_id bigint not null,
        primary key (role_id, user_id)
    )
Hibernate: 
    create table users (
        enabled boolean not null,
        created_at timestamp(6),
        id bigint generated by default as identity,
        email varchar(255),
        password varchar(255),
        username varchar(255),
        primary key (id),
        unique (username),
        unique (email)
    )
Hibernate: 
    alter table if exists book_categories 
       add constraint FKrg2xlmc92mm2y5b1wmhd2g0y0 
       foreign key (category_id) 
       references categories
Hibernate: 
    alter table if exists book_categories 
       add constraint FK3k3ahp5vqlgmrr9swqqprmbxy 
       foreign key (book_id) 
       references books
Hibernate: 
    alter table if exists loan_details 
       add constraint FK88pnqx3jyyvpat4gcn5rmaxji 
       foreign key (loan_id) 
       references loans
Hibernate: 
    alter table if exists loans 
       add constraint FKokwvlrv6o4i4h3le3bwhe6kie 
       foreign key (book_id) 
       references books
Hibernate: 
    alter table if exists loans 
       add constraint FK6xxlcjc0rqtn5nq28vjnx5t9d 
       foreign key (user_id) 
       references users
Hibernate: 
    alter table if exists user_roles 
       add constraint FKh8ciramu9cc9q3qcqiv4ue8a6 
       foreign key (role_id) 
       references roles
Hibernate: 
    alter table if exists user_roles 
       add constraint FKhfh9dx7w3ubf1co1vdev94g3f 
       foreign key (user_id) 
       references users
2026-06-10T09:16:21.565+01:00  INFO 32461 --- [ensam-bibliotheque] [           main] j.LocalContainerEntityManagerFactoryBean : Initialized JPA EntityManagerFactory for persistence unit 'default'
2026-06-10T09:16:21.871+01:00  WARN 32461 --- [ensam-bibliotheque] [           main] JpaBaseConfiguration$JpaWebConfiguration : spring.jpa.open-in-view is enabled by default. Therefore, database queries may be performed during view rendering. Explicitly configure spring.jpa.open-in-view to disable this warning
2026-06-10T09:16:21.963+01:00  INFO 32461 --- [ensam-bibliotheque] [           main] o.s.s.web.DefaultSecurityFilterChain     : Will secure any request with [org.springframework.security.web.session.DisableEncodeUrlFilter@35571f7a, org.springframework.security.web.context.request.async.WebAsyncManagerIntegrationFilter@32a5731, org.springframework.security.web.context.SecurityContextHolderFilter@6e20b194, org.springframework.security.web.header.HeaderWriterFilter@19c5cd89, org.springframework.web.filter.CorsFilter@2f23df1c, org.springframework.security.web.authentication.logout.LogoutFilter@13e4b5f4, com.ensam.projet.security.JwtAuthFilter@18988e43, org.springframework.security.web.savedrequest.RequestCacheAwareFilter@73cee79a, org.springframework.security.web.servletapi.SecurityContextHolderAwareRequestFilter@44d0c5ef, org.springframework.security.web.authentication.AnonymousAuthenticationFilter@72d9e2b, org.springframework.security.web.session.SessionManagementFilter@25232d95, org.springframework.security.web.access.ExceptionTranslationFilter@3834a8f2, org.springframework.security.web.access.intercept.AuthorizationFilter@55af3295]
2026-06-10T09:16:22.168+01:00  INFO 32461 --- [ensam-bibliotheque] [           main] o.s.b.t.m.w.SpringBootMockServletContext : Initializing Spring TestDispatcherServlet ''
2026-06-10T09:16:22.168+01:00  INFO 32461 --- [ensam-bibliotheque] [           main] o.s.t.web.servlet.TestDispatcherServlet  : Initializing Servlet ''
2026-06-10T09:16:22.169+01:00  INFO 32461 --- [ensam-bibliotheque] [           main] o.s.t.web.servlet.TestDispatcherServlet  : Completed initialization in 1 ms
2026-06-10T09:16:22.178+01:00  INFO 32461 --- [ensam-bibliotheque] [           main] o.s.m.s.b.SimpleBrokerMessageHandler     : Starting...
2026-06-10T09:16:22.178+01:00  INFO 32461 --- [ensam-bibliotheque] [           main] o.s.m.s.b.SimpleBrokerMessageHandler     : BrokerAvailabilityEvent[available=true, SimpleBrokerMessageHandler [org.springframework.messaging.simp.broker.DefaultSubscriptionRegistry@568a765e]]
2026-06-10T09:16:22.178+01:00  INFO 32461 --- [ensam-bibliotheque] [           main] o.s.m.s.b.SimpleBrokerMessageHandler     : Started.
2026-06-10T09:16:22.182+01:00  INFO 32461 --- [ensam-bibliotheque] [           main] c.e.p.c.UserControllerIntegrationTest    : Started UserControllerIntegrationTest in 1.212 seconds (process running for 64.363)
]]></system-out>
  </testcase>
</testsuite>